<?xml version="1.0" encoding="UTF-8"?>
<robot generator="Robot 5.0.1 (Python 3.10.5 on darwin)" generated="20220729 10:54:10.471" rpa="false" schemaversion="3">
<suite id="s1" name="Dynamic" source="/Users/tusharys/Desktop/pabottest/dynamic">
<suite id="s1-s1" name="Traffic09" source="/Users/tusharys/Desktop/pabottest/dynamic/traffic09.robot">
<test id="s1-s1-t1" name="Open browser with proxy" line="19">
<for flavor="IN">
<var>${user}</var>
<value>@{users}[9:10]</value>
<value>@{websites}[104:208]</value>
<iter>
<var name="${user}">['jan.lineberry@nithin.com', 'Admin@123']</var>
<kw name="Open browser with proxy with user" library="run">
<arg>${user}</arg>
<kw name="Evaluate" library="BuiltIn">
<var>${caps}</var>
<arg>sys.modules['selenium.webdriver'].DesiredCapabilities.CHROME</arg>
<arg>sys, selenium.webdriver</arg>
<doc>Evaluates the given expression in Python and returns the result.</doc>
<msg timestamp="20220729 10:54:12.407" level="INFO">${caps} = {'browserName': 'chrome'}</msg>
<status status="PASS" starttime="20220729 10:54:12.407" endtime="20220729 10:54:12.407"/>
</kw>
<kw name="Create Dictionary" library="BuiltIn">
<var>${proxy}</var>
<arg>proxyType=MANUAL</arg>
<arg>sslProxy=${ip_port}</arg>
<arg>httpProxy=${ip_port}</arg>
<doc>Creates and returns a dictionary based on the given ``items``.</doc>
<msg timestamp="20220729 10:54:12.408" level="INFO">${proxy} = {'proxyType': 'MANUAL', 'sslProxy': '10.66.103.62:50000', 'httpProxy': '10.66.103.62:50000'}</msg>
<status status="PASS" starttime="20220729 10:54:12.407" endtime="20220729 10:54:12.408"/>
</kw>
<kw name="Set To Dictionary" library="Collections">
<arg>${caps}</arg>
<arg>proxy=${proxy}</arg>
<doc>Adds the given ``key_value_pairs`` and ``items`` to the ``dictionary``.</doc>
<status status="PASS" starttime="20220729 10:54:12.408" endtime="20220729 10:54:12.408"/>
</kw>
<kw name="Open Browser" library="SeleniumLibrary">
<arg>https://ip.zscaler.com</arg>
<arg>browser=headlessChrome</arg>
<arg>desired_capabilities=${caps}</arg>
<arg>options=add_argument("--ignore-certificate-errors")</arg>
<doc>Opens a new browser instance to the optional ``url``.</doc>
<msg timestamp="20220729 10:54:12.408" level="INFO">Opening browser 'headlessChrome' to base url 'https://ip.zscaler.com'.</msg>
<status status="PASS" starttime="20220729 10:54:12.408" endtime="20220729 10:54:22.066"/>
</kw>
<kw name="Maximize Browser Window" library="SeleniumLibrary">
<doc>Maximizes current browser window.</doc>
<status status="PASS" starttime="20220729 10:54:22.066" endtime="20220729 10:54:22.170"/>
</kw>
<kw name="Input Text" library="SeleniumLibrary">
<arg>xpath://*[@id="username_input"]</arg>
<arg>${user}[0]</arg>
<doc>Types the given ``text`` into the text field identified by ``locator``.</doc>
<msg timestamp="20220729 10:54:22.171" level="INFO">Typing text 'jan.lineberry@nithin.com' into text field 'xpath://*[@id="username_input"]'.</msg>
<status status="PASS" starttime="20220729 10:54:22.170" endtime="20220729 10:54:22.246"/>
</kw>
<kw name="Click Element" library="SeleniumLibrary">
<arg>xpath:/html/body/div/div/div/form/table[2]/tbody/tr/td/table[1]/tbody/tr[5]/td/table/tbody/tr/td[1]/input</arg>
<doc>Click the element identified by ``locator``.</doc>
<msg timestamp="20220729 10:54:22.246" level="INFO">Clicking element 'xpath:/html/body/div/div/div/form/table[2]/tbody/tr/td/table[1]/tbody/tr[5]/td/table/tbody/tr/td[1]/input'.</msg>
<status status="PASS" starttime="20220729 10:54:22.246" endtime="20220729 10:54:24.160"/>
</kw>
<kw name="Input Text" library="SeleniumLibrary">
<arg>xpath:/html/body/div/div/form/table[2]/tbody/tr/td/table[1]/tbody/tr[2]/td/table/tbody/tr[1]/td/div[2]/table[2]/tbody/tr/td/div/input</arg>
<arg>${user}[1]</arg>
<doc>Types the given ``text`` into the text field identified by ``locator``.</doc>
<msg timestamp="20220729 10:54:24.160" level="INFO">Typing text 'Admin@123' into text field 'xpath:/html/body/div/div/form/table[2]/tbody/tr/td/table[1]/tbody/tr[2]/td/table/tbody/tr[1]/td/div[2]/table[2]/tbody/tr/td/div/input'.</msg>
<status status="PASS" starttime="20220729 10:54:24.160" endtime="20220729 10:54:24.192"/>
</kw>
<kw name="Click Element" library="SeleniumLibrary">
<arg>xpath:/html/body/div/div/form/table[2]/tbody/tr/td/table[1]/tbody/tr[3]/td/input</arg>
<doc>Click the element identified by ``locator``.</doc>
<msg timestamp="20220729 10:54:24.192" level="INFO">Clicking element 'xpath:/html/body/div/div/form/table[2]/tbody/tr/td/table[1]/tbody/tr[3]/td/input'.</msg>
<status status="PASS" starttime="20220729 10:54:24.192" endtime="20220729 10:54:37.518"/>
</kw>
<kw name="Sleep" library="BuiltIn">
<arg>2</arg>
<doc>Pauses the test executed for the given time.</doc>
<msg timestamp="20220729 10:54:39.526" level="INFO">Slept 2 seconds</msg>
<status status="PASS" starttime="20220729 10:54:37.518" endtime="20220729 10:54:39.528"/>
</kw>
<kw name="Evaluate" library="BuiltIn">
<var>${from}</var>
<arg>${counter}*${per_user}</arg>
<doc>Evaluates the given expression in Python and returns the result.</doc>
<msg timestamp="20220729 10:54:39.536" level="INFO">${from} = 0</msg>
<status status="PASS" starttime="20220729 10:54:39.529" endtime="20220729 10:54:39.536"/>
</kw>
<kw name="Evaluate" library="BuiltIn">
<var>${to}</var>
<arg>${counter}*${per_user}+${per_user}</arg>
<doc>Evaluates the given expression in Python and returns the result.</doc>
<msg timestamp="20220729 10:54:39.543" level="INFO">${to} = 102</msg>
<status status="PASS" starttime="20220729 10:54:39.536" endtime="20220729 10:54:39.543"/>
</kw>
<for flavor="IN">
<var>${website}</var>
<value>@{websites}</value>
<iter>
<var name="${website}">http://www.cialis-online.us/</var>
<kw name="Log To Console" library="BuiltIn">
<arg>${website}</arg>
<doc>Logs the given message to the console.</doc>
<status status="PASS" starttime="20220729 10:54:39.544" endtime="20220729 10:54:39.545"/>
</kw>
<kw name="Execute Javascript" library="SeleniumLibrary">
<arg>window.open("${website}")</arg>
<doc>Executes the given JavaScript code with possible arguments.</doc>
<msg timestamp="20220729 10:54:39.547" level="INFO">Executing JavaScript:
window.open("http://www.cialis-online.us/")
Without any arguments.</msg>
<status status="PASS" starttime="20220729 10:54:39.546" endtime="20220729 10:54:39.579"/>
</kw>
<status status="PASS" starttime="20220729 10:54:39.544" endtime="20220729 10:54:39.579"/>
</iter>
<iter>
<var name="${website}">http://www.biendansmavie.fr/</var>
<kw name="Log To Console" library="BuiltIn">
<arg>${website}</arg>
<doc>Logs the given message to the console.</doc>
<status status="PASS" starttime="20220729 10:54:39.579" endtime="20220729 10:54:39.580"/>
</kw>
<kw name="Execute Javascript" library="SeleniumLibrary">
<arg>window.open("${website}")</arg>
<doc>Executes the given JavaScript code with possible arguments.</doc>
<msg timestamp="20220729 10:54:39.580" level="INFO">Executing JavaScript:
window.open("http://www.biendansmavie.fr/")
Without any arguments.</msg>
<status status="PASS" starttime="20220729 10:54:39.580" endtime="20220729 10:54:39.595"/>
</kw>
<status status="PASS" starttime="20220729 10:54:39.579" endtime="20220729 10:54:39.595"/>
</iter>
<iter>
<var name="${website}">http://www.snabbstart.com/</var>
<kw name="Log To Console" library="BuiltIn">
<arg>${website}</arg>
<doc>Logs the given message to the console.</doc>
<status status="PASS" starttime="20220729 10:54:39.595" endtime="20220729 10:54:39.596"/>
</kw>
<kw name="Execute Javascript" library="SeleniumLibrary">
<arg>window.open("${website}")</arg>
<doc>Executes the given JavaScript code with possible arguments.</doc>
<msg timestamp="20220729 10:54:39.596" level="INFO">Executing JavaScript:
window.open("http://www.snabbstart.com/")
Without any arguments.</msg>
<status status="PASS" starttime="20220729 10:54:39.596" endtime="20220729 10:54:39.615"/>
</kw>
<status status="PASS" starttime="20220729 10:54:39.595" endtime="20220729 10:54:39.615"/>
</iter>
<iter>
<var name="${website}">http://ssl-hints.netflame.cc/service/hint?report=3/u/%7Dl%7Dhttp%3A//www.simtel.net/product.php%3Fid%3D94533%7Dhttp%3A//www.simtel.net/product.download.mirrors.php%3Fid%3D94533%7D%7DC103268134%7D2%7Dt...</var>
<kw name="Log To Console" library="BuiltIn">
<arg>${website}</arg>
<doc>Logs the given message to the console.</doc>
<status status="PASS" starttime="20220729 10:54:39.615" endtime="20220729 10:54:39.615"/>
</kw>
<kw name="Execute Javascript" library="SeleniumLibrary">
<arg>window.open("${website}")</arg>
<doc>Executes the given JavaScript code with possible arguments.</doc>
<msg timestamp="20220729 10:54:39.616" level="INFO">Executing JavaScript:
window.open("http://ssl-hints.netflame.cc/service/hint?report=3/u/%7Dl%7Dhttp%3A//www.simtel.net/product.php%3Fid%3D94533%7Dhttp%3A//www.simtel.net/product.download.mirrors.php%3Fid%3D94533%7D%7DC103268134%7D2%7DtInternet%20%20%20Web%20Browser%20Utilities%20%26%20Add-ons%20%20%20Webreaper%2010.0%20Free%20Downloads%20at%20Si%7D6%7D263%7D%7D%7D%7D%7D%7D%7D%7D%7D%7D%7D%7D%7D%7D%7D%7D%7D%7D0%7D%7D%7D269%7D1280x800%7D32%7D1%7D%7D1%7D9&amp;r=0.8331949613035877")
Without any arguments.</msg>
<status status="PASS" starttime="20220729 10:54:39.616" endtime="20220729 10:54:39.646"/>
</kw>
<status status="PASS" starttime="20220729 10:54:39.615" endtime="20220729 10:54:39.647"/>
</iter>
<iter>
<var name="${website}">http://www.funny-city.com/</var>
<kw name="Log To Console" library="BuiltIn">
<arg>${website}</arg>
<doc>Logs the given message to the console.</doc>
<status status="PASS" starttime="20220729 10:54:39.647" endtime="20220729 10:54:39.647"/>
</kw>
<kw name="Execute Javascript" library="SeleniumLibrary">
<arg>window.open("${website}")</arg>
<doc>Executes the given JavaScript code with possible arguments.</doc>
<msg timestamp="20220729 10:54:39.648" level="INFO">Executing JavaScript:
window.open("http://www.funny-city.com/")
Without any arguments.</msg>
<status status="PASS" starttime="20220729 10:54:39.647" endtime="20220729 10:54:39.671"/>
</kw>
<status status="PASS" starttime="20220729 10:54:39.647" endtime="20220729 10:54:39.671"/>
</iter>
<iter>
<var name="${website}">http://www.sklavin-sucht.de/</var>
<kw name="Log To Console" library="BuiltIn">
<arg>${website}</arg>
<doc>Logs the given message to the console.</doc>
<status status="PASS" starttime="20220729 10:54:39.671" endtime="20220729 10:54:39.672"/>
</kw>
<kw name="Execute Javascript" library="SeleniumLibrary">
<arg>window.open("${website}")</arg>
<doc>Executes the given JavaScript code with possible arguments.</doc>
<msg timestamp="20220729 10:54:39.672" level="INFO">Executing JavaScript:
window.open("http://www.sklavin-sucht.de/")
Without any arguments.</msg>
<status status="PASS" starttime="20220729 10:54:39.672" endtime="20220729 10:54:39.702"/>
</kw>
<status status="PASS" starttime="20220729 10:54:39.671" endtime="20220729 10:54:39.702"/>
</iter>
<iter>
<var name="${website}">http://www.pietje.net/</var>
<kw name="Log To Console" library="BuiltIn">
<arg>${website}</arg>
<doc>Logs the given message to the console.</doc>
<status status="PASS" starttime="20220729 10:54:39.704" endtime="20220729 10:54:39.704"/>
</kw>
<kw name="Execute Javascript" library="SeleniumLibrary">
<arg>window.open("${website}")</arg>
<doc>Executes the given JavaScript code with possible arguments.</doc>
<msg timestamp="20220729 10:54:39.705" level="INFO">Executing JavaScript:
window.open("http://www.pietje.net/")
Without any arguments.</msg>
<status status="PASS" starttime="20220729 10:54:39.704" endtime="20220729 10:54:39.734"/>
</kw>
<status status="PASS" starttime="20220729 10:54:39.703" endtime="20220729 10:54:39.734"/>
</iter>
<iter>
<var name="${website}">http://www.le-baron.nl/</var>
<kw name="Log To Console" library="BuiltIn">
<arg>${website}</arg>
<doc>Logs the given message to the console.</doc>
<status status="PASS" starttime="20220729 10:54:39.734" endtime="20220729 10:54:39.734"/>
</kw>
<kw name="Execute Javascript" library="SeleniumLibrary">
<arg>window.open("${website}")</arg>
<doc>Executes the given JavaScript code with possible arguments.</doc>
<msg timestamp="20220729 10:54:39.735" level="INFO">Executing JavaScript:
window.open("http://www.le-baron.nl/")
Without any arguments.</msg>
<status status="PASS" starttime="20220729 10:54:39.734" endtime="20220729 10:54:39.750"/>
</kw>
<status status="PASS" starttime="20220729 10:54:39.734" endtime="20220729 10:54:39.750"/>
</iter>
<iter>
<var name="${website}">http://www.breastgro.nl/</var>
<kw name="Log To Console" library="BuiltIn">
<arg>${website}</arg>
<doc>Logs the given message to the console.</doc>
<status status="PASS" starttime="20220729 10:54:39.751" endtime="20220729 10:54:39.751"/>
</kw>
<kw name="Execute Javascript" library="SeleniumLibrary">
<arg>window.open("${website}")</arg>
<doc>Executes the given JavaScript code with possible arguments.</doc>
<msg timestamp="20220729 10:54:39.751" level="INFO">Executing JavaScript:
window.open("http://www.breastgro.nl/")
Without any arguments.</msg>
<status status="PASS" starttime="20220729 10:54:39.751" endtime="20220729 10:54:39.770"/>
</kw>
<status status="PASS" starttime="20220729 10:54:39.750" endtime="20220729 10:54:39.771"/>
</iter>
<iter>
<var name="${website}">http://www.email2men.com/</var>
<kw name="Log To Console" library="BuiltIn">
<arg>${website}</arg>
<doc>Logs the given message to the console.</doc>
<status status="PASS" starttime="20220729 10:54:39.771" endtime="20220729 10:54:39.771"/>
</kw>
<kw name="Execute Javascript" library="SeleniumLibrary">
<arg>window.open("${website}")</arg>
<doc>Executes the given JavaScript code with possible arguments.</doc>
<msg timestamp="20220729 10:54:39.772" level="INFO">Executing JavaScript:
window.open("http://www.email2men.com/")
Without any arguments.</msg>
<status status="PASS" starttime="20220729 10:54:39.771" endtime="20220729 10:54:39.783"/>
</kw>
<status status="PASS" starttime="20220729 10:54:39.771" endtime="20220729 10:54:39.783"/>
</iter>
<iter>
<var name="${website}">http://quintessence-guild.com/site/</var>
<kw name="Log To Console" library="BuiltIn">
<arg>${website}</arg>
<doc>Logs the given message to the console.</doc>
<status status="PASS" starttime="20220729 10:54:39.783" endtime="20220729 10:54:39.783"/>
</kw>
<kw name="Execute Javascript" library="SeleniumLibrary">
<arg>window.open("${website}")</arg>
<doc>Executes the given JavaScript code with possible arguments.</doc>
<msg timestamp="20220729 10:54:39.787" level="INFO">Executing JavaScript:
window.open("http://quintessence-guild.com/site/")
Without any arguments.</msg>
<status status="PASS" starttime="20220729 10:54:39.784" endtime="20220729 10:54:39.802"/>
</kw>
<status status="PASS" starttime="20220729 10:54:39.783" endtime="20220729 10:54:39.802"/>
</iter>
<iter>
<var name="${website}">http://www.provisionssoftware.com/</var>
<kw name="Log To Console" library="BuiltIn">
<arg>${website}</arg>
<doc>Logs the given message to the console.</doc>
<status status="PASS" starttime="20220729 10:54:39.802" endtime="20220729 10:54:39.804"/>
</kw>
<kw name="Execute Javascript" library="SeleniumLibrary">
<arg>window.open("${website}")</arg>
<doc>Executes the given JavaScript code with possible arguments.</doc>
<msg timestamp="20220729 10:54:39.804" level="INFO">Executing JavaScript:
window.open("http://www.provisionssoftware.com/")
Without any arguments.</msg>
<status status="PASS" starttime="20220729 10:54:39.804" endtime="20220729 10:54:39.818"/>
</kw>
<status status="PASS" starttime="20220729 10:54:39.802" endtime="20220729 10:54:39.818"/>
</iter>
<iter>
<var name="${website}">http://www.gunsperu.net/</var>
<kw name="Log To Console" library="BuiltIn">
<arg>${website}</arg>
<doc>Logs the given message to the console.</doc>
<status status="PASS" starttime="20220729 10:54:39.818" endtime="20220729 10:54:39.818"/>
</kw>
<kw name="Execute Javascript" library="SeleniumLibrary">
<arg>window.open("${website}")</arg>
<doc>Executes the given JavaScript code with possible arguments.</doc>
<msg timestamp="20220729 10:54:39.819" level="INFO">Executing JavaScript:
window.open("http://www.gunsperu.net/")
Without any arguments.</msg>
<status status="PASS" starttime="20220729 10:54:39.818" endtime="20220729 10:54:39.835"/>
</kw>
<status status="PASS" starttime="20220729 10:54:39.818" endtime="20220729 10:54:39.835"/>
</iter>
<iter>
<var name="${website}">http://www.brothersoft.com/softsale/js/bshtml.php?filename=top_728_80</var>
<kw name="Log To Console" library="BuiltIn">
<arg>${website}</arg>
<doc>Logs the given message to the console.</doc>
<status status="PASS" starttime="20220729 10:54:39.835" endtime="20220729 10:54:39.836"/>
</kw>
<kw name="Execute Javascript" library="SeleniumLibrary">
<arg>window.open("${website}")</arg>
<doc>Executes the given JavaScript code with possible arguments.</doc>
<msg timestamp="20220729 10:54:39.836" level="INFO">Executing JavaScript:
window.open("http://www.brothersoft.com/softsale/js/bshtml.php?filename=top_728_80")
Without any arguments.</msg>
<status status="PASS" starttime="20220729 10:54:39.836" endtime="20220729 10:54:39.849"/>
</kw>
<status status="PASS" starttime="20220729 10:54:39.835" endtime="20220729 10:54:39.849"/>
</iter>
<iter>
<var name="${website}">http://www.teranews.net/</var>
<kw name="Log To Console" library="BuiltIn">
<arg>${website}</arg>
<doc>Logs the given message to the console.</doc>
<status status="PASS" starttime="20220729 10:54:39.849" endtime="20220729 10:54:39.850"/>
</kw>
<kw name="Execute Javascript" library="SeleniumLibrary">
<arg>window.open("${website}")</arg>
<doc>Executes the given JavaScript code with possible arguments.</doc>
<msg timestamp="20220729 10:54:39.850" level="INFO">Executing JavaScript:
window.open("http://www.teranews.net/")
Without any arguments.</msg>
<status status="PASS" starttime="20220729 10:54:39.850" endtime="20220729 10:54:39.858"/>
</kw>
<status status="PASS" starttime="20220729 10:54:39.849" endtime="20220729 10:54:39.858"/>
</iter>
<iter>
<var name="${website}">http://www.iwant-love.com/</var>
<kw name="Log To Console" library="BuiltIn">
<arg>${website}</arg>
<doc>Logs the given message to the console.</doc>
<status status="PASS" starttime="20220729 10:54:39.858" endtime="20220729 10:54:39.875"/>
</kw>
<kw name="Execute Javascript" library="SeleniumLibrary">
<arg>window.open("${website}")</arg>
<doc>Executes the given JavaScript code with possible arguments.</doc>
<msg timestamp="20220729 10:54:39.876" level="INFO">Executing JavaScript:
window.open("http://www.iwant-love.com/")
Without any arguments.</msg>
<status status="PASS" starttime="20220729 10:54:39.875" endtime="20220729 10:54:39.882"/>
</kw>
<status status="PASS" starttime="20220729 10:54:39.858" endtime="20220729 10:54:39.882"/>
</iter>
<iter>
<var name="${website}">http://www.doublecrossmovie.com/</var>
<kw name="Log To Console" library="BuiltIn">
<arg>${website}</arg>
<doc>Logs the given message to the console.</doc>
<status status="PASS" starttime="20220729 10:54:39.883" endtime="20220729 10:54:39.894"/>
</kw>
<kw name="Execute Javascript" library="SeleniumLibrary">
<arg>window.open("${website}")</arg>
<doc>Executes the given JavaScript code with possible arguments.</doc>
<msg timestamp="20220729 10:54:39.895" level="INFO">Executing JavaScript:
window.open("http://www.doublecrossmovie.com/")
Without any arguments.</msg>
<status status="PASS" starttime="20220729 10:54:39.894" endtime="20220729 10:54:39.902"/>
</kw>
<status status="PASS" starttime="20220729 10:54:39.883" endtime="20220729 10:54:39.902"/>
</iter>
<iter>
<var name="${website}">http://www.bordellofantasies.com/</var>
<kw name="Log To Console" library="BuiltIn">
<arg>${website}</arg>
<doc>Logs the given message to the console.</doc>
<status status="PASS" starttime="20220729 10:54:39.902" endtime="20220729 10:54:39.913"/>
</kw>
<kw name="Execute Javascript" library="SeleniumLibrary">
<arg>window.open("${website}")</arg>
<doc>Executes the given JavaScript code with possible arguments.</doc>
<msg timestamp="20220729 10:54:39.914" level="INFO">Executing JavaScript:
window.open("http://www.bordellofantasies.com/")
Without any arguments.</msg>
<status status="PASS" starttime="20220729 10:54:39.914" endtime="20220729 10:54:39.926"/>
</kw>
<status status="PASS" starttime="20220729 10:54:39.902" endtime="20220729 10:54:39.926"/>
</iter>
<iter>
<var name="${website}">http://www.esel-farm.de/</var>
<kw name="Log To Console" library="BuiltIn">
<arg>${website}</arg>
<doc>Logs the given message to the console.</doc>
<status status="PASS" starttime="20220729 10:54:39.927" endtime="20220729 10:54:39.928"/>
</kw>
<kw name="Execute Javascript" library="SeleniumLibrary">
<arg>window.open("${website}")</arg>
<doc>Executes the given JavaScript code with possible arguments.</doc>
<msg timestamp="20220729 10:54:39.932" level="INFO">Executing JavaScript:
window.open("http://www.esel-farm.de/")
Without any arguments.</msg>
<status status="PASS" starttime="20220729 10:54:39.928" endtime="20220729 10:54:39.959"/>
</kw>
<status status="PASS" starttime="20220729 10:54:39.927" endtime="20220729 10:54:39.959"/>
</iter>
<iter>
<var name="${website}">http://www.gaypimp.com/</var>
<kw name="Log To Console" library="BuiltIn">
<arg>${website}</arg>
<doc>Logs the given message to the console.</doc>
<status status="PASS" starttime="20220729 10:54:39.960" endtime="20220729 10:54:39.967"/>
</kw>
<kw name="Execute Javascript" library="SeleniumLibrary">
<arg>window.open("${website}")</arg>
<doc>Executes the given JavaScript code with possible arguments.</doc>
<msg timestamp="20220729 10:54:39.968" level="INFO">Executing JavaScript:
window.open("http://www.gaypimp.com/")
Without any arguments.</msg>
<status status="PASS" starttime="20220729 10:54:39.968" endtime="20220729 10:54:39.982"/>
</kw>
<status status="PASS" starttime="20220729 10:54:39.959" endtime="20220729 10:54:39.982"/>
</iter>
<iter>
<var name="${website}">http://oxone2.free.fr/</var>
<kw name="Log To Console" library="BuiltIn">
<arg>${website}</arg>
<doc>Logs the given message to the console.</doc>
<status status="PASS" starttime="20220729 10:54:39.982" endtime="20220729 10:54:39.988"/>
</kw>
<kw name="Execute Javascript" library="SeleniumLibrary">
<arg>window.open("${website}")</arg>
<doc>Executes the given JavaScript code with possible arguments.</doc>
<msg timestamp="20220729 10:54:39.989" level="INFO">Executing JavaScript:
window.open("http://oxone2.free.fr/")
Without any arguments.</msg>
<status status="PASS" starttime="20220729 10:54:39.988" endtime="20220729 10:54:40.006"/>
</kw>
<status status="PASS" starttime="20220729 10:54:39.982" endtime="20220729 10:54:40.006"/>
</iter>
<iter>
<var name="${website}">http://www.notsopc.com/</var>
<kw name="Log To Console" library="BuiltIn">
<arg>${website}</arg>
<doc>Logs the given message to the console.</doc>
<status status="PASS" starttime="20220729 10:54:40.006" endtime="20220729 10:54:40.009"/>
</kw>
<kw name="Execute Javascript" library="SeleniumLibrary">
<arg>window.open("${website}")</arg>
<doc>Executes the given JavaScript code with possible arguments.</doc>
<msg timestamp="20220729 10:54:40.010" level="INFO">Executing JavaScript:
window.open("http://www.notsopc.com/")
Without any arguments.</msg>
<status status="PASS" starttime="20220729 10:54:40.009" endtime="20220729 10:54:40.026"/>
</kw>
<status status="PASS" starttime="20220729 10:54:40.006" endtime="20220729 10:54:40.026"/>
</iter>
<iter>
<var name="${website}">http://www.diceext.com/utility2007/ostg.xml?cacheKiller=1207788546663</var>
<kw name="Log To Console" library="BuiltIn">
<arg>${website}</arg>
<doc>Logs the given message to the console.</doc>
<status status="PASS" starttime="20220729 10:54:40.026" endtime="20220729 10:54:40.026"/>
</kw>
<kw name="Execute Javascript" library="SeleniumLibrary">
<arg>window.open("${website}")</arg>
<doc>Executes the given JavaScript code with possible arguments.</doc>
<msg timestamp="20220729 10:54:40.027" level="INFO">Executing JavaScript:
window.open("http://www.diceext.com/utility2007/ostg.xml?cacheKiller=1207788546663")
Without any arguments.</msg>
<status status="PASS" starttime="20220729 10:54:40.026" endtime="20220729 10:54:40.039"/>
</kw>
<status status="PASS" starttime="20220729 10:54:40.026" endtime="20220729 10:54:40.039"/>
</iter>
<iter>
<var name="${website}">http://www.westcoastmale.com/</var>
<kw name="Log To Console" library="BuiltIn">
<arg>${website}</arg>
<doc>Logs the given message to the console.</doc>
<status status="PASS" starttime="20220729 10:54:40.040" endtime="20220729 10:54:40.041"/>
</kw>
<kw name="Execute Javascript" library="SeleniumLibrary">
<arg>window.open("${website}")</arg>
<doc>Executes the given JavaScript code with possible arguments.</doc>
<msg timestamp="20220729 10:54:40.047" level="INFO">Executing JavaScript:
window.open("http://www.westcoastmale.com/")
Without any arguments.</msg>
<status status="PASS" starttime="20220729 10:54:40.041" endtime="20220729 10:54:40.063"/>
</kw>
<status status="PASS" starttime="20220729 10:54:40.039" endtime="20220729 10:54:40.063"/>
</iter>
<iter>
<var name="${website}">http://gomp.net/</var>
<kw name="Log To Console" library="BuiltIn">
<arg>${website}</arg>
<doc>Logs the given message to the console.</doc>
<status status="PASS" starttime="20220729 10:54:40.064" endtime="20220729 10:54:40.068"/>
</kw>
<kw name="Execute Javascript" library="SeleniumLibrary">
<arg>window.open("${website}")</arg>
<doc>Executes the given JavaScript code with possible arguments.</doc>
<msg timestamp="20220729 10:54:40.068" level="INFO">Executing JavaScript:
window.open("http://gomp.net/")
Without any arguments.</msg>
<status status="PASS" starttime="20220729 10:54:40.068" endtime="20220729 10:54:40.085"/>
</kw>
<status status="PASS" starttime="20220729 10:54:40.063" endtime="20220729 10:54:40.085"/>
</iter>
<iter>
<var name="${website}">http://www.vroosh.com/search/adult-chat.html</var>
<kw name="Log To Console" library="BuiltIn">
<arg>${website}</arg>
<doc>Logs the given message to the console.</doc>
<status status="PASS" starttime="20220729 10:54:40.085" endtime="20220729 10:54:40.085"/>
</kw>
<kw name="Execute Javascript" library="SeleniumLibrary">
<arg>window.open("${website}")</arg>
<doc>Executes the given JavaScript code with possible arguments.</doc>
<msg timestamp="20220729 10:54:40.086" level="INFO">Executing JavaScript:
window.open("http://www.vroosh.com/search/adult-chat.html")
Without any arguments.</msg>
<status status="PASS" starttime="20220729 10:54:40.085" endtime="20220729 10:54:40.098"/>
</kw>
<status status="PASS" starttime="20220729 10:54:40.085" endtime="20220729 10:54:40.099"/>
</iter>
<iter>
<var name="${website}">http://www.diceext.com/utility2007/ostg.xml?cacheKiller=1207788780186</var>
<kw name="Log To Console" library="BuiltIn">
<arg>${website}</arg>
<doc>Logs the given message to the console.</doc>
<status status="PASS" starttime="20220729 10:54:40.099" endtime="20220729 10:54:40.099"/>
</kw>
<kw name="Execute Javascript" library="SeleniumLibrary">
<arg>window.open("${website}")</arg>
<doc>Executes the given JavaScript code with possible arguments.</doc>
<msg timestamp="20220729 10:54:40.100" level="INFO">Executing JavaScript:
window.open("http://www.diceext.com/utility2007/ostg.xml?cacheKiller=1207788780186")
Without any arguments.</msg>
<status status="PASS" starttime="20220729 10:54:40.100" endtime="20220729 10:54:40.119"/>
</kw>
<status status="PASS" starttime="20220729 10:54:40.099" endtime="20220729 10:54:40.119"/>
</iter>
<iter>
<var name="${website}">http://www.clubelregio.com/</var>
<kw name="Log To Console" library="BuiltIn">
<arg>${website}</arg>
<doc>Logs the given message to the console.</doc>
<status status="PASS" starttime="20220729 10:54:40.119" endtime="20220729 10:54:40.120"/>
</kw>
<kw name="Execute Javascript" library="SeleniumLibrary">
<arg>window.open("${website}")</arg>
<doc>Executes the given JavaScript code with possible arguments.</doc>
<msg timestamp="20220729 10:54:40.120" level="INFO">Executing JavaScript:
window.open("http://www.clubelregio.com/")
Without any arguments.</msg>
<status status="PASS" starttime="20220729 10:54:40.120" endtime="20220729 10:54:40.133"/>
</kw>
<status status="PASS" starttime="20220729 10:54:40.119" endtime="20220729 10:54:40.134"/>
</iter>
<iter>
<var name="${website}">http://www.ungratefulninja.com/</var>
<kw name="Log To Console" library="BuiltIn">
<arg>${website}</arg>
<doc>Logs the given message to the console.</doc>
<status status="PASS" starttime="20220729 10:54:40.134" endtime="20220729 10:54:40.134"/>
</kw>
<kw name="Execute Javascript" library="SeleniumLibrary">
<arg>window.open("${website}")</arg>
<doc>Executes the given JavaScript code with possible arguments.</doc>
<msg timestamp="20220729 10:54:40.135" level="INFO">Executing JavaScript:
window.open("http://www.ungratefulninja.com/")
Without any arguments.</msg>
<status status="PASS" starttime="20220729 10:54:40.134" endtime="20220729 10:54:40.151"/>
</kw>
<status status="PASS" starttime="20220729 10:54:40.134" endtime="20220729 10:54:40.151"/>
</iter>
<iter>
<var name="${website}">http://www.code666.com/</var>
<kw name="Log To Console" library="BuiltIn">
<arg>${website}</arg>
<doc>Logs the given message to the console.</doc>
<status status="PASS" starttime="20220729 10:54:40.151" endtime="20220729 10:54:40.151"/>
</kw>
<kw name="Execute Javascript" library="SeleniumLibrary">
<arg>window.open("${website}")</arg>
<doc>Executes the given JavaScript code with possible arguments.</doc>
<msg timestamp="20220729 10:54:40.152" level="INFO">Executing JavaScript:
window.open("http://www.code666.com/")
Without any arguments.</msg>
<status status="PASS" starttime="20220729 10:54:40.151" endtime="20220729 10:54:40.167"/>
</kw>
<status status="PASS" starttime="20220729 10:54:40.151" endtime="20220729 10:54:40.167"/>
</iter>
<iter>
<var name="${website}">http://www.gamdongflash.com/</var>
<kw name="Log To Console" library="BuiltIn">
<arg>${website}</arg>
<doc>Logs the given message to the console.</doc>
<status status="PASS" starttime="20220729 10:54:40.167" endtime="20220729 10:54:40.168"/>
</kw>
<kw name="Execute Javascript" library="SeleniumLibrary">
<arg>window.open("${website}")</arg>
<doc>Executes the given JavaScript code with possible arguments.</doc>
<msg timestamp="20220729 10:54:40.168" level="INFO">Executing JavaScript:
window.open("http://www.gamdongflash.com/")
Without any arguments.</msg>
<status status="PASS" starttime="20220729 10:54:40.168" endtime="20220729 10:54:40.190"/>
</kw>
<status status="PASS" starttime="20220729 10:54:40.167" endtime="20220729 10:54:40.190"/>
</iter>
<iter>
<var name="${website}">http://www.ellington-photo.com/</var>
<kw name="Log To Console" library="BuiltIn">
<arg>${website}</arg>
<doc>Logs the given message to the console.</doc>
<status status="PASS" starttime="20220729 10:54:40.191" endtime="20220729 10:54:40.191"/>
</kw>
<kw name="Execute Javascript" library="SeleniumLibrary">
<arg>window.open("${website}")</arg>
<doc>Executes the given JavaScript code with possible arguments.</doc>
<msg timestamp="20220729 10:54:40.191" level="INFO">Executing JavaScript:
window.open("http://www.ellington-photo.com/")
Without any arguments.</msg>
<status status="PASS" starttime="20220729 10:54:40.191" endtime="20220729 10:54:40.202"/>
</kw>
<status status="PASS" starttime="20220729 10:54:40.190" endtime="20220729 10:54:40.202"/>
</iter>
<iter>
<var name="${website}">http://www.enronarcade.com/</var>
<kw name="Log To Console" library="BuiltIn">
<arg>${website}</arg>
<doc>Logs the given message to the console.</doc>
<status status="PASS" starttime="20220729 10:54:40.208" endtime="20220729 10:54:40.208"/>
</kw>
<kw name="Execute Javascript" library="SeleniumLibrary">
<arg>window.open("${website}")</arg>
<doc>Executes the given JavaScript code with possible arguments.</doc>
<msg timestamp="20220729 10:54:40.209" level="INFO">Executing JavaScript:
window.open("http://www.enronarcade.com/")
Without any arguments.</msg>
<status status="PASS" starttime="20220729 10:54:40.208" endtime="20220729 10:54:40.229"/>
</kw>
<status status="PASS" starttime="20220729 10:54:40.205" endtime="20220729 10:54:40.232"/>
</iter>
<iter>
<var name="${website}">http://www.redeight.com/</var>
<kw name="Log To Console" library="BuiltIn">
<arg>${website}</arg>
<doc>Logs the given message to the console.</doc>
<status status="PASS" starttime="20220729 10:54:40.232" endtime="20220729 10:54:40.232"/>
</kw>
<kw name="Execute Javascript" library="SeleniumLibrary">
<arg>window.open("${website}")</arg>
<doc>Executes the given JavaScript code with possible arguments.</doc>
<msg timestamp="20220729 10:54:40.235" level="INFO">Executing JavaScript:
window.open("http://www.redeight.com/")
Without any arguments.</msg>
<status status="PASS" starttime="20220729 10:54:40.234" endtime="20220729 10:54:40.248"/>
</kw>
<status status="PASS" starttime="20220729 10:54:40.232" endtime="20220729 10:54:40.248"/>
</iter>
<iter>
<var name="${website}">http://www.brownstonebooks.com/</var>
<kw name="Log To Console" library="BuiltIn">
<arg>${website}</arg>
<doc>Logs the given message to the console.</doc>
<status status="PASS" starttime="20220729 10:54:40.248" endtime="20220729 10:54:40.248"/>
</kw>
<kw name="Execute Javascript" library="SeleniumLibrary">
<arg>window.open("${website}")</arg>
<doc>Executes the given JavaScript code with possible arguments.</doc>
<msg timestamp="20220729 10:54:40.249" level="INFO">Executing JavaScript:
window.open("http://www.brownstonebooks.com/")
Without any arguments.</msg>
<status status="PASS" starttime="20220729 10:54:40.249" endtime="20220729 10:54:40.260"/>
</kw>
<status status="PASS" starttime="20220729 10:54:40.248" endtime="20220729 10:54:40.261"/>
</iter>
<iter>
<var name="${website}">http://www.jennspassions.com/</var>
<kw name="Log To Console" library="BuiltIn">
<arg>${website}</arg>
<doc>Logs the given message to the console.</doc>
<status status="PASS" starttime="20220729 10:54:40.261" endtime="20220729 10:54:40.264"/>
</kw>
<kw name="Execute Javascript" library="SeleniumLibrary">
<arg>window.open("${website}")</arg>
<doc>Executes the given JavaScript code with possible arguments.</doc>
<msg timestamp="20220729 10:54:40.264" level="INFO">Executing JavaScript:
window.open("http://www.jennspassions.com/")
Without any arguments.</msg>
<status status="PASS" starttime="20220729 10:54:40.264" endtime="20220729 10:54:40.277"/>
</kw>
<status status="PASS" starttime="20220729 10:54:40.261" endtime="20220729 10:54:40.277"/>
</iter>
<iter>
<var name="${website}">http://blog.machaqueso.cl/</var>
<kw name="Log To Console" library="BuiltIn">
<arg>${website}</arg>
<doc>Logs the given message to the console.</doc>
<status status="PASS" starttime="20220729 10:54:40.277" endtime="20220729 10:54:40.278"/>
</kw>
<kw name="Execute Javascript" library="SeleniumLibrary">
<arg>window.open("${website}")</arg>
<doc>Executes the given JavaScript code with possible arguments.</doc>
<msg timestamp="20220729 10:54:40.278" level="INFO">Executing JavaScript:
window.open("http://blog.machaqueso.cl/")
Without any arguments.</msg>
<status status="PASS" starttime="20220729 10:54:40.278" endtime="20220729 10:54:40.294"/>
</kw>
<status status="PASS" starttime="20220729 10:54:40.277" endtime="20220729 10:54:40.294"/>
</iter>
<iter>
<var name="${website}">http://www.xcashnetwork.com/</var>
<kw name="Log To Console" library="BuiltIn">
<arg>${website}</arg>
<doc>Logs the given message to the console.</doc>
<status status="PASS" starttime="20220729 10:54:40.295" endtime="20220729 10:54:40.295"/>
</kw>
<kw name="Execute Javascript" library="SeleniumLibrary">
<arg>window.open("${website}")</arg>
<doc>Executes the given JavaScript code with possible arguments.</doc>
<msg timestamp="20220729 10:54:40.295" level="INFO">Executing JavaScript:
window.open("http://www.xcashnetwork.com/")
Without any arguments.</msg>
<status status="PASS" starttime="20220729 10:54:40.295" endtime="20220729 10:54:40.310"/>
</kw>
<status status="PASS" starttime="20220729 10:54:40.295" endtime="20220729 10:54:40.310"/>
</iter>
<iter>
<var name="${website}">http://www.eselpsychos.to/</var>
<kw name="Log To Console" library="BuiltIn">
<arg>${website}</arg>
<doc>Logs the given message to the console.</doc>
<status status="PASS" starttime="20220729 10:54:40.311" endtime="20220729 10:54:40.311"/>
</kw>
<kw name="Execute Javascript" library="SeleniumLibrary">
<arg>window.open("${website}")</arg>
<doc>Executes the given JavaScript code with possible arguments.</doc>
<msg timestamp="20220729 10:54:40.311" level="INFO">Executing JavaScript:
window.open("http://www.eselpsychos.to/")
Without any arguments.</msg>
<status status="PASS" starttime="20220729 10:54:40.311" endtime="20220729 10:54:40.330"/>
</kw>
<status status="PASS" starttime="20220729 10:54:40.310" endtime="20220729 10:54:40.330"/>
</iter>
<iter>
<var name="${website}">http://www.zorrorpg.com/</var>
<kw name="Log To Console" library="BuiltIn">
<arg>${website}</arg>
<doc>Logs the given message to the console.</doc>
<status status="PASS" starttime="20220729 10:54:40.330" endtime="20220729 10:54:40.331"/>
</kw>
<kw name="Execute Javascript" library="SeleniumLibrary">
<arg>window.open("${website}")</arg>
<doc>Executes the given JavaScript code with possible arguments.</doc>
<msg timestamp="20220729 10:54:40.331" level="INFO">Executing JavaScript:
window.open("http://www.zorrorpg.com/")
Without any arguments.</msg>
<status status="PASS" starttime="20220729 10:54:40.331" endtime="20220729 10:54:40.345"/>
</kw>
<status status="PASS" starttime="20220729 10:54:40.330" endtime="20220729 10:54:40.346"/>
</iter>
<iter>
<var name="${website}">http://www.game-doctor.com/</var>
<kw name="Log To Console" library="BuiltIn">
<arg>${website}</arg>
<doc>Logs the given message to the console.</doc>
<status status="PASS" starttime="20220729 10:54:40.347" endtime="20220729 10:54:40.348"/>
</kw>
<kw name="Execute Javascript" library="SeleniumLibrary">
<arg>window.open("${website}")</arg>
<doc>Executes the given JavaScript code with possible arguments.</doc>
<msg timestamp="20220729 10:54:40.348" level="INFO">Executing JavaScript:
window.open("http://www.game-doctor.com/")
Without any arguments.</msg>
<status status="PASS" starttime="20220729 10:54:40.348" endtime="20220729 10:54:40.362"/>
</kw>
<status status="PASS" starttime="20220729 10:54:40.346" endtime="20220729 10:54:40.362"/>
</iter>
<iter>
<var name="${website}">http://www.fmacro.com/</var>
<kw name="Log To Console" library="BuiltIn">
<arg>${website}</arg>
<doc>Logs the given message to the console.</doc>
<status status="PASS" starttime="20220729 10:54:40.362" endtime="20220729 10:54:40.362"/>
</kw>
<kw name="Execute Javascript" library="SeleniumLibrary">
<arg>window.open("${website}")</arg>
<doc>Executes the given JavaScript code with possible arguments.</doc>
<msg timestamp="20220729 10:54:40.363" level="INFO">Executing JavaScript:
window.open("http://www.fmacro.com/")
Without any arguments.</msg>
<status status="PASS" starttime="20220729 10:54:40.362" endtime="20220729 10:54:40.373"/>
</kw>
<status status="PASS" starttime="20220729 10:54:40.362" endtime="20220729 10:54:40.373"/>
</iter>
<iter>
<var name="${website}">http://www.viagravata.com.br/</var>
<kw name="Log To Console" library="BuiltIn">
<arg>${website}</arg>
<doc>Logs the given message to the console.</doc>
<status status="PASS" starttime="20220729 10:54:40.373" endtime="20220729 10:54:40.373"/>
</kw>
<kw name="Execute Javascript" library="SeleniumLibrary">
<arg>window.open("${website}")</arg>
<doc>Executes the given JavaScript code with possible arguments.</doc>
<msg timestamp="20220729 10:54:40.374" level="INFO">Executing JavaScript:
window.open("http://www.viagravata.com.br/")
Without any arguments.</msg>
<status status="PASS" starttime="20220729 10:54:40.374" endtime="20220729 10:54:40.387"/>
</kw>
<status status="PASS" starttime="20220729 10:54:40.373" endtime="20220729 10:54:40.387"/>
</iter>
<iter>
<var name="${website}">http://www.drawn-cash.com/</var>
<kw name="Log To Console" library="BuiltIn">
<arg>${website}</arg>
<doc>Logs the given message to the console.</doc>
<status status="PASS" starttime="20220729 10:54:40.388" endtime="20220729 10:54:40.389"/>
</kw>
<kw name="Execute Javascript" library="SeleniumLibrary">
<arg>window.open("${website}")</arg>
<doc>Executes the given JavaScript code with possible arguments.</doc>
<msg timestamp="20220729 10:54:40.389" level="INFO">Executing JavaScript:
window.open("http://www.drawn-cash.com/")
Without any arguments.</msg>
<status status="PASS" starttime="20220729 10:54:40.389" endtime="20220729 10:54:40.405"/>
</kw>
<status status="PASS" starttime="20220729 10:54:40.387" endtime="20220729 10:54:40.406"/>
</iter>
<iter>
<var name="${website}">http://res.businessweek.com/scripts/swfobject.js</var>
<kw name="Log To Console" library="BuiltIn">
<arg>${website}</arg>
<doc>Logs the given message to the console.</doc>
<status status="PASS" starttime="20220729 10:54:40.406" endtime="20220729 10:54:40.407"/>
</kw>
<kw name="Execute Javascript" library="SeleniumLibrary">
<arg>window.open("${website}")</arg>
<doc>Executes the given JavaScript code with possible arguments.</doc>
<msg timestamp="20220729 10:54:40.407" level="INFO">Executing JavaScript:
window.open("http://res.businessweek.com/scripts/swfobject.js")
Without any arguments.</msg>
<status status="PASS" starttime="20220729 10:54:40.407" endtime="20220729 10:54:40.424"/>
</kw>
<status status="PASS" starttime="20220729 10:54:40.406" endtime="20220729 10:54:40.425"/>
</iter>
<iter>
<var name="${website}">http://www.warof1812game.com/</var>
<kw name="Log To Console" library="BuiltIn">
<arg>${website}</arg>
<doc>Logs the given message to the console.</doc>
<status status="PASS" starttime="20220729 10:54:40.425" endtime="20220729 10:54:40.425"/>
</kw>
<kw name="Execute Javascript" library="SeleniumLibrary">
<arg>window.open("${website}")</arg>
<doc>Executes the given JavaScript code with possible arguments.</doc>
<msg timestamp="20220729 10:54:40.433" level="INFO">Executing JavaScript:
window.open("http://www.warof1812game.com/")
Without any arguments.</msg>
<status status="PASS" starttime="20220729 10:54:40.425" endtime="20220729 10:54:40.455"/>
</kw>
<status status="PASS" starttime="20220729 10:54:40.425" endtime="20220729 10:54:40.455"/>
</iter>
<iter>
<var name="${website}">http://www.adultbarn.com/</var>
<kw name="Log To Console" library="BuiltIn">
<arg>${website}</arg>
<doc>Logs the given message to the console.</doc>
<status status="PASS" starttime="20220729 10:54:40.457" endtime="20220729 10:54:40.457"/>
</kw>
<kw name="Execute Javascript" library="SeleniumLibrary">
<arg>window.open("${website}")</arg>
<doc>Executes the given JavaScript code with possible arguments.</doc>
<msg timestamp="20220729 10:54:40.457" level="INFO">Executing JavaScript:
window.open("http://www.adultbarn.com/")
Without any arguments.</msg>
<status status="PASS" starttime="20220729 10:54:40.457" endtime="20220729 10:54:40.493"/>
</kw>
<status status="PASS" starttime="20220729 10:54:40.455" endtime="20220729 10:54:40.494"/>
</iter>
<iter>
<var name="${website}">http://www.verydodgy.com/</var>
<kw name="Log To Console" library="BuiltIn">
<arg>${website}</arg>
<doc>Logs the given message to the console.</doc>
<status status="PASS" starttime="20220729 10:54:40.494" endtime="20220729 10:54:40.495"/>
</kw>
<kw name="Execute Javascript" library="SeleniumLibrary">
<arg>window.open("${website}")</arg>
<doc>Executes the given JavaScript code with possible arguments.</doc>
<msg timestamp="20220729 10:54:40.499" level="INFO">Executing JavaScript:
window.open("http://www.verydodgy.com/")
Without any arguments.</msg>
<status status="PASS" starttime="20220729 10:54:40.496" endtime="20220729 10:54:40.517"/>
</kw>
<status status="PASS" starttime="20220729 10:54:40.494" endtime="20220729 10:54:40.518"/>
</iter>
<iter>
<var name="${website}">http://www.spicnspanishtv.com/</var>
<kw name="Log To Console" library="BuiltIn">
<arg>${website}</arg>
<doc>Logs the given message to the console.</doc>
<status status="PASS" starttime="20220729 10:54:40.518" endtime="20220729 10:54:40.518"/>
</kw>
<kw name="Execute Javascript" library="SeleniumLibrary">
<arg>window.open("${website}")</arg>
<doc>Executes the given JavaScript code with possible arguments.</doc>
<msg timestamp="20220729 10:54:40.518" level="INFO">Executing JavaScript:
window.open("http://www.spicnspanishtv.com/")
Without any arguments.</msg>
<status status="PASS" starttime="20220729 10:54:40.518" endtime="20220729 10:54:40.535"/>
</kw>
<status status="PASS" starttime="20220729 10:54:40.518" endtime="20220729 10:54:40.535"/>
</iter>
<iter>
<var name="${website}">http://oxone2.free.fr/</var>
<kw name="Log To Console" library="BuiltIn">
<arg>${website}</arg>
<doc>Logs the given message to the console.</doc>
<status status="PASS" starttime="20220729 10:54:40.536" endtime="20220729 10:54:40.536"/>
</kw>
<kw name="Execute Javascript" library="SeleniumLibrary">
<arg>window.open("${website}")</arg>
<doc>Executes the given JavaScript code with possible arguments.</doc>
<msg timestamp="20220729 10:54:40.536" level="INFO">Executing JavaScript:
window.open("http://oxone2.free.fr/")
Without any arguments.</msg>
<status status="PASS" starttime="20220729 10:54:40.536" endtime="20220729 10:54:40.542"/>
</kw>
<status status="PASS" starttime="20220729 10:54:40.536" endtime="20220729 10:54:40.543"/>
</iter>
<iter>
<var name="${website}">http://www.dssmafia.com/</var>
<kw name="Log To Console" library="BuiltIn">
<arg>${website}</arg>
<doc>Logs the given message to the console.</doc>
<status status="PASS" starttime="20220729 10:54:40.543" endtime="20220729 10:54:40.543"/>
</kw>
<kw name="Execute Javascript" library="SeleniumLibrary">
<arg>window.open("${website}")</arg>
<doc>Executes the given JavaScript code with possible arguments.</doc>
<msg timestamp="20220729 10:54:40.543" level="INFO">Executing JavaScript:
window.open("http://www.dssmafia.com/")
Without any arguments.</msg>
<status status="PASS" starttime="20220729 10:54:40.543" endtime="20220729 10:54:40.562"/>
</kw>
<status status="PASS" starttime="20220729 10:54:40.543" endtime="20220729 10:54:40.563"/>
</iter>
<iter>
<var name="${website}">http://www.machpsp.com/us/</var>
<kw name="Log To Console" library="BuiltIn">
<arg>${website}</arg>
<doc>Logs the given message to the console.</doc>
<status status="PASS" starttime="20220729 10:54:40.563" endtime="20220729 10:54:40.563"/>
</kw>
<kw name="Execute Javascript" library="SeleniumLibrary">
<arg>window.open("${website}")</arg>
<doc>Executes the given JavaScript code with possible arguments.</doc>
<msg timestamp="20220729 10:54:40.563" level="INFO">Executing JavaScript:
window.open("http://www.machpsp.com/us/")
Without any arguments.</msg>
<status status="PASS" starttime="20220729 10:54:40.563" endtime="20220729 10:54:40.573"/>
</kw>
<status status="PASS" starttime="20220729 10:54:40.563" endtime="20220729 10:54:40.573"/>
</iter>
<iter>
<var name="${website}">http://www.prixx.fr/</var>
<kw name="Log To Console" library="BuiltIn">
<arg>${website}</arg>
<doc>Logs the given message to the console.</doc>
<status status="PASS" starttime="20220729 10:54:40.573" endtime="20220729 10:54:40.573"/>
</kw>
<kw name="Execute Javascript" library="SeleniumLibrary">
<arg>window.open("${website}")</arg>
<doc>Executes the given JavaScript code with possible arguments.</doc>
<msg timestamp="20220729 10:54:40.573" level="INFO">Executing JavaScript:
window.open("http://www.prixx.fr/")
Without any arguments.</msg>
<status status="PASS" starttime="20220729 10:54:40.573" endtime="20220729 10:54:40.592"/>
</kw>
<status status="PASS" starttime="20220729 10:54:40.573" endtime="20220729 10:54:40.592"/>
</iter>
<iter>
<var name="${website}">http://www.norizone.co.kr/</var>
<kw name="Log To Console" library="BuiltIn">
<arg>${website}</arg>
<doc>Logs the given message to the console.</doc>
<status status="PASS" starttime="20220729 10:54:40.592" endtime="20220729 10:54:40.592"/>
</kw>
<kw name="Execute Javascript" library="SeleniumLibrary">
<arg>window.open("${website}")</arg>
<doc>Executes the given JavaScript code with possible arguments.</doc>
<msg timestamp="20220729 10:54:40.593" level="INFO">Executing JavaScript:
window.open("http://www.norizone.co.kr/")
Without any arguments.</msg>
<status status="PASS" starttime="20220729 10:54:40.592" endtime="20220729 10:54:40.603"/>
</kw>
<status status="PASS" starttime="20220729 10:54:40.592" endtime="20220729 10:54:40.606"/>
</iter>
<iter>
<var name="${website}">http://www.shelbysantiques.com/</var>
<kw name="Log To Console" library="BuiltIn">
<arg>${website}</arg>
<doc>Logs the given message to the console.</doc>
<status status="PASS" starttime="20220729 10:54:40.606" endtime="20220729 10:54:40.607"/>
</kw>
<kw name="Execute Javascript" library="SeleniumLibrary">
<arg>window.open("${website}")</arg>
<doc>Executes the given JavaScript code with possible arguments.</doc>
<msg timestamp="20220729 10:54:40.607" level="INFO">Executing JavaScript:
window.open("http://www.shelbysantiques.com/")
Without any arguments.</msg>
<status status="PASS" starttime="20220729 10:54:40.607" endtime="20220729 10:54:40.622"/>
</kw>
<status status="PASS" starttime="20220729 10:54:40.606" endtime="20220729 10:54:40.622"/>
</iter>
<iter>
<var name="${website}">http://www.e-cards-greetings.com/</var>
<kw name="Log To Console" library="BuiltIn">
<arg>${website}</arg>
<doc>Logs the given message to the console.</doc>
<status status="PASS" starttime="20220729 10:54:40.623" endtime="20220729 10:54:40.629"/>
</kw>
<kw name="Execute Javascript" library="SeleniumLibrary">
<arg>window.open("${website}")</arg>
<doc>Executes the given JavaScript code with possible arguments.</doc>
<msg timestamp="20220729 10:54:40.630" level="INFO">Executing JavaScript:
window.open("http://www.e-cards-greetings.com/")
Without any arguments.</msg>
<status status="PASS" starttime="20220729 10:54:40.630" endtime="20220729 10:54:40.652"/>
</kw>
<status status="PASS" starttime="20220729 10:54:40.622" endtime="20220729 10:54:40.652"/>
</iter>
<iter>
<var name="${website}">http://www.outergate.de/</var>
<kw name="Log To Console" library="BuiltIn">
<arg>${website}</arg>
<doc>Logs the given message to the console.</doc>
<status status="PASS" starttime="20220729 10:54:40.652" endtime="20220729 10:54:40.653"/>
</kw>
<kw name="Execute Javascript" library="SeleniumLibrary">
<arg>window.open("${website}")</arg>
<doc>Executes the given JavaScript code with possible arguments.</doc>
<msg timestamp="20220729 10:54:40.653" level="INFO">Executing JavaScript:
window.open("http://www.outergate.de/")
Without any arguments.</msg>
<status status="PASS" starttime="20220729 10:54:40.653" endtime="20220729 10:54:40.670"/>
</kw>
<status status="PASS" starttime="20220729 10:54:40.652" endtime="20220729 10:54:40.670"/>
</iter>
<iter>
<var name="${website}">http://m1.2mdn.net/1135004/08_jny_vanity_aware_v2_468x60.swf?clickTag=http%3A//ad.n2434.doubleclick.net/click%253Bh%3Dv8/369e/f/98/%252a/i%253B198979979%253B0-0%253B0%253B26026974%253B1-468/60%253B257...</var>
<kw name="Log To Console" library="BuiltIn">
<arg>${website}</arg>
<doc>Logs the given message to the console.</doc>
<status status="PASS" starttime="20220729 10:54:40.675" endtime="20220729 10:54:40.675"/>
</kw>
<kw name="Execute Javascript" library="SeleniumLibrary">
<arg>window.open("${website}")</arg>
<doc>Executes the given JavaScript code with possible arguments.</doc>
<msg timestamp="20220729 10:54:40.675" level="INFO">Executing JavaScript:
window.open("http://m1.2mdn.net/1135004/08_jny_vanity_aware_v2_468x60.swf?clickTag=http%3A//ad.n2434.doubleclick.net/click%253Bh%3Dv8/369e/f/98/%252a/i%253B198979979%253B0-0%253B0%253B26026974%253B1-468/60%253B25766999/25784853/1%253B%253B%257Esscs%253D%253fhttp%3A//servedby.advertising.com/click/site%3D0000693908/mnum%3D0000560639/cstr%3D88336631%3D_47fd6bbb%2C1112720130%2C693908%255E560639%255E1%255E0%2C1_/bnum%3D88336631/optn%3D64%3Ftrg%3Dhttp%253a%252f%252fwww.dodge.com/en/2009/journey/index.html%253Fbid%253D2731232%2526pid%253D26026974%2526adid%253D198979979%2526rid%253D25784853")
Without any arguments.</msg>
<status status="PASS" starttime="20220729 10:54:40.675" endtime="20220729 10:54:40.687"/>
</kw>
<status status="PASS" starttime="20220729 10:54:40.674" endtime="20220729 10:54:40.687"/>
</iter>
<iter>
<var name="${website}">http://www.lotofstuffs.com/</var>
<kw name="Log To Console" library="BuiltIn">
<arg>${website}</arg>
<doc>Logs the given message to the console.</doc>
<status status="PASS" starttime="20220729 10:54:40.687" endtime="20220729 10:54:40.688"/>
</kw>
<kw name="Execute Javascript" library="SeleniumLibrary">
<arg>window.open("${website}")</arg>
<doc>Executes the given JavaScript code with possible arguments.</doc>
<msg timestamp="20220729 10:54:40.688" level="INFO">Executing JavaScript:
window.open("http://www.lotofstuffs.com/")
Without any arguments.</msg>
<status status="PASS" starttime="20220729 10:54:40.688" endtime="20220729 10:54:40.700"/>
</kw>
<status status="PASS" starttime="20220729 10:54:40.687" endtime="20220729 10:54:40.700"/>
</iter>
<iter>
<var name="${website}">http://pezito.free.fr/</var>
<kw name="Log To Console" library="BuiltIn">
<arg>${website}</arg>
<doc>Logs the given message to the console.</doc>
<status status="PASS" starttime="20220729 10:54:40.701" endtime="20220729 10:54:40.701"/>
</kw>
<kw name="Execute Javascript" library="SeleniumLibrary">
<arg>window.open("${website}")</arg>
<doc>Executes the given JavaScript code with possible arguments.</doc>
<msg timestamp="20220729 10:54:40.701" level="INFO">Executing JavaScript:
window.open("http://pezito.free.fr/")
Without any arguments.</msg>
<status status="PASS" starttime="20220729 10:54:40.701" endtime="20220729 10:54:40.710"/>
</kw>
<status status="PASS" starttime="20220729 10:54:40.700" endtime="20220729 10:54:40.710"/>
</iter>
<iter>
<var name="${website}">http://www.eroticxxxstories.com/</var>
<kw name="Log To Console" library="BuiltIn">
<arg>${website}</arg>
<doc>Logs the given message to the console.</doc>
<status status="PASS" starttime="20220729 10:54:40.710" endtime="20220729 10:54:40.713"/>
</kw>
<kw name="Execute Javascript" library="SeleniumLibrary">
<arg>window.open("${website}")</arg>
<doc>Executes the given JavaScript code with possible arguments.</doc>
<msg timestamp="20220729 10:54:40.714" level="INFO">Executing JavaScript:
window.open("http://www.eroticxxxstories.com/")
Without any arguments.</msg>
<status status="PASS" starttime="20220729 10:54:40.714" endtime="20220729 10:54:40.741"/>
</kw>
<status status="PASS" starttime="20220729 10:54:40.710" endtime="20220729 10:54:40.741"/>
</iter>
<iter>
<var name="${website}">http://www.22e2.com/</var>
<kw name="Log To Console" library="BuiltIn">
<arg>${website}</arg>
<doc>Logs the given message to the console.</doc>
<status status="PASS" starttime="20220729 10:54:40.741" endtime="20220729 10:54:40.741"/>
</kw>
<kw name="Execute Javascript" library="SeleniumLibrary">
<arg>window.open("${website}")</arg>
<doc>Executes the given JavaScript code with possible arguments.</doc>
<msg timestamp="20220729 10:54:40.742" level="INFO">Executing JavaScript:
window.open("http://www.22e2.com/")
Without any arguments.</msg>
<status status="PASS" starttime="20220729 10:54:40.741" endtime="20220729 10:54:40.754"/>
</kw>
<status status="PASS" starttime="20220729 10:54:40.741" endtime="20220729 10:54:40.754"/>
</iter>
<iter>
<var name="${website}">http://www.riversongs.tv/</var>
<kw name="Log To Console" library="BuiltIn">
<arg>${website}</arg>
<doc>Logs the given message to the console.</doc>
<status status="PASS" starttime="20220729 10:54:40.755" endtime="20220729 10:54:40.755"/>
</kw>
<kw name="Execute Javascript" library="SeleniumLibrary">
<arg>window.open("${website}")</arg>
<doc>Executes the given JavaScript code with possible arguments.</doc>
<msg timestamp="20220729 10:54:40.755" level="INFO">Executing JavaScript:
window.open("http://www.riversongs.tv/")
Without any arguments.</msg>
<status status="PASS" starttime="20220729 10:54:40.755" endtime="20220729 10:54:40.773"/>
</kw>
<status status="PASS" starttime="20220729 10:54:40.754" endtime="20220729 10:54:40.773"/>
</iter>
<iter>
<var name="${website}">http://www.rotlicht-info.de/</var>
<kw name="Log To Console" library="BuiltIn">
<arg>${website}</arg>
<doc>Logs the given message to the console.</doc>
<status status="PASS" starttime="20220729 10:54:40.773" endtime="20220729 10:54:40.774"/>
</kw>
<kw name="Execute Javascript" library="SeleniumLibrary">
<arg>window.open("${website}")</arg>
<doc>Executes the given JavaScript code with possible arguments.</doc>
<msg timestamp="20220729 10:54:40.774" level="INFO">Executing JavaScript:
window.open("http://www.rotlicht-info.de/")
Without any arguments.</msg>
<status status="PASS" starttime="20220729 10:54:40.774" endtime="20220729 10:54:40.802"/>
</kw>
<status status="PASS" starttime="20220729 10:54:40.773" endtime="20220729 10:54:40.802"/>
</iter>
<iter>
<var name="${website}">http://www.joy.ne.jp/</var>
<kw name="Log To Console" library="BuiltIn">
<arg>${website}</arg>
<doc>Logs the given message to the console.</doc>
<status status="PASS" starttime="20220729 10:54:40.803" endtime="20220729 10:54:40.803"/>
</kw>
<kw name="Execute Javascript" library="SeleniumLibrary">
<arg>window.open("${website}")</arg>
<doc>Executes the given JavaScript code with possible arguments.</doc>
<msg timestamp="20220729 10:54:40.806" level="INFO">Executing JavaScript:
window.open("http://www.joy.ne.jp/")
Without any arguments.</msg>
<status status="PASS" starttime="20220729 10:54:40.803" endtime="20220729 10:54:40.813"/>
</kw>
<status status="PASS" starttime="20220729 10:54:40.802" endtime="20220729 10:54:40.813"/>
</iter>
<iter>
<var name="${website}">http://www.jijbent.nl/</var>
<kw name="Log To Console" library="BuiltIn">
<arg>${website}</arg>
<doc>Logs the given message to the console.</doc>
<status status="PASS" starttime="20220729 10:54:40.813" endtime="20220729 10:54:40.813"/>
</kw>
<kw name="Execute Javascript" library="SeleniumLibrary">
<arg>window.open("${website}")</arg>
<doc>Executes the given JavaScript code with possible arguments.</doc>
<msg timestamp="20220729 10:54:40.814" level="INFO">Executing JavaScript:
window.open("http://www.jijbent.nl/")
Without any arguments.</msg>
<status status="PASS" starttime="20220729 10:54:40.813" endtime="20220729 10:54:40.823"/>
</kw>
<status status="PASS" starttime="20220729 10:54:40.813" endtime="20220729 10:54:40.825"/>
</iter>
<iter>
<var name="${website}">http://www.ilove2slack.com/</var>
<kw name="Log To Console" library="BuiltIn">
<arg>${website}</arg>
<doc>Logs the given message to the console.</doc>
<status status="PASS" starttime="20220729 10:54:40.825" endtime="20220729 10:54:40.825"/>
</kw>
<kw name="Execute Javascript" library="SeleniumLibrary">
<arg>window.open("${website}")</arg>
<doc>Executes the given JavaScript code with possible arguments.</doc>
<msg timestamp="20220729 10:54:40.826" level="INFO">Executing JavaScript:
window.open("http://www.ilove2slack.com/")
Without any arguments.</msg>
<status status="PASS" starttime="20220729 10:54:40.825" endtime="20220729 10:54:40.832"/>
</kw>
<status status="PASS" starttime="20220729 10:54:40.825" endtime="20220729 10:54:40.832"/>
</iter>
<iter>
<var name="${website}">http://www.diceext.com/utility_revi/jobs.xml?cacheKiller=1207788647008</var>
<kw name="Log To Console" library="BuiltIn">
<arg>${website}</arg>
<doc>Logs the given message to the console.</doc>
<status status="PASS" starttime="20220729 10:54:40.832" endtime="20220729 10:54:40.833"/>
</kw>
<kw name="Execute Javascript" library="SeleniumLibrary">
<arg>window.open("${website}")</arg>
<doc>Executes the given JavaScript code with possible arguments.</doc>
<msg timestamp="20220729 10:54:40.833" level="INFO">Executing JavaScript:
window.open("http://www.diceext.com/utility_revi/jobs.xml?cacheKiller=1207788647008")
Without any arguments.</msg>
<status status="PASS" starttime="20220729 10:54:40.833" endtime="20220729 10:54:40.843"/>
</kw>
<status status="PASS" starttime="20220729 10:54:40.832" endtime="20220729 10:54:40.843"/>
</iter>
<iter>
<var name="${website}">http://www.mobileactive.com/</var>
<kw name="Log To Console" library="BuiltIn">
<arg>${website}</arg>
<doc>Logs the given message to the console.</doc>
<status status="PASS" starttime="20220729 10:54:40.843" endtime="20220729 10:54:40.843"/>
</kw>
<kw name="Execute Javascript" library="SeleniumLibrary">
<arg>window.open("${website}")</arg>
<doc>Executes the given JavaScript code with possible arguments.</doc>
<msg timestamp="20220729 10:54:40.844" level="INFO">Executing JavaScript:
window.open("http://www.mobileactive.com/")
Without any arguments.</msg>
<status status="PASS" starttime="20220729 10:54:40.844" endtime="20220729 10:54:40.857"/>
</kw>
<status status="PASS" starttime="20220729 10:54:40.843" endtime="20220729 10:54:40.867"/>
</iter>
<iter>
<var name="${website}">http://www.osamatron.com/</var>
<kw name="Log To Console" library="BuiltIn">
<arg>${website}</arg>
<doc>Logs the given message to the console.</doc>
<status status="PASS" starttime="20220729 10:54:40.867" endtime="20220729 10:54:40.867"/>
</kw>
<kw name="Execute Javascript" library="SeleniumLibrary">
<arg>window.open("${website}")</arg>
<doc>Executes the given JavaScript code with possible arguments.</doc>
<msg timestamp="20220729 10:54:40.868" level="INFO">Executing JavaScript:
window.open("http://www.osamatron.com/")
Without any arguments.</msg>
<status status="PASS" starttime="20220729 10:54:40.867" endtime="20220729 10:54:40.881"/>
</kw>
<status status="PASS" starttime="20220729 10:54:40.867" endtime="20220729 10:54:40.881"/>
</iter>
<iter>
<var name="${website}">http://www.jasminerouge.com/</var>
<kw name="Log To Console" library="BuiltIn">
<arg>${website}</arg>
<doc>Logs the given message to the console.</doc>
<status status="PASS" starttime="20220729 10:54:40.882" endtime="20220729 10:54:40.882"/>
</kw>
<kw name="Execute Javascript" library="SeleniumLibrary">
<arg>window.open("${website}")</arg>
<doc>Executes the given JavaScript code with possible arguments.</doc>
<msg timestamp="20220729 10:54:40.883" level="INFO">Executing JavaScript:
window.open("http://www.jasminerouge.com/")
Without any arguments.</msg>
<status status="PASS" starttime="20220729 10:54:40.882" endtime="20220729 10:54:40.904"/>
</kw>
<status status="PASS" starttime="20220729 10:54:40.881" endtime="20220729 10:54:40.904"/>
</iter>
<iter>
<var name="${website}">http://m1.2mdn.net/879366/flashwrite_1_2.js</var>
<kw name="Log To Console" library="BuiltIn">
<arg>${website}</arg>
<doc>Logs the given message to the console.</doc>
<status status="PASS" starttime="20220729 10:54:40.904" endtime="20220729 10:54:40.904"/>
</kw>
<kw name="Execute Javascript" library="SeleniumLibrary">
<arg>window.open("${website}")</arg>
<doc>Executes the given JavaScript code with possible arguments.</doc>
<msg timestamp="20220729 10:54:40.904" level="INFO">Executing JavaScript:
window.open("http://m1.2mdn.net/879366/flashwrite_1_2.js")
Without any arguments.</msg>
<status status="PASS" starttime="20220729 10:54:40.904" endtime="20220729 10:54:40.918"/>
</kw>
<status status="PASS" starttime="20220729 10:54:40.904" endtime="20220729 10:54:40.918"/>
</iter>
<iter>
<var name="${website}">http://www.gamblingjobs.com/</var>
<kw name="Log To Console" library="BuiltIn">
<arg>${website}</arg>
<doc>Logs the given message to the console.</doc>
<status status="PASS" starttime="20220729 10:54:40.918" endtime="20220729 10:54:40.919"/>
</kw>
<kw name="Execute Javascript" library="SeleniumLibrary">
<arg>window.open("${website}")</arg>
<doc>Executes the given JavaScript code with possible arguments.</doc>
<msg timestamp="20220729 10:54:40.919" level="INFO">Executing JavaScript:
window.open("http://www.gamblingjobs.com/")
Without any arguments.</msg>
<status status="PASS" starttime="20220729 10:54:40.919" endtime="20220729 10:54:40.931"/>
</kw>
<status status="PASS" starttime="20220729 10:54:40.918" endtime="20220729 10:54:40.931"/>
</iter>
<iter>
<var name="${website}">http://www.yourfacesucks.com/</var>
<kw name="Log To Console" library="BuiltIn">
<arg>${website}</arg>
<doc>Logs the given message to the console.</doc>
<status status="PASS" starttime="20220729 10:54:40.931" endtime="20220729 10:54:40.931"/>
</kw>
<kw name="Execute Javascript" library="SeleniumLibrary">
<arg>window.open("${website}")</arg>
<doc>Executes the given JavaScript code with possible arguments.</doc>
<msg timestamp="20220729 10:54:40.932" level="INFO">Executing JavaScript:
window.open("http://www.yourfacesucks.com/")
Without any arguments.</msg>
<status status="PASS" starttime="20220729 10:54:40.932" endtime="20220729 10:54:40.947"/>
</kw>
<status status="PASS" starttime="20220729 10:54:40.931" endtime="20220729 10:54:40.947"/>
</iter>
<iter>
<var name="${website}">http://www.g-glass.com/</var>
<kw name="Log To Console" library="BuiltIn">
<arg>${website}</arg>
<doc>Logs the given message to the console.</doc>
<status status="PASS" starttime="20220729 10:54:40.960" endtime="20220729 10:54:40.960"/>
</kw>
<kw name="Execute Javascript" library="SeleniumLibrary">
<arg>window.open("${website}")</arg>
<doc>Executes the given JavaScript code with possible arguments.</doc>
<msg timestamp="20220729 10:54:40.961" level="INFO">Executing JavaScript:
window.open("http://www.g-glass.com/")
Without any arguments.</msg>
<status status="PASS" starttime="20220729 10:54:40.960" endtime="20220729 10:54:40.979"/>
</kw>
<status status="PASS" starttime="20220729 10:54:40.959" endtime="20220729 10:54:40.979"/>
</iter>
<iter>
<var name="${website}">http://www.ruangry.com/</var>
<kw name="Log To Console" library="BuiltIn">
<arg>${website}</arg>
<doc>Logs the given message to the console.</doc>
<status status="PASS" starttime="20220729 10:54:40.979" endtime="20220729 10:54:40.982"/>
</kw>
<kw name="Execute Javascript" library="SeleniumLibrary">
<arg>window.open("${website}")</arg>
<doc>Executes the given JavaScript code with possible arguments.</doc>
<msg timestamp="20220729 10:54:40.982" level="INFO">Executing JavaScript:
window.open("http://www.ruangry.com/")
Without any arguments.</msg>
<status status="PASS" starttime="20220729 10:54:40.982" endtime="20220729 10:54:40.995"/>
</kw>
<status status="PASS" starttime="20220729 10:54:40.979" endtime="20220729 10:54:40.995"/>
</iter>
<iter>
<var name="${website}">http://www.clubtiga.net/</var>
<kw name="Log To Console" library="BuiltIn">
<arg>${website}</arg>
<doc>Logs the given message to the console.</doc>
<status status="PASS" starttime="20220729 10:54:40.997" endtime="20220729 10:54:41.005"/>
</kw>
<kw name="Execute Javascript" library="SeleniumLibrary">
<arg>window.open("${website}")</arg>
<doc>Executes the given JavaScript code with possible arguments.</doc>
<msg timestamp="20220729 10:54:41.006" level="INFO">Executing JavaScript:
window.open("http://www.clubtiga.net/")
Without any arguments.</msg>
<status status="PASS" starttime="20220729 10:54:41.006" endtime="20220729 10:54:41.025"/>
</kw>
<status status="PASS" starttime="20220729 10:54:40.995" endtime="20220729 10:54:41.025"/>
</iter>
<iter>
<var name="${website}">http://isaji.jp/</var>
<kw name="Log To Console" library="BuiltIn">
<arg>${website}</arg>
<doc>Logs the given message to the console.</doc>
<status status="PASS" starttime="20220729 10:54:41.026" endtime="20220729 10:54:41.026"/>
</kw>
<kw name="Execute Javascript" library="SeleniumLibrary">
<arg>window.open("${website}")</arg>
<doc>Executes the given JavaScript code with possible arguments.</doc>
<msg timestamp="20220729 10:54:41.026" level="INFO">Executing JavaScript:
window.open("http://isaji.jp/")
Without any arguments.</msg>
<status status="PASS" starttime="20220729 10:54:41.026" endtime="20220729 10:54:41.052"/>
</kw>
<status status="PASS" starttime="20220729 10:54:41.025" endtime="20220729 10:54:41.052"/>
</iter>
<iter>
<var name="${website}">http://www.wallsdesktop.com/</var>
<kw name="Log To Console" library="BuiltIn">
<arg>${website}</arg>
<doc>Logs the given message to the console.</doc>
<status status="PASS" starttime="20220729 10:54:41.053" endtime="20220729 10:54:41.054"/>
</kw>
<kw name="Execute Javascript" library="SeleniumLibrary">
<arg>window.open("${website}")</arg>
<doc>Executes the given JavaScript code with possible arguments.</doc>
<msg timestamp="20220729 10:54:41.054" level="INFO">Executing JavaScript:
window.open("http://www.wallsdesktop.com/")
Without any arguments.</msg>
<status status="PASS" starttime="20220729 10:54:41.054" endtime="20220729 10:54:41.070"/>
</kw>
<status status="PASS" starttime="20220729 10:54:41.052" endtime="20220729 10:54:41.070"/>
</iter>
<iter>
<var name="${website}">http://www.gayholland.com/sexhol/</var>
<kw name="Log To Console" library="BuiltIn">
<arg>${website}</arg>
<doc>Logs the given message to the console.</doc>
<status status="PASS" starttime="20220729 10:54:41.074" endtime="20220729 10:54:41.075"/>
</kw>
<kw name="Execute Javascript" library="SeleniumLibrary">
<arg>window.open("${website}")</arg>
<doc>Executes the given JavaScript code with possible arguments.</doc>
<msg timestamp="20220729 10:54:41.075" level="INFO">Executing JavaScript:
window.open("http://www.gayholland.com/sexhol/")
Without any arguments.</msg>
<status status="PASS" starttime="20220729 10:54:41.075" endtime="20220729 10:54:41.091"/>
</kw>
<status status="PASS" starttime="20220729 10:54:41.070" endtime="20220729 10:54:41.091"/>
</iter>
<iter>
<var name="${website}">http://www.brothersoft.com/softsale/js/internet_software_center_2_420_160.js</var>
<kw name="Log To Console" library="BuiltIn">
<arg>${website}</arg>
<doc>Logs the given message to the console.</doc>
<status status="PASS" starttime="20220729 10:54:41.091" endtime="20220729 10:54:41.091"/>
</kw>
<kw name="Execute Javascript" library="SeleniumLibrary">
<arg>window.open("${website}")</arg>
<doc>Executes the given JavaScript code with possible arguments.</doc>
<msg timestamp="20220729 10:54:41.092" level="INFO">Executing JavaScript:
window.open("http://www.brothersoft.com/softsale/js/internet_software_center_2_420_160.js")
Without any arguments.</msg>
<status status="PASS" starttime="20220729 10:54:41.091" endtime="20220729 10:54:41.112"/>
</kw>
<status status="PASS" starttime="20220729 10:54:41.091" endtime="20220729 10:54:41.112"/>
</iter>
<iter>
<var name="${website}">http://www.bad-entertainment.com/</var>
<kw name="Log To Console" library="BuiltIn">
<arg>${website}</arg>
<doc>Logs the given message to the console.</doc>
<status status="PASS" starttime="20220729 10:54:41.113" endtime="20220729 10:54:41.113"/>
</kw>
<kw name="Execute Javascript" library="SeleniumLibrary">
<arg>window.open("${website}")</arg>
<doc>Executes the given JavaScript code with possible arguments.</doc>
<msg timestamp="20220729 10:54:41.113" level="INFO">Executing JavaScript:
window.open("http://www.bad-entertainment.com/")
Without any arguments.</msg>
<status status="PASS" starttime="20220729 10:54:41.113" endtime="20220729 10:54:41.131"/>
</kw>
<status status="PASS" starttime="20220729 10:54:41.112" endtime="20220729 10:54:41.131"/>
</iter>
<iter>
<var name="${website}">http://duke3d.bigsleep.net/</var>
<kw name="Log To Console" library="BuiltIn">
<arg>${website}</arg>
<doc>Logs the given message to the console.</doc>
<status status="PASS" starttime="20220729 10:54:41.131" endtime="20220729 10:54:41.132"/>
</kw>
<kw name="Execute Javascript" library="SeleniumLibrary">
<arg>window.open("${website}")</arg>
<doc>Executes the given JavaScript code with possible arguments.</doc>
<msg timestamp="20220729 10:54:41.135" level="INFO">Executing JavaScript:
window.open("http://duke3d.bigsleep.net/")
Without any arguments.</msg>
<status status="PASS" starttime="20220729 10:54:41.132" endtime="20220729 10:54:41.163"/>
</kw>
<status status="PASS" starttime="20220729 10:54:41.131" endtime="20220729 10:54:41.163"/>
</iter>
<iter>
<var name="${website}">http://www.ryanwhite.com/</var>
<kw name="Log To Console" library="BuiltIn">
<arg>${website}</arg>
<doc>Logs the given message to the console.</doc>
<status status="PASS" starttime="20220729 10:54:41.164" endtime="20220729 10:54:41.164"/>
</kw>
<kw name="Execute Javascript" library="SeleniumLibrary">
<arg>window.open("${website}")</arg>
<doc>Executes the given JavaScript code with possible arguments.</doc>
<msg timestamp="20220729 10:54:41.164" level="INFO">Executing JavaScript:
window.open("http://www.ryanwhite.com/")
Without any arguments.</msg>
<status status="PASS" starttime="20220729 10:54:41.164" endtime="20220729 10:54:41.184"/>
</kw>
<status status="PASS" starttime="20220729 10:54:41.163" endtime="20220729 10:54:41.184"/>
</iter>
<iter>
<var name="${website}">http://www.massage8.com/</var>
<kw name="Log To Console" library="BuiltIn">
<arg>${website}</arg>
<doc>Logs the given message to the console.</doc>
<status status="PASS" starttime="20220729 10:54:41.184" endtime="20220729 10:54:41.184"/>
</kw>
<kw name="Execute Javascript" library="SeleniumLibrary">
<arg>window.open("${website}")</arg>
<doc>Executes the given JavaScript code with possible arguments.</doc>
<msg timestamp="20220729 10:54:41.188" level="INFO">Executing JavaScript:
window.open("http://www.massage8.com/")
Without any arguments.</msg>
<status status="PASS" starttime="20220729 10:54:41.188" endtime="20220729 10:54:41.205"/>
</kw>
<status status="PASS" starttime="20220729 10:54:41.184" endtime="20220729 10:54:41.205"/>
</iter>
<iter>
<var name="${website}">http://www.adultfilmclassics.com/</var>
<kw name="Log To Console" library="BuiltIn">
<arg>${website}</arg>
<doc>Logs the given message to the console.</doc>
<status status="PASS" starttime="20220729 10:54:41.205" endtime="20220729 10:54:41.206"/>
</kw>
<kw name="Execute Javascript" library="SeleniumLibrary">
<arg>window.open("${website}")</arg>
<doc>Executes the given JavaScript code with possible arguments.</doc>
<msg timestamp="20220729 10:54:41.206" level="INFO">Executing JavaScript:
window.open("http://www.adultfilmclassics.com/")
Without any arguments.</msg>
<status status="PASS" starttime="20220729 10:54:41.206" endtime="20220729 10:54:41.225"/>
</kw>
<status status="PASS" starttime="20220729 10:54:41.205" endtime="20220729 10:54:41.225"/>
</iter>
<iter>
<var name="${website}">http://www.spacetweaks.net/</var>
<kw name="Log To Console" library="BuiltIn">
<arg>${website}</arg>
<doc>Logs the given message to the console.</doc>
<status status="PASS" starttime="20220729 10:54:41.226" endtime="20220729 10:54:41.226"/>
</kw>
<kw name="Execute Javascript" library="SeleniumLibrary">
<arg>window.open("${website}")</arg>
<doc>Executes the given JavaScript code with possible arguments.</doc>
<msg timestamp="20220729 10:54:41.226" level="INFO">Executing JavaScript:
window.open("http://www.spacetweaks.net/")
Without any arguments.</msg>
<status status="PASS" starttime="20220729 10:54:41.226" endtime="20220729 10:54:41.236"/>
</kw>
<status status="PASS" starttime="20220729 10:54:41.225" endtime="20220729 10:54:41.236"/>
</iter>
<iter>
<var name="${website}">http://www.pacificxhost.com/</var>
<kw name="Log To Console" library="BuiltIn">
<arg>${website}</arg>
<doc>Logs the given message to the console.</doc>
<status status="PASS" starttime="20220729 10:54:41.237" endtime="20220729 10:54:41.237"/>
</kw>
<kw name="Execute Javascript" library="SeleniumLibrary">
<arg>window.open("${website}")</arg>
<doc>Executes the given JavaScript code with possible arguments.</doc>
<msg timestamp="20220729 10:54:41.237" level="INFO">Executing JavaScript:
window.open("http://www.pacificxhost.com/")
Without any arguments.</msg>
<status status="PASS" starttime="20220729 10:54:41.237" endtime="20220729 10:54:41.251"/>
</kw>
<status status="PASS" starttime="20220729 10:54:41.236" endtime="20220729 10:54:41.251"/>
</iter>
<iter>
<var name="${website}">http://view.atdmt.com/SF1/iview/dvrtmstu0030000503sf1/direct/01?click=http://servedby.advertising.com/click/site=0000231584/mnum=0000477059/bnum=33607674/optn=64?trg=</var>
<kw name="Log To Console" library="BuiltIn">
<arg>${website}</arg>
<doc>Logs the given message to the console.</doc>
<status status="PASS" starttime="20220729 10:54:41.251" endtime="20220729 10:54:41.251"/>
</kw>
<kw name="Execute Javascript" library="SeleniumLibrary">
<arg>window.open("${website}")</arg>
<doc>Executes the given JavaScript code with possible arguments.</doc>
<msg timestamp="20220729 10:54:41.252" level="INFO">Executing JavaScript:
window.open("http://view.atdmt.com/SF1/iview/dvrtmstu0030000503sf1/direct/01?click=http://servedby.advertising.com/click/site=0000231584/mnum=0000477059/bnum=33607674/optn=64?trg=")
Without any arguments.</msg>
<status status="PASS" starttime="20220729 10:54:41.252" endtime="20220729 10:54:41.279"/>
</kw>
<status status="PASS" starttime="20220729 10:54:41.251" endtime="20220729 10:54:41.279"/>
</iter>
<iter>
<var name="${website}">http://www.myspacesgames.com/</var>
<kw name="Log To Console" library="BuiltIn">
<arg>${website}</arg>
<doc>Logs the given message to the console.</doc>
<status status="PASS" starttime="20220729 10:54:41.279" endtime="20220729 10:54:41.279"/>
</kw>
<kw name="Execute Javascript" library="SeleniumLibrary">
<arg>window.open("${website}")</arg>
<doc>Executes the given JavaScript code with possible arguments.</doc>
<msg timestamp="20220729 10:54:41.280" level="INFO">Executing JavaScript:
window.open("http://www.myspacesgames.com/")
Without any arguments.</msg>
<status status="PASS" starttime="20220729 10:54:41.279" endtime="20220729 10:54:41.293"/>
</kw>
<status status="PASS" starttime="20220729 10:54:41.279" endtime="20220729 10:54:41.293"/>
</iter>
<iter>
<var name="${website}">http://www.guyoncomputer.com/</var>
<kw name="Log To Console" library="BuiltIn">
<arg>${website}</arg>
<doc>Logs the given message to the console.</doc>
<status status="PASS" starttime="20220729 10:54:41.294" endtime="20220729 10:54:41.294"/>
</kw>
<kw name="Execute Javascript" library="SeleniumLibrary">
<arg>window.open("${website}")</arg>
<doc>Executes the given JavaScript code with possible arguments.</doc>
<msg timestamp="20220729 10:54:41.294" level="INFO">Executing JavaScript:
window.open("http://www.guyoncomputer.com/")
Without any arguments.</msg>
<status status="PASS" starttime="20220729 10:54:41.294" endtime="20220729 10:54:41.318"/>
</kw>
<status status="PASS" starttime="20220729 10:54:41.293" endtime="20220729 10:54:41.318"/>
</iter>
<iter>
<var name="${website}">http://www.hilmar-ebert.de/</var>
<kw name="Log To Console" library="BuiltIn">
<arg>${website}</arg>
<doc>Logs the given message to the console.</doc>
<status status="PASS" starttime="20220729 10:54:41.319" endtime="20220729 10:54:41.319"/>
</kw>
<kw name="Execute Javascript" library="SeleniumLibrary">
<arg>window.open("${website}")</arg>
<doc>Executes the given JavaScript code with possible arguments.</doc>
<msg timestamp="20220729 10:54:41.319" level="INFO">Executing JavaScript:
window.open("http://www.hilmar-ebert.de/")
Without any arguments.</msg>
<status status="PASS" starttime="20220729 10:54:41.319" endtime="20220729 10:54:41.331"/>
</kw>
<status status="PASS" starttime="20220729 10:54:41.318" endtime="20220729 10:54:41.331"/>
</iter>
<iter>
<var name="${website}">http://www.im-net.hu/</var>
<kw name="Log To Console" library="BuiltIn">
<arg>${website}</arg>
<doc>Logs the given message to the console.</doc>
<status status="PASS" starttime="20220729 10:54:41.332" endtime="20220729 10:54:41.332"/>
</kw>
<kw name="Execute Javascript" library="SeleniumLibrary">
<arg>window.open("${website}")</arg>
[...]
<doc>Executes the given JavaScript code with possible arguments.</doc>
<msg timestamp="20220729 10:55:19.026" level="INFO">Executing JavaScript:
window.open("http://www.teamathena.com/")
Without any arguments.</msg>
<status status="PASS" starttime="20220729 10:55:19.026" endtime="20220729 10:55:19.112"/>
</kw>
<status status="PASS" starttime="20220729 10:55:19.026" endtime="20220729 10:55:19.113"/>
</iter>
<iter>
<var name="${website}">http://www.cryptohax.com/</var>
<kw name="Log To Console" library="BuiltIn">
<arg>${website}</arg>
<doc>Logs the given message to the console.</doc>
<status status="PASS" starttime="20220729 10:55:19.114" endtime="20220729 10:55:19.114"/>
</kw>
<kw name="Execute Javascript" library="SeleniumLibrary">
<arg>window.open("${website}")</arg>
<doc>Executes the given JavaScript code with possible arguments.</doc>
<msg timestamp="20220729 10:55:19.115" level="INFO">Executing JavaScript:
window.open("http://www.cryptohax.com/")
Without any arguments.</msg>
<status status="PASS" starttime="20220729 10:55:19.115" endtime="20220729 10:55:19.216"/>
</kw>
<status status="PASS" starttime="20220729 10:55:19.113" endtime="20220729 10:55:19.216"/>
</iter>
<iter>
<var name="${website}">http://www.lancsmassage.net/</var>
<kw name="Log To Console" library="BuiltIn">
<arg>${website}</arg>
<doc>Logs the given message to the console.</doc>
<status status="PASS" starttime="20220729 10:55:19.217" endtime="20220729 10:55:19.241"/>
</kw>
<kw name="Execute Javascript" library="SeleniumLibrary">
<arg>window.open("${website}")</arg>
<doc>Executes the given JavaScript code with possible arguments.</doc>
<msg timestamp="20220729 10:55:19.247" level="INFO">Executing JavaScript:
window.open("http://www.lancsmassage.net/")
Without any arguments.</msg>
<status status="PASS" starttime="20220729 10:55:19.242" endtime="20220729 10:55:19.333"/>
</kw>
<status status="PASS" starttime="20220729 10:55:19.217" endtime="20220729 10:55:19.333"/>
</iter>
<iter>
<var name="${website}">http://www.damnwitty.com/</var>
<kw name="Log To Console" library="BuiltIn">
<arg>${website}</arg>
<doc>Logs the given message to the console.</doc>
<status status="PASS" starttime="20220729 10:55:19.333" endtime="20220729 10:55:19.334"/>
</kw>
<kw name="Execute Javascript" library="SeleniumLibrary">
<arg>window.open("${website}")</arg>
<doc>Executes the given JavaScript code with possible arguments.</doc>
<msg timestamp="20220729 10:55:19.335" level="INFO">Executing JavaScript:
window.open("http://www.damnwitty.com/")
Without any arguments.</msg>
<status status="PASS" starttime="20220729 10:55:19.334" endtime="20220729 10:55:19.411"/>
</kw>
<status status="PASS" starttime="20220729 10:55:19.333" endtime="20220729 10:55:19.412"/>
</iter>
<iter>
<var name="${website}">http://www.saywhatesl.net/</var>
<kw name="Log To Console" library="BuiltIn">
<arg>${website}</arg>
<doc>Logs the given message to the console.</doc>
<status status="PASS" starttime="20220729 10:55:19.412" endtime="20220729 10:55:19.412"/>
</kw>
<kw name="Execute Javascript" library="SeleniumLibrary">
<arg>window.open("${website}")</arg>
<doc>Executes the given JavaScript code with possible arguments.</doc>
<msg timestamp="20220729 10:55:19.416" level="INFO">Executing JavaScript:
window.open("http://www.saywhatesl.net/")
Without any arguments.</msg>
<status status="PASS" starttime="20220729 10:55:19.412" endtime="20220729 10:55:19.503"/>
</kw>
<status status="PASS" starttime="20220729 10:55:19.412" endtime="20220729 10:55:19.503"/>
</iter>
<iter>
<var name="${website}">http://www.uberunderground.com/</var>
<kw name="Log To Console" library="BuiltIn">
<arg>${website}</arg>
<doc>Logs the given message to the console.</doc>
<status status="PASS" starttime="20220729 10:55:19.506" endtime="20220729 10:55:19.523"/>
</kw>
<kw name="Execute Javascript" library="SeleniumLibrary">
<arg>window.open("${website}")</arg>
<doc>Executes the given JavaScript code with possible arguments.</doc>
<msg timestamp="20220729 10:55:19.526" level="INFO">Executing JavaScript:
window.open("http://www.uberunderground.com/")
Without any arguments.</msg>
<status status="PASS" starttime="20220729 10:55:19.525" endtime="20220729 10:55:19.571"/>
</kw>
<status status="PASS" starttime="20220729 10:55:19.506" endtime="20220729 10:55:19.571"/>
</iter>
<iter>
<var name="${website}">http://www.graphicsmasters.com/</var>
<kw name="Log To Console" library="BuiltIn">
<arg>${website}</arg>
<doc>Logs the given message to the console.</doc>
<status status="PASS" starttime="20220729 10:55:19.577" endtime="20220729 10:55:19.577"/>
</kw>
<kw name="Execute Javascript" library="SeleniumLibrary">
<arg>window.open("${website}")</arg>
<doc>Executes the given JavaScript code with possible arguments.</doc>
<msg timestamp="20220729 10:55:19.577" level="INFO">Executing JavaScript:
window.open("http://www.graphicsmasters.com/")
Without any arguments.</msg>
<status status="PASS" starttime="20220729 10:55:19.577" endtime="20220729 10:55:19.659"/>
</kw>
<status status="PASS" starttime="20220729 10:55:19.576" endtime="20220729 10:55:19.659"/>
</iter>
<iter>
<var name="${website}">http://www.69sexposition.com/</var>
<kw name="Log To Console" library="BuiltIn">
<arg>${website}</arg>
<doc>Logs the given message to the console.</doc>
<status status="PASS" starttime="20220729 10:55:19.661" endtime="20220729 10:55:19.661"/>
</kw>
<kw name="Execute Javascript" library="SeleniumLibrary">
<arg>window.open("${website}")</arg>
<doc>Executes the given JavaScript code with possible arguments.</doc>
<msg timestamp="20220729 10:55:19.662" level="INFO">Executing JavaScript:
window.open("http://www.69sexposition.com/")
Without any arguments.</msg>
<status status="PASS" starttime="20220729 10:55:19.661" endtime="20220729 10:55:19.755"/>
</kw>
<status status="PASS" starttime="20220729 10:55:19.660" endtime="20220729 10:55:19.755"/>
</iter>
<iter>
<var name="${website}">http://www.thegameshomepage.com/</var>
<kw name="Log To Console" library="BuiltIn">
<arg>${website}</arg>
<doc>Logs the given message to the console.</doc>
<status status="PASS" starttime="20220729 10:55:19.756" endtime="20220729 10:55:19.757"/>
</kw>
<kw name="Execute Javascript" library="SeleniumLibrary">
<arg>window.open("${website}")</arg>
<doc>Executes the given JavaScript code with possible arguments.</doc>
<msg timestamp="20220729 10:55:19.757" level="INFO">Executing JavaScript:
window.open("http://www.thegameshomepage.com/")
Without any arguments.</msg>
<status status="PASS" starttime="20220729 10:55:19.757" endtime="20220729 10:55:19.817"/>
</kw>
<status status="PASS" starttime="20220729 10:55:19.755" endtime="20220729 10:55:19.817"/>
</iter>
<iter>
<var name="${website}">http://www.k-m.co.kr/</var>
<kw name="Log To Console" library="BuiltIn">
<arg>${website}</arg>
<doc>Logs the given message to the console.</doc>
<status status="PASS" starttime="20220729 10:55:19.818" endtime="20220729 10:55:19.818"/>
</kw>
<kw name="Execute Javascript" library="SeleniumLibrary">
<arg>window.open("${website}")</arg>
<doc>Executes the given JavaScript code with possible arguments.</doc>
<msg timestamp="20220729 10:55:19.819" level="INFO">Executing JavaScript:
window.open("http://www.k-m.co.kr/")
Without any arguments.</msg>
<status status="PASS" starttime="20220729 10:55:19.818" endtime="20220729 10:55:19.911"/>
</kw>
<status status="PASS" starttime="20220729 10:55:19.818" endtime="20220729 10:55:19.911"/>
</iter>
<iter>
<var name="${website}">http://www.geocities.com/westhollywood/5975/</var>
<kw name="Log To Console" library="BuiltIn">
<arg>${website}</arg>
<doc>Logs the given message to the console.</doc>
<status status="PASS" starttime="20220729 10:55:19.912" endtime="20220729 10:55:19.912"/>
</kw>
<kw name="Execute Javascript" library="SeleniumLibrary">
<arg>window.open("${website}")</arg>
<doc>Executes the given JavaScript code with possible arguments.</doc>
<msg timestamp="20220729 10:55:19.912" level="INFO">Executing JavaScript:
window.open("http://www.geocities.com/westhollywood/5975/")
Without any arguments.</msg>
<status status="PASS" starttime="20220729 10:55:19.912" endtime="20220729 10:55:20.029"/>
</kw>
<status status="PASS" starttime="20220729 10:55:19.911" endtime="20220729 10:55:20.031"/>
</iter>
<iter>
<var name="${website}">http://www.planetdnb.com/</var>
<kw name="Log To Console" library="BuiltIn">
<arg>${website}</arg>
<doc>Logs the given message to the console.</doc>
<status status="PASS" starttime="20220729 10:55:20.032" endtime="20220729 10:55:20.032"/>
</kw>
<kw name="Execute Javascript" library="SeleniumLibrary">
<arg>window.open("${website}")</arg>
<doc>Executes the given JavaScript code with possible arguments.</doc>
<msg timestamp="20220729 10:55:20.033" level="INFO">Executing JavaScript:
window.open("http://www.planetdnb.com/")
Without any arguments.</msg>
<status status="PASS" starttime="20220729 10:55:20.032" endtime="20220729 10:55:20.403"/>
</kw>
<status status="PASS" starttime="20220729 10:55:20.031" endtime="20220729 10:55:20.403"/>
</iter>
<iter>
<var name="${website}">http://www.dreamstretch.com/</var>
<kw name="Log To Console" library="BuiltIn">
<arg>${website}</arg>
<doc>Logs the given message to the console.</doc>
<status status="PASS" starttime="20220729 10:55:20.403" endtime="20220729 10:55:20.404"/>
</kw>
<kw name="Execute Javascript" library="SeleniumLibrary">
<arg>window.open("${website}")</arg>
<doc>Executes the given JavaScript code with possible arguments.</doc>
<msg timestamp="20220729 10:55:20.404" level="INFO">Executing JavaScript:
window.open("http://www.dreamstretch.com/")
Without any arguments.</msg>
<status status="PASS" starttime="20220729 10:55:20.404" endtime="20220729 10:55:20.470"/>
</kw>
<status status="PASS" starttime="20220729 10:55:20.403" endtime="20220729 10:55:20.470"/>
</iter>
<iter>
<var name="${website}">http://www.sandiegocountyumpires.org/Cms/sdcbua/</var>
<kw name="Log To Console" library="BuiltIn">
<arg>${website}</arg>
<doc>Logs the given message to the console.</doc>
<status status="PASS" starttime="20220729 10:55:20.470" endtime="20220729 10:55:20.470"/>
</kw>
<kw name="Execute Javascript" library="SeleniumLibrary">
<arg>window.open("${website}")</arg>
<doc>Executes the given JavaScript code with possible arguments.</doc>
<msg timestamp="20220729 10:55:20.471" level="INFO">Executing JavaScript:
window.open("http://www.sandiegocountyumpires.org/Cms/sdcbua/")
Without any arguments.</msg>
<status status="PASS" starttime="20220729 10:55:20.471" endtime="20220729 10:55:20.506"/>
</kw>
<status status="PASS" starttime="20220729 10:55:20.470" endtime="20220729 10:55:20.506"/>
</iter>
<iter>
<var name="${website}">http://www.toilette-humor.com/</var>
<kw name="Log To Console" library="BuiltIn">
<arg>${website}</arg>
<doc>Logs the given message to the console.</doc>
<status status="PASS" starttime="20220729 10:55:20.510" endtime="20220729 10:55:20.510"/>
</kw>
<kw name="Execute Javascript" library="SeleniumLibrary">
<arg>window.open("${website}")</arg>
<doc>Executes the given JavaScript code with possible arguments.</doc>
<msg timestamp="20220729 10:55:20.510" level="INFO">Executing JavaScript:
window.open("http://www.toilette-humor.com/")
Without any arguments.</msg>
<status status="PASS" starttime="20220729 10:55:20.510" endtime="20220729 10:55:20.978"/>
</kw>
<status status="PASS" starttime="20220729 10:55:20.509" endtime="20220729 10:55:20.979"/>
</iter>
<iter>
<var name="${website}">http://fliperama.terra.com.br/</var>
<kw name="Log To Console" library="BuiltIn">
<arg>${website}</arg>
<doc>Logs the given message to the console.</doc>
<status status="PASS" starttime="20220729 10:55:21.049" endtime="20220729 10:55:21.070"/>
</kw>
<kw name="Execute Javascript" library="SeleniumLibrary">
<arg>window.open("${website}")</arg>
<doc>Executes the given JavaScript code with possible arguments.</doc>
<msg timestamp="20220729 10:55:21.071" level="INFO">Executing JavaScript:
window.open("http://fliperama.terra.com.br/")
Without any arguments.</msg>
<status status="PASS" starttime="20220729 10:55:21.070" endtime="20220729 10:55:22.368"/>
</kw>
<status status="PASS" starttime="20220729 10:55:21.003" endtime="20220729 10:55:22.383"/>
</iter>
<iter>
<var name="${website}">http://www.scorpsguide.com/</var>
<kw name="Log To Console" library="BuiltIn">
<arg>${website}</arg>
<doc>Logs the given message to the console.</doc>
<status status="PASS" starttime="20220729 10:55:22.403" endtime="20220729 10:55:22.410"/>
</kw>
<kw name="Execute Javascript" library="SeleniumLibrary">
<arg>window.open("${website}")</arg>
<doc>Executes the given JavaScript code with possible arguments.</doc>
<msg timestamp="20220729 10:55:22.417" level="INFO">Executing JavaScript:
window.open("http://www.scorpsguide.com/")
Without any arguments.</msg>
<status status="PASS" starttime="20220729 10:55:22.411" endtime="20220729 10:55:22.603"/>
</kw>
<status status="PASS" starttime="20220729 10:55:22.402" endtime="20220729 10:55:22.603"/>
</iter>
<iter>
<var name="${website}">http://www.urbaniacs.com/</var>
<kw name="Log To Console" library="BuiltIn">
<arg>${website}</arg>
<doc>Logs the given message to the console.</doc>
<status status="PASS" starttime="20220729 10:55:22.603" endtime="20220729 10:55:22.603"/>
</kw>
<kw name="Execute Javascript" library="SeleniumLibrary">
<arg>window.open("${website}")</arg>
<doc>Executes the given JavaScript code with possible arguments.</doc>
<msg timestamp="20220729 10:55:22.604" level="INFO">Executing JavaScript:
window.open("http://www.urbaniacs.com/")
Without any arguments.</msg>
<status status="PASS" starttime="20220729 10:55:22.603" endtime="20220729 10:55:23.296"/>
</kw>
<status status="PASS" starttime="20220729 10:55:22.603" endtime="20220729 10:55:23.304"/>
</iter>
<iter>
<var name="${website}">http://restrictedsection.org/</var>
<kw name="Log To Console" library="BuiltIn">
<arg>${website}</arg>
<doc>Logs the given message to the console.</doc>
<status status="PASS" starttime="20220729 10:55:23.317" endtime="20220729 10:55:23.317"/>
</kw>
<kw name="Execute Javascript" library="SeleniumLibrary">
<arg>window.open("${website}")</arg>
<doc>Executes the given JavaScript code with possible arguments.</doc>
<msg timestamp="20220729 10:55:23.318" level="INFO">Executing JavaScript:
window.open("http://restrictedsection.org/")
Without any arguments.</msg>
<msg timestamp="20220729 10:55:37.069" level="INFO" html="true">&lt;/td&gt;&lt;/tr&gt;&lt;tr&gt;&lt;td colspan="3"&gt;&lt;a href="selenium-screenshot-1.png"&gt;&lt;img src="selenium-screenshot-1.png" width="800px"&gt;&lt;/a&gt;</msg>
<msg timestamp="20220729 10:55:37.163" level="FAIL">TimeoutException: Message: script timeout
  (Session info: headless chrome=103.0.5060.134)
Stacktrace:
0   chromedriver                        0x0000000104715170 chromedriver + 4477296
1   chromedriver                        0x00000001046acc18 chromedriver + 4049944
2   chromedriver                        0x00000001042fec10 chromedriver + 191504
3   chromedriver                        0x00000001043572fc chromedriver + 553724
4   chromedriver                        0x000000010435685c chromedriver + 551004
5   chromedriver                        0x0000000104322f58 chromedriver + 339800
6   chromedriver                        0x00000001046eabd4 chromedriver + 4303828
7   chromedriver                        0x00000001046ef094 chromedriver + 4321428
8   chromedriver                        0x00000001046f3600 chromedriver + 4339200
9   chromedriver                        0x00000001046efaf4 chromedriver + 4324084
10  chromedriver                        0x00000001046ce52c chromedriver + 4187436
11  chromedriver                        0x0000000104707488 chromedriver + 4420744
12  chromedriver                        0x00000001047075ec chromedriver + 4421100
13  chromedriver                        0x000000010471b92c chromedriver + 4503852
14  libsystem_pthread.dylib             0x0000000192c3826c _pthread_start + 148
15  libsystem_pthread.dylib             0x0000000192c3308c thread_start + 8
</msg>
<status status="FAIL" starttime="20220729 10:55:23.318" endtime="20220729 10:55:37.261"/>
</kw>
<status status="FAIL" starttime="20220729 10:55:23.312" endtime="20220729 10:55:37.323"/>
</iter>
<status status="FAIL" starttime="20220729 10:54:39.543" endtime="20220729 10:55:37.367"/>
</for>
<kw name="Evaluate" library="BuiltIn">
<var>${counter}</var>
<arg>${counter}+1</arg>
<doc>Evaluates the given expression in Python and returns the result.</doc>
<status status="NOT RUN" starttime="20220729 10:55:37.401" endtime="20220729 10:55:37.406"/>
</kw>
<kw name="Log To Console" library="BuiltIn">
<arg>${counter}</arg>
<doc>Logs the given message to the console.</doc>
<status status="NOT RUN" starttime="20220729 10:55:37.408" endtime="20220729 10:55:37.408"/>
</kw>
<kw name="Log To Console" library="BuiltIn">
<arg>${from},${to},${user}</arg>
<doc>Logs the given message to the console.</doc>
<status status="NOT RUN" starttime="20220729 10:55:37.409" endtime="20220729 10:55:37.409"/>
</kw>
<kw name="Sleep" library="BuiltIn">
<arg>10</arg>
<doc>Pauses the test executed for the given time.</doc>
<status status="NOT RUN" starttime="20220729 10:55:37.410" endtime="20220729 10:55:37.410"/>
</kw>
<kw name="Close Browser" library="SeleniumLibrary">
<doc>Closes the current browser.</doc>
<status status="NOT RUN" starttime="20220729 10:55:37.416" endtime="20220729 10:55:37.416"/>
</kw>
<status status="FAIL" starttime="20220729 10:54:12.407" endtime="20220729 10:55:37.431"/>
</kw>
<kw name="Log To Console" library="BuiltIn">
<arg>1</arg>
<doc>Logs the given message to the console.</doc>
<status status="NOT RUN" starttime="20220729 10:55:37.433" endtime="20220729 10:55:37.434"/>
</kw>
<status status="FAIL" starttime="20220729 10:54:12.407" endtime="20220729 10:55:37.438"/>
</iter>
<status status="FAIL" starttime="20220729 10:54:12.406" endtime="20220729 10:55:37.440"/>
</for>
<status status="FAIL" starttime="20220729 10:54:12.403" endtime="20220729 10:55:37.443">TimeoutException: Message: script timeout
  (Session info: headless chrome=103.0.5060.134)
Stacktrace:
0   chromedriver                        0x0000000104715170 chromedriver + 4477296
1   chromedriver                        0x00000001046acc18 chromedriver + 4049944
2   chromedriver                        0x00000001042fec10 chromedriver + 191504
3   chromedriver                        0x00000001043572fc chromedriver + 553724
4   chromedriver                        0x000000010435685c chromedriver + 551004
5   chromedriver                        0x0000000104322f58 chromedriver + 339800
6   chromedriver                        0x00000001046eabd4 chromedriver + 4303828
7   chromedriver                        0x00000001046ef094 chromedriver + 4321428
8   chromedriver                        0x00000001046f3600 chromedriver + 4339200
9   chromedriver                        0x00000001046efaf4 chromedriver + 4324084
10  chromedriver                        0x00000001046ce52c chromedriver + 4187436
11  chromedriver                        0x0000000104707488 chromedriver + 4420744
12  chromedriver                        0x00000001047075ec chromedriver + 4421100
13  chromedriver                        0x000000010471b92c chromedriver + 4503852
14  libsystem_pthread.dylib             0x0000000192c3826c _pthread_start + 148
15  libsystem_pthread.dylib             0x0000000192c3308c thread_start + 8
</status>
</test>
<status status="FAIL" starttime="20220729 10:54:10.483" endtime="20220729 10:55:37.870"/>
</suite>
<status status="FAIL" starttime="20220729 10:54:10.474" endtime="20220729 10:55:38.068"/>
</suite>
<statistics>
<total>
<stat pass="0" fail="1" skip="0">All Tests</stat>
</total>
<tag>
</tag>
<suite>
<stat pass="0" fail="1" skip="0" id="s1" name="Dynamic">Dynamic</stat>
<stat pass="0" fail="1" skip="0" id="s1-s1" name="Traffic09">Dynamic.Traffic09</stat>
</suite>
</statistics>
<errors>
</errors>
</robot>
