<?xml version="1.0" encoding="UTF-8"?>
<robot generator="Robot 5.0.1 (Python 3.10.5 on darwin)" generated="20220729 11:40:52.572" rpa="false" schemaversion="3">
<suite id="s1" name="Dynamic" source="/Users/tusharys/Desktop/pabottest/dynamic">
<suite id="s1-s1" name="Traffic09" source="/Users/tusharys/Desktop/pabottest/dynamic/traffic09.robot">
<test id="s1-s1-t1" name="Open browser with proxy" line="19">
<for flavor="IN">
<var>${user}</var>
<value>@{users}[99:100]</value>
<iter>
<var name="${user}">['example1@nithin.com', 'Admin@123']</var>
<kw name="Open browser with proxy with user" library="run">
<arg>${user}</arg>
<arg>${websites}[9464:9568]</arg>
<kw name="Evaluate" library="BuiltIn">
<var>${caps}</var>
<arg>sys.modules['selenium.webdriver'].DesiredCapabilities.CHROME</arg>
<arg>sys, selenium.webdriver</arg>
<doc>Evaluates the given expression in Python and returns the result.</doc>
<msg timestamp="20220729 11:40:53.899" level="INFO">${caps} = {'browserName': 'chrome'}</msg>
<status status="PASS" starttime="20220729 11:40:53.899" endtime="20220729 11:40:53.899"/>
</kw>
<kw name="Create Dictionary" library="BuiltIn">
<var>${proxy}</var>
<arg>proxyType=MANUAL</arg>
<arg>sslProxy=${ip_port}</arg>
<arg>httpProxy=${ip_port}</arg>
<doc>Creates and returns a dictionary based on the given ``items``.</doc>
<msg timestamp="20220729 11:40:53.900" level="INFO">${proxy} = {'proxyType': 'MANUAL', 'sslProxy': '10.66.103.62:50000', 'httpProxy': '10.66.103.62:50000'}</msg>
<status status="PASS" starttime="20220729 11:40:53.899" endtime="20220729 11:40:53.900"/>
</kw>
<kw name="Set To Dictionary" library="Collections">
<arg>${caps}</arg>
<arg>proxy=${proxy}</arg>
<doc>Adds the given ``key_value_pairs`` and ``items`` to the ``dictionary``.</doc>
<status status="PASS" starttime="20220729 11:40:53.900" endtime="20220729 11:40:53.900"/>
</kw>
<kw name="Open Browser" library="SeleniumLibrary">
<arg>https://ip.zscaler.com</arg>
<arg>browser=headlessChrome</arg>
<arg>desired_capabilities=${caps}</arg>
<arg>options=add_argument("--ignore-certificate-errors")</arg>
<doc>Opens a new browser instance to the optional ``url``.</doc>
<msg timestamp="20220729 11:40:53.900" level="INFO">Opening browser 'headlessChrome' to base url 'https://ip.zscaler.com'.</msg>
<status status="PASS" starttime="20220729 11:40:53.900" endtime="20220729 11:41:00.058"/>
</kw>
<kw name="Maximize Browser Window" library="SeleniumLibrary">
<doc>Maximizes current browser window.</doc>
<status status="PASS" starttime="20220729 11:41:00.058" endtime="20220729 11:41:00.170"/>
</kw>
<kw name="Input Text" library="SeleniumLibrary">
<arg>xpath://*[@id="username_input"]</arg>
<arg>${user}[0]</arg>
<doc>Types the given ``text`` into the text field identified by ``locator``.</doc>
<msg timestamp="20220729 11:41:00.171" level="INFO">Typing text 'example1@nithin.com' into text field 'xpath://*[@id="username_input"]'.</msg>
<status status="PASS" starttime="20220729 11:41:00.170" endtime="20220729 11:41:00.278"/>
</kw>
<kw name="Click Element" library="SeleniumLibrary">
<arg>xpath:/html/body/div/div/div/form/table[2]/tbody/tr/td/table[1]/tbody/tr[5]/td/table/tbody/tr/td[1]/input</arg>
<doc>Click the element identified by ``locator``.</doc>
<msg timestamp="20220729 11:41:00.278" level="INFO">Clicking element 'xpath:/html/body/div/div/div/form/table[2]/tbody/tr/td/table[1]/tbody/tr[5]/td/table/tbody/tr/td[1]/input'.</msg>
<status status="PASS" starttime="20220729 11:41:00.278" endtime="20220729 11:41:02.414"/>
</kw>
<kw name="Input Text" library="SeleniumLibrary">
<arg>xpath:/html/body/div/div/form/table[2]/tbody/tr/td/table[1]/tbody/tr[2]/td/table/tbody/tr[1]/td/div[2]/table[2]/tbody/tr/td/div/input</arg>
<arg>${user}[1]</arg>
<doc>Types the given ``text`` into the text field identified by ``locator``.</doc>
<msg timestamp="20220729 11:41:02.415" level="INFO">Typing text 'Admin@123' into text field 'xpath:/html/body/div/div/form/table[2]/tbody/tr/td/table[1]/tbody/tr[2]/td/table/tbody/tr[1]/td/div[2]/table[2]/tbody/tr/td/div/input'.</msg>
<status status="PASS" starttime="20220729 11:41:02.414" endtime="20220729 11:41:02.449"/>
</kw>
<kw name="Click Element" library="SeleniumLibrary">
<arg>xpath:/html/body/div/div/form/table[2]/tbody/tr/td/table[1]/tbody/tr[3]/td/input</arg>
<doc>Click the element identified by ``locator``.</doc>
<msg timestamp="20220729 11:41:02.449" level="INFO">Clicking element 'xpath:/html/body/div/div/form/table[2]/tbody/tr/td/table[1]/tbody/tr[3]/td/input'.</msg>
<status status="PASS" starttime="20220729 11:41:02.449" endtime="20220729 11:41:16.337"/>
</kw>
<kw name="Sleep" library="BuiltIn">
<arg>2</arg>
<doc>Pauses the test executed for the given time.</doc>
<msg timestamp="20220729 11:41:18.339" level="INFO">Slept 2 seconds</msg>
<status status="PASS" starttime="20220729 11:41:16.337" endtime="20220729 11:41:18.339"/>
</kw>
<kw name="Evaluate" library="BuiltIn">
<var>${from}</var>
<arg>${counter}*${per_user}</arg>
<doc>Evaluates the given expression in Python and returns the result.</doc>
<msg timestamp="20220729 11:41:18.340" level="INFO">${from} = 0</msg>
<status status="PASS" starttime="20220729 11:41:18.339" endtime="20220729 11:41:18.340"/>
</kw>
<kw name="Evaluate" library="BuiltIn">
<var>${to}</var>
<arg>${counter}*${per_user}+${per_user}</arg>
<doc>Evaluates the given expression in Python and returns the result.</doc>
<msg timestamp="20220729 11:41:18.341" level="INFO">${to} = 102</msg>
<status status="PASS" starttime="20220729 11:41:18.340" endtime="20220729 11:41:18.341"/>
</kw>
<for flavor="IN">
<var>${website}</var>
<value>@{websites}</value>
<iter>
<var name="${website}">http://www.atomadersgame.com/</var>
<kw name="Log To Console" library="BuiltIn">
<arg>${website}</arg>
<doc>Logs the given message to the console.</doc>
<status status="PASS" starttime="20220729 11:41:18.341" endtime="20220729 11:41:18.341"/>
</kw>
<kw name="Execute Javascript" library="SeleniumLibrary">
<arg>window.open("${website}")</arg>
<doc>Executes the given JavaScript code with possible arguments.</doc>
<msg timestamp="20220729 11:41:18.342" level="INFO">Executing JavaScript:
window.open("http://www.atomadersgame.com/")
Without any arguments.</msg>
<status status="PASS" starttime="20220729 11:41:18.341" endtime="20220729 11:41:18.347"/>
</kw>
<status status="PASS" starttime="20220729 11:41:18.341" endtime="20220729 11:41:18.347"/>
</iter>
<iter>
<var name="${website}">http://www.oneononepsychic.com/</var>
<kw name="Log To Console" library="BuiltIn">
<arg>${website}</arg>
<doc>Logs the given message to the console.</doc>
<status status="PASS" starttime="20220729 11:41:18.347" endtime="20220729 11:41:18.347"/>
</kw>
<kw name="Execute Javascript" library="SeleniumLibrary">
<arg>window.open("${website}")</arg>
<doc>Executes the given JavaScript code with possible arguments.</doc>
<msg timestamp="20220729 11:41:18.348" level="INFO">Executing JavaScript:
window.open("http://www.oneononepsychic.com/")
Without any arguments.</msg>
<status status="PASS" starttime="20220729 11:41:18.347" endtime="20220729 11:41:18.353"/>
</kw>
<status status="PASS" starttime="20220729 11:41:18.347" endtime="20220729 11:41:18.353"/>
</iter>
<iter>
<var name="${website}">http://www.freebingo.net/</var>
<kw name="Log To Console" library="BuiltIn">
<arg>${website}</arg>
<doc>Logs the given message to the console.</doc>
<status status="PASS" starttime="20220729 11:41:18.354" endtime="20220729 11:41:18.372"/>
</kw>
<kw name="Execute Javascript" library="SeleniumLibrary">
<arg>window.open("${website}")</arg>
<doc>Executes the given JavaScript code with possible arguments.</doc>
<msg timestamp="20220729 11:41:18.373" level="INFO">Executing JavaScript:
window.open("http://www.freebingo.net/")
Without any arguments.</msg>
<status status="PASS" starttime="20220729 11:41:18.373" endtime="20220729 11:41:18.378"/>
</kw>
<status status="PASS" starttime="20220729 11:41:18.354" endtime="20220729 11:41:18.378"/>
</iter>
<iter>
<var name="${website}">http://www.the-idx.com/</var>
<kw name="Log To Console" library="BuiltIn">
<arg>${website}</arg>
<doc>Logs the given message to the console.</doc>
<status status="PASS" starttime="20220729 11:41:18.378" endtime="20220729 11:41:18.378"/>
</kw>
<kw name="Execute Javascript" library="SeleniumLibrary">
<arg>window.open("${website}")</arg>
<doc>Executes the given JavaScript code with possible arguments.</doc>
<msg timestamp="20220729 11:41:18.378" level="INFO">Executing JavaScript:
window.open("http://www.the-idx.com/")
Without any arguments.</msg>
<status status="PASS" starttime="20220729 11:41:18.378" endtime="20220729 11:41:18.383"/>
</kw>
<status status="PASS" starttime="20220729 11:41:18.378" endtime="20220729 11:41:18.383"/>
</iter>
<iter>
<var name="${website}">http://www.howard.tv/</var>
<kw name="Log To Console" library="BuiltIn">
<arg>${website}</arg>
<doc>Logs the given message to the console.</doc>
<status status="PASS" starttime="20220729 11:41:18.383" endtime="20220729 11:41:18.383"/>
</kw>
<kw name="Execute Javascript" library="SeleniumLibrary">
<arg>window.open("${website}")</arg>
<doc>Executes the given JavaScript code with possible arguments.</doc>
<msg timestamp="20220729 11:41:18.384" level="INFO">Executing JavaScript:
window.open("http://www.howard.tv/")
Without any arguments.</msg>
<status status="PASS" starttime="20220729 11:41:18.383" endtime="20220729 11:41:18.388"/>
</kw>
<status status="PASS" starttime="20220729 11:41:18.383" endtime="20220729 11:41:18.388"/>
</iter>
<iter>
<var name="${website}">http://www.3dcenter.org/</var>
<kw name="Log To Console" library="BuiltIn">
<arg>${website}</arg>
<doc>Logs the given message to the console.</doc>
<status status="PASS" starttime="20220729 11:41:18.388" endtime="20220729 11:41:18.388"/>
</kw>
<kw name="Execute Javascript" library="SeleniumLibrary">
<arg>window.open("${website}")</arg>
<doc>Executes the given JavaScript code with possible arguments.</doc>
<msg timestamp="20220729 11:41:18.388" level="INFO">Executing JavaScript:
window.open("http://www.3dcenter.org/")
Without any arguments.</msg>
<status status="PASS" starttime="20220729 11:41:18.388" endtime="20220729 11:41:18.392"/>
</kw>
<status status="PASS" starttime="20220729 11:41:18.388" endtime="20220729 11:41:18.392"/>
</iter>
<iter>
<var name="${website}">http://www.ministryofpain.com/</var>
<kw name="Log To Console" library="BuiltIn">
<arg>${website}</arg>
<doc>Logs the given message to the console.</doc>
<status status="PASS" starttime="20220729 11:41:18.392" endtime="20220729 11:41:18.392"/>
</kw>
<kw name="Execute Javascript" library="SeleniumLibrary">
<arg>window.open("${website}")</arg>
<doc>Executes the given JavaScript code with possible arguments.</doc>
<msg timestamp="20220729 11:41:18.393" level="INFO">Executing JavaScript:
window.open("http://www.ministryofpain.com/")
Without any arguments.</msg>
<status status="PASS" starttime="20220729 11:41:18.393" endtime="20220729 11:41:18.397"/>
</kw>
<status status="PASS" starttime="20220729 11:41:18.392" endtime="20220729 11:41:18.397"/>
</iter>
<iter>
<var name="${website}">http://www.funquizcards.com/</var>
<kw name="Log To Console" library="BuiltIn">
<arg>${website}</arg>
<doc>Logs the given message to the console.</doc>
<status status="PASS" starttime="20220729 11:41:18.397" endtime="20220729 11:41:18.398"/>
</kw>
<kw name="Execute Javascript" library="SeleniumLibrary">
<arg>window.open("${website}")</arg>
<doc>Executes the given JavaScript code with possible arguments.</doc>
<msg timestamp="20220729 11:41:18.398" level="INFO">Executing JavaScript:
window.open("http://www.funquizcards.com/")
Without any arguments.</msg>
<status status="PASS" starttime="20220729 11:41:18.398" endtime="20220729 11:41:18.402"/>
</kw>
<status status="PASS" starttime="20220729 11:41:18.397" endtime="20220729 11:41:18.402"/>
</iter>
<iter>
<var name="${website}">http://www.bbc.co.uk/history/</var>
<kw name="Log To Console" library="BuiltIn">
<arg>${website}</arg>
<doc>Logs the given message to the console.</doc>
<status status="PASS" starttime="20220729 11:41:18.403" endtime="20220729 11:41:18.403"/>
</kw>
<kw name="Execute Javascript" library="SeleniumLibrary">
<arg>window.open("${website}")</arg>
<doc>Executes the given JavaScript code with possible arguments.</doc>
<msg timestamp="20220729 11:41:18.403" level="INFO">Executing JavaScript:
window.open("http://www.bbc.co.uk/history/")
Without any arguments.</msg>
<status status="PASS" starttime="20220729 11:41:18.403" endtime="20220729 11:41:18.407"/>
</kw>
<status status="PASS" starttime="20220729 11:41:18.402" endtime="20220729 11:41:18.407"/>
</iter>
<iter>
<var name="${website}">http://www.brainfucked.com/</var>
<kw name="Log To Console" library="BuiltIn">
<arg>${website}</arg>
<doc>Logs the given message to the console.</doc>
<status status="PASS" starttime="20220729 11:41:18.407" endtime="20220729 11:41:18.408"/>
</kw>
<kw name="Execute Javascript" library="SeleniumLibrary">
<arg>window.open("${website}")</arg>
<doc>Executes the given JavaScript code with possible arguments.</doc>
<msg timestamp="20220729 11:41:18.408" level="INFO">Executing JavaScript:
window.open("http://www.brainfucked.com/")
Without any arguments.</msg>
<status status="PASS" starttime="20220729 11:41:18.408" endtime="20220729 11:41:18.413"/>
</kw>
<status status="PASS" starttime="20220729 11:41:18.407" endtime="20220729 11:41:18.413"/>
</iter>
<iter>
<var name="${website}">http://www.gay-scallys.com/</var>
<kw name="Log To Console" library="BuiltIn">
<arg>${website}</arg>
<doc>Logs the given message to the console.</doc>
<status status="PASS" starttime="20220729 11:41:18.413" endtime="20220729 11:41:18.413"/>
</kw>
<kw name="Execute Javascript" library="SeleniumLibrary">
<arg>window.open("${website}")</arg>
<doc>Executes the given JavaScript code with possible arguments.</doc>
<msg timestamp="20220729 11:41:18.413" level="INFO">Executing JavaScript:
window.open("http://www.gay-scallys.com/")
Without any arguments.</msg>
<status status="PASS" starttime="20220729 11:41:18.413" endtime="20220729 11:41:18.417"/>
</kw>
<status status="PASS" starttime="20220729 11:41:18.413" endtime="20220729 11:41:18.418"/>
</iter>
<iter>
<var name="${website}">http://www.thizzarcade.com/</var>
<kw name="Log To Console" library="BuiltIn">
<arg>${website}</arg>
<doc>Logs the given message to the console.</doc>
<status status="PASS" starttime="20220729 11:41:18.418" endtime="20220729 11:41:18.418"/>
</kw>
<kw name="Execute Javascript" library="SeleniumLibrary">
<arg>window.open("${website}")</arg>
<doc>Executes the given JavaScript code with possible arguments.</doc>
<msg timestamp="20220729 11:41:18.418" level="INFO">Executing JavaScript:
window.open("http://www.thizzarcade.com/")
Without any arguments.</msg>
<status status="PASS" starttime="20220729 11:41:18.418" endtime="20220729 11:41:18.425"/>
</kw>
<status status="PASS" starttime="20220729 11:41:18.418" endtime="20220729 11:41:18.425"/>
</iter>
<iter>
<var name="${website}">http://www.bgwarriors.crew.st/</var>
<kw name="Log To Console" library="BuiltIn">
<arg>${website}</arg>
<doc>Logs the given message to the console.</doc>
<status status="PASS" starttime="20220729 11:41:18.425" endtime="20220729 11:41:18.425"/>
</kw>
<kw name="Execute Javascript" library="SeleniumLibrary">
<arg>window.open("${website}")</arg>
<doc>Executes the given JavaScript code with possible arguments.</doc>
<msg timestamp="20220729 11:41:18.426" level="INFO">Executing JavaScript:
window.open("http://www.bgwarriors.crew.st/")
Without any arguments.</msg>
<status status="PASS" starttime="20220729 11:41:18.425" endtime="20220729 11:41:18.431"/>
</kw>
<status status="PASS" starttime="20220729 11:41:18.425" endtime="20220729 11:41:18.431"/>
</iter>
<iter>
<var name="${website}">http://www.racereviewer.com/</var>
<kw name="Log To Console" library="BuiltIn">
<arg>${website}</arg>
<doc>Logs the given message to the console.</doc>
<status status="PASS" starttime="20220729 11:41:18.431" endtime="20220729 11:41:18.432"/>
</kw>
<kw name="Execute Javascript" library="SeleniumLibrary">
<arg>window.open("${website}")</arg>
<doc>Executes the given JavaScript code with possible arguments.</doc>
<msg timestamp="20220729 11:41:18.432" level="INFO">Executing JavaScript:
window.open("http://www.racereviewer.com/")
Without any arguments.</msg>
<status status="PASS" starttime="20220729 11:41:18.432" endtime="20220729 11:41:18.437"/>
</kw>
<status status="PASS" starttime="20220729 11:41:18.431" endtime="20220729 11:41:18.437"/>
</iter>
<iter>
<var name="${website}">http://www.green-kingdom.com/</var>
<kw name="Log To Console" library="BuiltIn">
<arg>${website}</arg>
<doc>Logs the given message to the console.</doc>
<status status="PASS" starttime="20220729 11:41:18.438" endtime="20220729 11:41:18.438"/>
</kw>
<kw name="Execute Javascript" library="SeleniumLibrary">
<arg>window.open("${website}")</arg>
<doc>Executes the given JavaScript code with possible arguments.</doc>
<msg timestamp="20220729 11:41:18.438" level="INFO">Executing JavaScript:
window.open("http://www.green-kingdom.com/")
Without any arguments.</msg>
<status status="PASS" starttime="20220729 11:41:18.438" endtime="20220729 11:41:18.443"/>
</kw>
<status status="PASS" starttime="20220729 11:41:18.437" endtime="20220729 11:41:18.443"/>
</iter>
<iter>
<var name="${website}">http://www.zuuble.com/</var>
<kw name="Log To Console" library="BuiltIn">
<arg>${website}</arg>
<doc>Logs the given message to the console.</doc>
<status status="PASS" starttime="20220729 11:41:18.444" endtime="20220729 11:41:18.444"/>
</kw>
<kw name="Execute Javascript" library="SeleniumLibrary">
<arg>window.open("${website}")</arg>
<doc>Executes the given JavaScript code with possible arguments.</doc>
<msg timestamp="20220729 11:41:18.444" level="INFO">Executing JavaScript:
window.open("http://www.zuuble.com/")
Without any arguments.</msg>
<status status="PASS" starttime="20220729 11:41:18.444" endtime="20220729 11:41:18.449"/>
</kw>
<status status="PASS" starttime="20220729 11:41:18.443" endtime="20220729 11:41:18.449"/>
</iter>
<iter>
<var name="${website}">http://www.rapedape.com/</var>
<kw name="Log To Console" library="BuiltIn">
<arg>${website}</arg>
<doc>Logs the given message to the console.</doc>
<status status="PASS" starttime="20220729 11:41:18.449" endtime="20220729 11:41:18.450"/>
</kw>
<kw name="Execute Javascript" library="SeleniumLibrary">
<arg>window.open("${website}")</arg>
<doc>Executes the given JavaScript code with possible arguments.</doc>
<msg timestamp="20220729 11:41:18.450" level="INFO">Executing JavaScript:
window.open("http://www.rapedape.com/")
Without any arguments.</msg>
<status status="PASS" starttime="20220729 11:41:18.450" endtime="20220729 11:41:18.454"/>
</kw>
<status status="PASS" starttime="20220729 11:41:18.449" endtime="20220729 11:41:18.454"/>
</iter>
<iter>
<var name="${website}">http://fullmotionvideo.free.fr/</var>
<kw name="Log To Console" library="BuiltIn">
<arg>${website}</arg>
<doc>Logs the given message to the console.</doc>
<status status="PASS" starttime="20220729 11:41:18.455" endtime="20220729 11:41:18.455"/>
</kw>
<kw name="Execute Javascript" library="SeleniumLibrary">
<arg>window.open("${website}")</arg>
<doc>Executes the given JavaScript code with possible arguments.</doc>
<msg timestamp="20220729 11:41:18.455" level="INFO">Executing JavaScript:
window.open("http://fullmotionvideo.free.fr/")
Without any arguments.</msg>
<status status="PASS" starttime="20220729 11:41:18.455" endtime="20220729 11:41:18.462"/>
</kw>
<status status="PASS" starttime="20220729 11:41:18.455" endtime="20220729 11:41:18.462"/>
</iter>
<iter>
<var name="${website}">http://campusauthority.com/</var>
<kw name="Log To Console" library="BuiltIn">
<arg>${website}</arg>
<doc>Logs the given message to the console.</doc>
<status status="PASS" starttime="20220729 11:41:18.462" endtime="20220729 11:41:18.463"/>
</kw>
<kw name="Execute Javascript" library="SeleniumLibrary">
<arg>window.open("${website}")</arg>
<doc>Executes the given JavaScript code with possible arguments.</doc>
<msg timestamp="20220729 11:41:18.463" level="INFO">Executing JavaScript:
window.open("http://campusauthority.com/")
Without any arguments.</msg>
<status status="PASS" starttime="20220729 11:41:18.463" endtime="20220729 11:41:18.468"/>
</kw>
<status status="PASS" starttime="20220729 11:41:18.462" endtime="20220729 11:41:18.468"/>
</iter>
<iter>
<var name="${website}">http://www.battlefoundry.net/</var>
<kw name="Log To Console" library="BuiltIn">
<arg>${website}</arg>
<doc>Logs the given message to the console.</doc>
<status status="PASS" starttime="20220729 11:41:18.468" endtime="20220729 11:41:18.468"/>
</kw>
<kw name="Execute Javascript" library="SeleniumLibrary">
<arg>window.open("${website}")</arg>
<doc>Executes the given JavaScript code with possible arguments.</doc>
<msg timestamp="20220729 11:41:18.469" level="INFO">Executing JavaScript:
window.open("http://www.battlefoundry.net/")
Without any arguments.</msg>
<status status="PASS" starttime="20220729 11:41:18.468" endtime="20220729 11:41:18.473"/>
</kw>
<status status="PASS" starttime="20220729 11:41:18.468" endtime="20220729 11:41:18.473"/>
</iter>
<iter>
<var name="${website}">http://www.extreme-esports.de/</var>
<kw name="Log To Console" library="BuiltIn">
<arg>${website}</arg>
<doc>Logs the given message to the console.</doc>
<status status="PASS" starttime="20220729 11:41:18.474" endtime="20220729 11:41:18.474"/>
</kw>
<kw name="Execute Javascript" library="SeleniumLibrary">
<arg>window.open("${website}")</arg>
<doc>Executes the given JavaScript code with possible arguments.</doc>
<msg timestamp="20220729 11:41:18.474" level="INFO">Executing JavaScript:
window.open("http://www.extreme-esports.de/")
Without any arguments.</msg>
<status status="PASS" starttime="20220729 11:41:18.474" endtime="20220729 11:41:18.480"/>
</kw>
<status status="PASS" starttime="20220729 11:41:18.474" endtime="20220729 11:41:18.480"/>
</iter>
<iter>
<var name="${website}">http://www.yashrajfilms.com/Images/home/d2main_usa.swf</var>
<kw name="Log To Console" library="BuiltIn">
<arg>${website}</arg>
<doc>Logs the given message to the console.</doc>
<status status="PASS" starttime="20220729 11:41:18.480" endtime="20220729 11:41:18.480"/>
</kw>
<kw name="Execute Javascript" library="SeleniumLibrary">
<arg>window.open("${website}")</arg>
<doc>Executes the given JavaScript code with possible arguments.</doc>
<msg timestamp="20220729 11:41:18.481" level="INFO">Executing JavaScript:
window.open("http://www.yashrajfilms.com/Images/home/d2main_usa.swf")
Without any arguments.</msg>
<status status="PASS" starttime="20220729 11:41:18.480" endtime="20220729 11:41:18.486"/>
</kw>
<status status="PASS" starttime="20220729 11:41:18.480" endtime="20220729 11:41:18.486"/>
</iter>
<iter>
<var name="${website}">http://www.freeonlinegameworld.com/</var>
<kw name="Log To Console" library="BuiltIn">
<arg>${website}</arg>
<doc>Logs the given message to the console.</doc>
<status status="PASS" starttime="20220729 11:41:18.486" endtime="20220729 11:41:18.487"/>
</kw>
<kw name="Execute Javascript" library="SeleniumLibrary">
<arg>window.open("${website}")</arg>
<doc>Executes the given JavaScript code with possible arguments.</doc>
<msg timestamp="20220729 11:41:18.487" level="INFO">Executing JavaScript:
window.open("http://www.freeonlinegameworld.com/")
Without any arguments.</msg>
<status status="PASS" starttime="20220729 11:41:18.487" endtime="20220729 11:41:18.493"/>
</kw>
<status status="PASS" starttime="20220729 11:41:18.486" endtime="20220729 11:41:18.493"/>
</iter>
<iter>
<var name="${website}">http://www.fullversion-downloads.com/</var>
<kw name="Log To Console" library="BuiltIn">
<arg>${website}</arg>
<doc>Logs the given message to the console.</doc>
<status status="PASS" starttime="20220729 11:41:18.493" endtime="20220729 11:41:18.494"/>
</kw>
<kw name="Execute Javascript" library="SeleniumLibrary">
<arg>window.open("${website}")</arg>
<doc>Executes the given JavaScript code with possible arguments.</doc>
<msg timestamp="20220729 11:41:18.494" level="INFO">Executing JavaScript:
window.open("http://www.fullversion-downloads.com/")
Without any arguments.</msg>
<status status="PASS" starttime="20220729 11:41:18.494" endtime="20220729 11:41:18.499"/>
</kw>
<status status="PASS" starttime="20220729 11:41:18.493" endtime="20220729 11:41:18.499"/>
</iter>
<iter>
<var name="${website}">http://www.cool-comics.de/</var>
<kw name="Log To Console" library="BuiltIn">
<arg>${website}</arg>
<doc>Logs the given message to the console.</doc>
<status status="PASS" starttime="20220729 11:41:18.500" endtime="20220729 11:41:18.501"/>
</kw>
<kw name="Execute Javascript" library="SeleniumLibrary">
<arg>window.open("${website}")</arg>
<doc>Executes the given JavaScript code with possible arguments.</doc>
<msg timestamp="20220729 11:41:18.501" level="INFO">Executing JavaScript:
window.open("http://www.cool-comics.de/")
Without any arguments.</msg>
<status status="PASS" starttime="20220729 11:41:18.501" endtime="20220729 11:41:18.505"/>
</kw>
<status status="PASS" starttime="20220729 11:41:18.500" endtime="20220729 11:41:18.505"/>
</iter>
<iter>
<var name="${website}">http://www.computer-tip.de/</var>
<kw name="Log To Console" library="BuiltIn">
<arg>${website}</arg>
<doc>Logs the given message to the console.</doc>
<status status="PASS" starttime="20220729 11:41:18.506" endtime="20220729 11:41:18.506"/>
</kw>
<kw name="Execute Javascript" library="SeleniumLibrary">
<arg>window.open("${website}")</arg>
<doc>Executes the given JavaScript code with possible arguments.</doc>
<msg timestamp="20220729 11:41:18.506" level="INFO">Executing JavaScript:
window.open("http://www.computer-tip.de/")
Without any arguments.</msg>
<status status="PASS" starttime="20220729 11:41:18.506" endtime="20220729 11:41:18.510"/>
</kw>
<status status="PASS" starttime="20220729 11:41:18.505" endtime="20220729 11:41:18.510"/>
</iter>
<iter>
<var name="${website}">http://www.regencyclinic.co.uk/</var>
<kw name="Log To Console" library="BuiltIn">
<arg>${website}</arg>
<doc>Logs the given message to the console.</doc>
<status status="PASS" starttime="20220729 11:41:18.511" endtime="20220729 11:41:18.511"/>
</kw>
<kw name="Execute Javascript" library="SeleniumLibrary">
<arg>window.open("${website}")</arg>
<doc>Executes the given JavaScript code with possible arguments.</doc>
<msg timestamp="20220729 11:41:18.511" level="INFO">Executing JavaScript:
window.open("http://www.regencyclinic.co.uk/")
Without any arguments.</msg>
<status status="PASS" starttime="20220729 11:41:18.511" endtime="20220729 11:41:18.516"/>
</kw>
<status status="PASS" starttime="20220729 11:41:18.510" endtime="20220729 11:41:18.516"/>
</iter>
<iter>
<var name="${website}">http://www.necroticobsession.com/</var>
<kw name="Log To Console" library="BuiltIn">
<arg>${website}</arg>
<doc>Logs the given message to the console.</doc>
<status status="PASS" starttime="20220729 11:41:18.516" endtime="20220729 11:41:18.516"/>
</kw>
<kw name="Execute Javascript" library="SeleniumLibrary">
<arg>window.open("${website}")</arg>
<doc>Executes the given JavaScript code with possible arguments.</doc>
<msg timestamp="20220729 11:41:18.517" level="INFO">Executing JavaScript:
window.open("http://www.necroticobsession.com/")
Without any arguments.</msg>
<status status="PASS" starttime="20220729 11:41:18.517" endtime="20220729 11:41:18.522"/>
</kw>
<status status="PASS" starttime="20220729 11:41:18.516" endtime="20220729 11:41:18.522"/>
</iter>
<iter>
<var name="${website}">http://www.bmxxxx.com/</var>
<kw name="Log To Console" library="BuiltIn">
<arg>${website}</arg>
<doc>Logs the given message to the console.</doc>
<status status="PASS" starttime="20220729 11:41:18.523" endtime="20220729 11:41:18.523"/>
</kw>
<kw name="Execute Javascript" library="SeleniumLibrary">
<arg>window.open("${website}")</arg>
<doc>Executes the given JavaScript code with possible arguments.</doc>
<msg timestamp="20220729 11:41:18.523" level="INFO">Executing JavaScript:
window.open("http://www.bmxxxx.com/")
Without any arguments.</msg>
<status status="PASS" starttime="20220729 11:41:18.523" endtime="20220729 11:41:18.528"/>
</kw>
<status status="PASS" starttime="20220729 11:41:18.522" endtime="20220729 11:41:18.528"/>
</iter>
<iter>
<var name="${website}">http://www.freeclyde.com/</var>
<kw name="Log To Console" library="BuiltIn">
<arg>${website}</arg>
<doc>Logs the given message to the console.</doc>
<status status="PASS" starttime="20220729 11:41:18.528" endtime="20220729 11:41:18.529"/>
</kw>
<kw name="Execute Javascript" library="SeleniumLibrary">
<arg>window.open("${website}")</arg>
<doc>Executes the given JavaScript code with possible arguments.</doc>
<msg timestamp="20220729 11:41:18.529" level="INFO">Executing JavaScript:
window.open("http://www.freeclyde.com/")
Without any arguments.</msg>
<status status="PASS" starttime="20220729 11:41:18.529" endtime="20220729 11:41:18.534"/>
</kw>
<status status="PASS" starttime="20220729 11:41:18.528" endtime="20220729 11:41:18.534"/>
</iter>
<iter>
<var name="${website}">http://www.xoanan.com/</var>
<kw name="Log To Console" library="BuiltIn">
<arg>${website}</arg>
<doc>Logs the given message to the console.</doc>
<status status="PASS" starttime="20220729 11:41:18.534" endtime="20220729 11:41:18.534"/>
</kw>
<kw name="Execute Javascript" library="SeleniumLibrary">
<arg>window.open("${website}")</arg>
<doc>Executes the given JavaScript code with possible arguments.</doc>
<msg timestamp="20220729 11:41:18.535" level="INFO">Executing JavaScript:
window.open("http://www.xoanan.com/")
Without any arguments.</msg>
<status status="PASS" starttime="20220729 11:41:18.534" endtime="20220729 11:41:18.539"/>
</kw>
<status status="PASS" starttime="20220729 11:41:18.534" endtime="20220729 11:41:18.539"/>
</iter>
<iter>
<var name="${website}">http://www.alura.co.nz/</var>
<kw name="Log To Console" library="BuiltIn">
<arg>${website}</arg>
<doc>Logs the given message to the console.</doc>
<status status="PASS" starttime="20220729 11:41:18.539" endtime="20220729 11:41:18.539"/>
</kw>
<kw name="Execute Javascript" library="SeleniumLibrary">
<arg>window.open("${website}")</arg>
<doc>Executes the given JavaScript code with possible arguments.</doc>
<msg timestamp="20220729 11:41:18.540" level="INFO">Executing JavaScript:
window.open("http://www.alura.co.nz/")
Without any arguments.</msg>
<status status="PASS" starttime="20220729 11:41:18.540" endtime="20220729 11:41:18.544"/>
</kw>
<status status="PASS" starttime="20220729 11:41:18.539" endtime="20220729 11:41:18.544"/>
</iter>
<iter>
<var name="${website}">http://www.humorbomb.com/</var>
<kw name="Log To Console" library="BuiltIn">
<arg>${website}</arg>
<doc>Logs the given message to the console.</doc>
<status status="PASS" starttime="20220729 11:41:18.545" endtime="20220729 11:41:18.545"/>
</kw>
<kw name="Execute Javascript" library="SeleniumLibrary">
<arg>window.open("${website}")</arg>
<doc>Executes the given JavaScript code with possible arguments.</doc>
<msg timestamp="20220729 11:41:18.545" level="INFO">Executing JavaScript:
window.open("http://www.humorbomb.com/")
Without any arguments.</msg>
<status status="PASS" starttime="20220729 11:41:18.545" endtime="20220729 11:41:18.549"/>
</kw>
<status status="PASS" starttime="20220729 11:41:18.544" endtime="20220729 11:41:18.550"/>
</iter>
<iter>
<var name="${website}">http://www.miss-by-elaine.com/</var>
<kw name="Log To Console" library="BuiltIn">
<arg>${website}</arg>
<doc>Logs the given message to the console.</doc>
<status status="PASS" starttime="20220729 11:41:18.550" endtime="20220729 11:41:18.550"/>
</kw>
<kw name="Execute Javascript" library="SeleniumLibrary">
<arg>window.open("${website}")</arg>
<doc>Executes the given JavaScript code with possible arguments.</doc>
<msg timestamp="20220729 11:41:18.550" level="INFO">Executing JavaScript:
window.open("http://www.miss-by-elaine.com/")
Without any arguments.</msg>
<status status="PASS" starttime="20220729 11:41:18.550" endtime="20220729 11:41:18.556"/>
</kw>
<status status="PASS" starttime="20220729 11:41:18.550" endtime="20220729 11:41:18.556"/>
</iter>
<iter>
<var name="${website}">http://www.playerschoicegames.com/</var>
<kw name="Log To Console" library="BuiltIn">
<arg>${website}</arg>
<doc>Logs the given message to the console.</doc>
<status status="PASS" starttime="20220729 11:41:18.556" endtime="20220729 11:41:18.556"/>
</kw>
<kw name="Execute Javascript" library="SeleniumLibrary">
<arg>window.open("${website}")</arg>
<doc>Executes the given JavaScript code with possible arguments.</doc>
<msg timestamp="20220729 11:41:18.556" level="INFO">Executing JavaScript:
window.open("http://www.playerschoicegames.com/")
Without any arguments.</msg>
<status status="PASS" starttime="20220729 11:41:18.556" endtime="20220729 11:41:18.561"/>
</kw>
<status status="PASS" starttime="20220729 11:41:18.556" endtime="20220729 11:41:18.561"/>
</iter>
<iter>
<var name="${website}">http://www.love4couples.com/</var>
<kw name="Log To Console" library="BuiltIn">
<arg>${website}</arg>
<doc>Logs the given message to the console.</doc>
<status status="PASS" starttime="20220729 11:41:18.561" endtime="20220729 11:41:18.561"/>
</kw>
<kw name="Execute Javascript" library="SeleniumLibrary">
<arg>window.open("${website}")</arg>
<doc>Executes the given JavaScript code with possible arguments.</doc>
<msg timestamp="20220729 11:41:18.561" level="INFO">Executing JavaScript:
window.open("http://www.love4couples.com/")
Without any arguments.</msg>
<status status="PASS" starttime="20220729 11:41:18.561" endtime="20220729 11:41:18.567"/>
</kw>
<status status="PASS" starttime="20220729 11:41:18.561" endtime="20220729 11:41:18.567"/>
</iter>
<iter>
<var name="${website}">http://www.freequizzes.co.uk/</var>
<kw name="Log To Console" library="BuiltIn">
<arg>${website}</arg>
<doc>Logs the given message to the console.</doc>
<status status="PASS" starttime="20220729 11:41:18.567" endtime="20220729 11:41:18.567"/>
</kw>
<kw name="Execute Javascript" library="SeleniumLibrary">
<arg>window.open("${website}")</arg>
<doc>Executes the given JavaScript code with possible arguments.</doc>
<msg timestamp="20220729 11:41:18.567" level="INFO">Executing JavaScript:
window.open("http://www.freequizzes.co.uk/")
Without any arguments.</msg>
<status status="PASS" starttime="20220729 11:41:18.567" endtime="20220729 11:41:18.572"/>
</kw>
<status status="PASS" starttime="20220729 11:41:18.567" endtime="20220729 11:41:18.572"/>
</iter>
<iter>
<var name="${website}">http://www.tvringtone.nl/</var>
<kw name="Log To Console" library="BuiltIn">
<arg>${website}</arg>
<doc>Logs the given message to the console.</doc>
<status status="PASS" starttime="20220729 11:41:18.573" endtime="20220729 11:41:18.573"/>
</kw>
<kw name="Execute Javascript" library="SeleniumLibrary">
<arg>window.open("${website}")</arg>
<doc>Executes the given JavaScript code with possible arguments.</doc>
<msg timestamp="20220729 11:41:18.573" level="INFO">Executing JavaScript:
window.open("http://www.tvringtone.nl/")
Without any arguments.</msg>
<status status="PASS" starttime="20220729 11:41:18.573" endtime="20220729 11:41:18.577"/>
</kw>
<status status="PASS" starttime="20220729 11:41:18.572" endtime="20220729 11:41:18.577"/>
</iter>
<iter>
<var name="${website}">http://www.onlineblackjackstrategy.com/</var>
<kw name="Log To Console" library="BuiltIn">
<arg>${website}</arg>
<doc>Logs the given message to the console.</doc>
<status status="PASS" starttime="20220729 11:41:18.577" endtime="20220729 11:41:18.577"/>
</kw>
<kw name="Execute Javascript" library="SeleniumLibrary">
<arg>window.open("${website}")</arg>
<doc>Executes the given JavaScript code with possible arguments.</doc>
<msg timestamp="20220729 11:41:18.578" level="INFO">Executing JavaScript:
window.open("http://www.onlineblackjackstrategy.com/")
Without any arguments.</msg>
<status status="PASS" starttime="20220729 11:41:18.578" endtime="20220729 11:41:18.582"/>
</kw>
<status status="PASS" starttime="20220729 11:41:18.577" endtime="20220729 11:41:18.582"/>
</iter>
<iter>
<var name="${website}">http://www.unlockbebo.com/</var>
<kw name="Log To Console" library="BuiltIn">
<arg>${website}</arg>
<doc>Logs the given message to the console.</doc>
<status status="PASS" starttime="20220729 11:41:18.582" endtime="20220729 11:41:18.582"/>
</kw>
<kw name="Execute Javascript" library="SeleniumLibrary">
<arg>window.open("${website}")</arg>
<doc>Executes the given JavaScript code with possible arguments.</doc>
<msg timestamp="20220729 11:41:18.582" level="INFO">Executing JavaScript:
window.open("http://www.unlockbebo.com/")
Without any arguments.</msg>
<status status="PASS" starttime="20220729 11:41:18.582" endtime="20220729 11:41:18.586"/>
</kw>
<status status="PASS" starttime="20220729 11:41:18.582" endtime="20220729 11:41:18.586"/>
</iter>
<iter>
<var name="${website}">http://www.stupidlinks.net/</var>
<kw name="Log To Console" library="BuiltIn">
<arg>${website}</arg>
<doc>Logs the given message to the console.</doc>
<status status="PASS" starttime="20220729 11:41:18.586" endtime="20220729 11:41:18.586"/>
</kw>
<kw name="Execute Javascript" library="SeleniumLibrary">
<arg>window.open("${website}")</arg>
<doc>Executes the given JavaScript code with possible arguments.</doc>
<msg timestamp="20220729 11:41:18.587" level="INFO">Executing JavaScript:
window.open("http://www.stupidlinks.net/")
Without any arguments.</msg>
<status status="PASS" starttime="20220729 11:41:18.586" endtime="20220729 11:41:18.592"/>
</kw>
<status status="PASS" starttime="20220729 11:41:18.586" endtime="20220729 11:41:18.592"/>
</iter>
<iter>
<var name="${website}">http://www.netnet.net/</var>
<kw name="Log To Console" library="BuiltIn">
<arg>${website}</arg>
<doc>Logs the given message to the console.</doc>
<status status="PASS" starttime="20220729 11:41:18.592" endtime="20220729 11:41:18.593"/>
</kw>
<kw name="Execute Javascript" library="SeleniumLibrary">
<arg>window.open("${website}")</arg>
<doc>Executes the given JavaScript code with possible arguments.</doc>
<msg timestamp="20220729 11:41:18.593" level="INFO">Executing JavaScript:
window.open("http://www.netnet.net/")
Without any arguments.</msg>
<status status="PASS" starttime="20220729 11:41:18.593" endtime="20220729 11:41:18.598"/>
</kw>
<status status="PASS" starttime="20220729 11:41:18.592" endtime="20220729 11:41:18.598"/>
</iter>
<iter>
<var name="${website}">http://www.help-in-sex.com/</var>
<kw name="Log To Console" library="BuiltIn">
<arg>${website}</arg>
<doc>Logs the given message to the console.</doc>
<status status="PASS" starttime="20220729 11:41:18.598" endtime="20220729 11:41:18.598"/>
</kw>
<kw name="Execute Javascript" library="SeleniumLibrary">
<arg>window.open("${website}")</arg>
<doc>Executes the given JavaScript code with possible arguments.</doc>
<msg timestamp="20220729 11:41:18.599" level="INFO">Executing JavaScript:
window.open("http://www.help-in-sex.com/")
Without any arguments.</msg>
<status status="PASS" starttime="20220729 11:41:18.598" endtime="20220729 11:41:18.606"/>
</kw>
<status status="PASS" starttime="20220729 11:41:18.598" endtime="20220729 11:41:18.606"/>
</iter>
<iter>
<var name="${website}">http://www.thesite.org/sex</var>
<kw name="Log To Console" library="BuiltIn">
<arg>${website}</arg>
<doc>Logs the given message to the console.</doc>
<status status="PASS" starttime="20220729 11:41:18.606" endtime="20220729 11:41:18.606"/>
</kw>
<kw name="Execute Javascript" library="SeleniumLibrary">
<arg>window.open("${website}")</arg>
<doc>Executes the given JavaScript code with possible arguments.</doc>
<msg timestamp="20220729 11:41:18.606" level="INFO">Executing JavaScript:
window.open("http://www.thesite.org/sex")
Without any arguments.</msg>
<status status="PASS" starttime="20220729 11:41:18.606" endtime="20220729 11:41:18.610"/>
</kw>
<status status="PASS" starttime="20220729 11:41:18.606" endtime="20220729 11:41:18.610"/>
</iter>
<iter>
<var name="${website}">http://www.nabolister.com/</var>
<kw name="Log To Console" library="BuiltIn">
<arg>${website}</arg>
<doc>Logs the given message to the console.</doc>
<status status="PASS" starttime="20220729 11:41:18.611" endtime="20220729 11:41:18.611"/>
</kw>
<kw name="Execute Javascript" library="SeleniumLibrary">
<arg>window.open("${website}")</arg>
<doc>Executes the given JavaScript code with possible arguments.</doc>
<msg timestamp="20220729 11:41:18.611" level="INFO">Executing JavaScript:
window.open("http://www.nabolister.com/")
Without any arguments.</msg>
<status status="PASS" starttime="20220729 11:41:18.611" endtime="20220729 11:41:18.615"/>
</kw>
<status status="PASS" starttime="20220729 11:41:18.610" endtime="20220729 11:41:18.616"/>
</iter>
<iter>
<var name="${website}">http://www.myebanned.net/</var>
<kw name="Log To Console" library="BuiltIn">
<arg>${website}</arg>
<doc>Logs the given message to the console.</doc>
<status status="PASS" starttime="20220729 11:41:18.616" endtime="20220729 11:41:18.616"/>
</kw>
<kw name="Execute Javascript" library="SeleniumLibrary">
<arg>window.open("${website}")</arg>
<doc>Executes the given JavaScript code with possible arguments.</doc>
<msg timestamp="20220729 11:41:18.616" level="INFO">Executing JavaScript:
window.open("http://www.myebanned.net/")
Without any arguments.</msg>
<status status="PASS" starttime="20220729 11:41:18.616" endtime="20220729 11:41:18.620"/>
</kw>
<status status="PASS" starttime="20220729 11:41:18.616" endtime="20220729 11:41:18.621"/>
</iter>
<iter>
<var name="${website}">http://www.laurasmidiheaven.com/</var>
<kw name="Log To Console" library="BuiltIn">
<arg>${website}</arg>
<doc>Logs the given message to the console.</doc>
<status status="PASS" starttime="20220729 11:41:18.621" endtime="20220729 11:41:18.621"/>
</kw>
<kw name="Execute Javascript" library="SeleniumLibrary">
<arg>window.open("${website}")</arg>
<doc>Executes the given JavaScript code with possible arguments.</doc>
<msg timestamp="20220729 11:41:18.621" level="INFO">Executing JavaScript:
window.open("http://www.laurasmidiheaven.com/")
Without any arguments.</msg>
<status status="PASS" starttime="20220729 11:41:18.621" endtime="20220729 11:41:18.625"/>
</kw>
<status status="PASS" starttime="20220729 11:41:18.621" endtime="20220729 11:41:18.626"/>
</iter>
<iter>
<var name="${website}">http://www.offtopicz.com/</var>
<kw name="Log To Console" library="BuiltIn">
<arg>${website}</arg>
<doc>Logs the given message to the console.</doc>
<status status="PASS" starttime="20220729 11:41:18.626" endtime="20220729 11:41:18.626"/>
</kw>
<kw name="Execute Javascript" library="SeleniumLibrary">
<arg>window.open("${website}")</arg>
<doc>Executes the given JavaScript code with possible arguments.</doc>
<msg timestamp="20220729 11:41:18.626" level="INFO">Executing JavaScript:
window.open("http://www.offtopicz.com/")
Without any arguments.</msg>
<status status="PASS" starttime="20220729 11:41:18.626" endtime="20220729 11:41:18.630"/>
</kw>
<status status="PASS" starttime="20220729 11:41:18.626" endtime="20220729 11:41:18.630"/>
</iter>
<iter>
<var name="${website}">http://www.ecogito.net/</var>
<kw name="Log To Console" library="BuiltIn">
<arg>${website}</arg>
<doc>Logs the given message to the console.</doc>
<status status="PASS" starttime="20220729 11:41:18.630" endtime="20220729 11:41:18.631"/>
</kw>
<kw name="Execute Javascript" library="SeleniumLibrary">
<arg>window.open("${website}")</arg>
<doc>Executes the given JavaScript code with possible arguments.</doc>
<msg timestamp="20220729 11:41:18.631" level="INFO">Executing JavaScript:
window.open("http://www.ecogito.net/")
Without any arguments.</msg>
<status status="PASS" starttime="20220729 11:41:18.631" endtime="20220729 11:41:18.636"/>
</kw>
<status status="PASS" starttime="20220729 11:41:18.630" endtime="20220729 11:41:18.636"/>
</iter>
<iter>
<var name="${website}">http://www.one-in-six.co.uk/</var>
<kw name="Log To Console" library="BuiltIn">
<arg>${website}</arg>
<doc>Logs the given message to the console.</doc>
<status status="PASS" starttime="20220729 11:41:18.636" endtime="20220729 11:41:18.636"/>
</kw>
<kw name="Execute Javascript" library="SeleniumLibrary">
<arg>window.open("${website}")</arg>
<doc>Executes the given JavaScript code with possible arguments.</doc>
<msg timestamp="20220729 11:41:18.636" level="INFO">Executing JavaScript:
window.open("http://www.one-in-six.co.uk/")
Without any arguments.</msg>
<status status="PASS" starttime="20220729 11:41:18.636" endtime="20220729 11:41:18.641"/>
</kw>
<status status="PASS" starttime="20220729 11:41:18.636" endtime="20220729 11:41:18.641"/>
</iter>
<iter>
<var name="${website}">http://www.eiga-portal.com/</var>
<kw name="Log To Console" library="BuiltIn">
<arg>${website}</arg>
<doc>Logs the given message to the console.</doc>
<status status="PASS" starttime="20220729 11:41:18.641" endtime="20220729 11:41:18.641"/>
</kw>
<kw name="Execute Javascript" library="SeleniumLibrary">
<arg>window.open("${website}")</arg>
<doc>Executes the given JavaScript code with possible arguments.</doc>
<msg timestamp="20220729 11:41:18.641" level="INFO">Executing JavaScript:
window.open("http://www.eiga-portal.com/")
Without any arguments.</msg>
<status status="PASS" starttime="20220729 11:41:18.641" endtime="20220729 11:41:18.645"/>
</kw>
<status status="PASS" starttime="20220729 11:41:18.641" endtime="20220729 11:41:18.645"/>
</iter>
<iter>
<var name="${website}">http://www.clubjen.com/</var>
<kw name="Log To Console" library="BuiltIn">
<arg>${website}</arg>
<doc>Logs the given message to the console.</doc>
<status status="PASS" starttime="20220729 11:41:18.645" endtime="20220729 11:41:18.645"/>
</kw>
<kw name="Execute Javascript" library="SeleniumLibrary">
<arg>window.open("${website}")</arg>
<doc>Executes the given JavaScript code with possible arguments.</doc>
<msg timestamp="20220729 11:41:18.646" level="INFO">Executing JavaScript:
window.open("http://www.clubjen.com/")
Without any arguments.</msg>
<status status="PASS" starttime="20220729 11:41:18.645" endtime="20220729 11:41:18.650"/>
</kw>
<status status="PASS" starttime="20220729 11:41:18.645" endtime="20220729 11:41:18.650"/>
</iter>
<iter>
<var name="${website}">http://www.jenniferjanesko.com/</var>
<kw name="Log To Console" library="BuiltIn">
<arg>${website}</arg>
<doc>Logs the given message to the console.</doc>
<status status="PASS" starttime="20220729 11:41:18.650" endtime="20220729 11:41:18.650"/>
</kw>
<kw name="Execute Javascript" library="SeleniumLibrary">
<arg>window.open("${website}")</arg>
<doc>Executes the given JavaScript code with possible arguments.</doc>
<msg timestamp="20220729 11:41:18.651" level="INFO">Executing JavaScript:
window.open("http://www.jenniferjanesko.com/")
Without any arguments.</msg>
<status status="PASS" starttime="20220729 11:41:18.650" endtime="20220729 11:41:18.654"/>
</kw>
<status status="PASS" starttime="20220729 11:41:18.650" endtime="20220729 11:41:18.655"/>
</iter>
<iter>
<var name="${website}">http://www.fuckmyjeans.com/tight-jeans/</var>
<kw name="Log To Console" library="BuiltIn">
<arg>${website}</arg>
<doc>Logs the given message to the console.</doc>
<status status="PASS" starttime="20220729 11:41:18.655" endtime="20220729 11:41:18.655"/>
</kw>
<kw name="Execute Javascript" library="SeleniumLibrary">
<arg>window.open("${website}")</arg>
<doc>Executes the given JavaScript code with possible arguments.</doc>
<msg timestamp="20220729 11:41:18.655" level="INFO">Executing JavaScript:
window.open("http://www.fuckmyjeans.com/tight-jeans/")
Without any arguments.</msg>
<status status="PASS" starttime="20220729 11:41:18.655" endtime="20220729 11:41:18.660"/>
</kw>
<status status="PASS" starttime="20220729 11:41:18.655" endtime="20220729 11:41:18.660"/>
</iter>
<iter>
<var name="${website}">http://www.linuxhaxor.net/</var>
<kw name="Log To Console" library="BuiltIn">
<arg>${website}</arg>
<doc>Logs the given message to the console.</doc>
<status status="PASS" starttime="20220729 11:41:18.660" endtime="20220729 11:41:18.660"/>
</kw>
<kw name="Execute Javascript" library="SeleniumLibrary">
<arg>window.open("${website}")</arg>
<doc>Executes the given JavaScript code with possible arguments.</doc>
<msg timestamp="20220729 11:41:18.661" level="INFO">Executing JavaScript:
window.open("http://www.linuxhaxor.net/")
Without any arguments.</msg>
<status status="PASS" starttime="20220729 11:41:18.660" endtime="20220729 11:41:18.665"/>
</kw>
<status status="PASS" starttime="20220729 11:41:18.660" endtime="20220729 11:41:18.665"/>
</iter>
<iter>
<var name="${website}">http://www.odvy.com/index.php?d=penisfitness.com&amp;c=2225</var>
<kw name="Log To Console" library="BuiltIn">
<arg>${website}</arg>
<doc>Logs the given message to the console.</doc>
<status status="PASS" starttime="20220729 11:41:18.665" endtime="20220729 11:41:18.666"/>
</kw>
<kw name="Execute Javascript" library="SeleniumLibrary">
<arg>window.open("${website}")</arg>
<doc>Executes the given JavaScript code with possible arguments.</doc>
<msg timestamp="20220729 11:41:18.666" level="INFO">Executing JavaScript:
window.open("http://www.odvy.com/index.php?d=penisfitness.com&amp;c=2225")
Without any arguments.</msg>
<status status="PASS" starttime="20220729 11:41:18.666" endtime="20220729 11:41:18.670"/>
</kw>
<status status="PASS" starttime="20220729 11:41:18.665" endtime="20220729 11:41:18.670"/>
</iter>
<iter>
<var name="${website}">http://www.jasongegere.com/</var>
<kw name="Log To Console" library="BuiltIn">
<arg>${website}</arg>
<doc>Logs the given message to the console.</doc>
<status status="PASS" starttime="20220729 11:41:18.670" endtime="20220729 11:41:18.671"/>
</kw>
<kw name="Execute Javascript" library="SeleniumLibrary">
<arg>window.open("${website}")</arg>
<doc>Executes the given JavaScript code with possible arguments.</doc>
<msg timestamp="20220729 11:41:18.671" level="INFO">Executing JavaScript:
window.open("http://www.jasongegere.com/")
Without any arguments.</msg>
<status status="PASS" starttime="20220729 11:41:18.671" endtime="20220729 11:41:18.675"/>
</kw>
<status status="PASS" starttime="20220729 11:41:18.670" endtime="20220729 11:41:18.675"/>
</iter>
<iter>
<var name="${website}">http://playstation-games.com/index.html</var>
<kw name="Log To Console" library="BuiltIn">
<arg>${website}</arg>
<doc>Logs the given message to the console.</doc>
<status status="PASS" starttime="20220729 11:41:18.675" endtime="20220729 11:41:18.675"/>
</kw>
<kw name="Execute Javascript" library="SeleniumLibrary">
<arg>window.open("${website}")</arg>
<doc>Executes the given JavaScript code with possible arguments.</doc>
<msg timestamp="20220729 11:41:18.675" level="INFO">Executing JavaScript:
window.open("http://playstation-games.com/index.html")
Without any arguments.</msg>
<status status="PASS" starttime="20220729 11:41:18.675" endtime="20220729 11:41:18.679"/>
</kw>
<status status="PASS" starttime="20220729 11:41:18.675" endtime="20220729 11:41:18.679"/>
</iter>
<iter>
<var name="${website}">http://www.lancsmassage.net/</var>
<kw name="Log To Console" library="BuiltIn">
<arg>${website}</arg>
<doc>Logs the given message to the console.</doc>
<status status="PASS" starttime="20220729 11:41:18.679" endtime="20220729 11:41:18.680"/>
</kw>
<kw name="Execute Javascript" library="SeleniumLibrary">
<arg>window.open("${website}")</arg>
<doc>Executes the given JavaScript code with possible arguments.</doc>
<msg timestamp="20220729 11:41:18.680" level="INFO">Executing JavaScript:
window.open("http://www.lancsmassage.net/")
Without any arguments.</msg>
<status status="PASS" starttime="20220729 11:41:18.680" endtime="20220729 11:41:18.686"/>
</kw>
<status status="PASS" starttime="20220729 11:41:18.679" endtime="20220729 11:41:18.686"/>
</iter>
<iter>
<var name="${website}">http://www.fabrizioviscardi.it/</var>
<kw name="Log To Console" library="BuiltIn">
<arg>${website}</arg>
<doc>Logs the given message to the console.</doc>
<status status="PASS" starttime="20220729 11:41:18.686" endtime="20220729 11:41:18.686"/>
</kw>
<kw name="Execute Javascript" library="SeleniumLibrary">
<arg>window.open("${website}")</arg>
<doc>Executes the given JavaScript code with possible arguments.</doc>
<msg timestamp="20220729 11:41:18.686" level="INFO">Executing JavaScript:
window.open("http://www.fabrizioviscardi.it/")
Without any arguments.</msg>
<status status="PASS" starttime="20220729 11:41:18.686" endtime="20220729 11:41:18.692"/>
</kw>
<status status="PASS" starttime="20220729 11:41:18.686" endtime="20220729 11:41:18.693"/>
</iter>
<iter>
<var name="${website}">http://www.kidscomjr.com/</var>
<kw name="Log To Console" library="BuiltIn">
<arg>${website}</arg>
<doc>Logs the given message to the console.</doc>
<status status="PASS" starttime="20220729 11:41:18.693" endtime="20220729 11:41:18.693"/>
</kw>
<kw name="Execute Javascript" library="SeleniumLibrary">
<arg>window.open("${website}")</arg>
<doc>Executes the given JavaScript code with possible arguments.</doc>
<msg timestamp="20220729 11:41:18.693" level="INFO">Executing JavaScript:
window.open("http://www.kidscomjr.com/")
Without any arguments.</msg>
<status status="PASS" starttime="20220729 11:41:18.693" endtime="20220729 11:41:18.697"/>
</kw>
<status status="PASS" starttime="20220729 11:41:18.693" endtime="20220729 11:41:18.697"/>
</iter>
<iter>
<var name="${website}">http://www.duckguides.com/</var>
<kw name="Log To Console" library="BuiltIn">
<arg>${website}</arg>
<doc>Logs the given message to the console.</doc>
<status status="PASS" starttime="20220729 11:41:18.697" endtime="20220729 11:41:18.697"/>
</kw>
<kw name="Execute Javascript" library="SeleniumLibrary">
<arg>window.open("${website}")</arg>
<doc>Executes the given JavaScript code with possible arguments.</doc>
<msg timestamp="20220729 11:41:18.698" level="INFO">Executing JavaScript:
window.open("http://www.duckguides.com/")
Without any arguments.</msg>
<status status="PASS" starttime="20220729 11:41:18.698" endtime="20220729 11:41:18.702"/>
</kw>
<status status="PASS" starttime="20220729 11:41:18.697" endtime="20220729 11:41:18.702"/>
</iter>
<iter>
<var name="${website}">http://www.tnbc.eu/</var>
<kw name="Log To Console" library="BuiltIn">
<arg>${website}</arg>
<doc>Logs the given message to the console.</doc>
<status status="PASS" starttime="20220729 11:41:18.703" endtime="20220729 11:41:18.703"/>
</kw>
<kw name="Execute Javascript" library="SeleniumLibrary">
<arg>window.open("${website}")</arg>
<doc>Executes the given JavaScript code with possible arguments.</doc>
<msg timestamp="20220729 11:41:18.703" level="INFO">Executing JavaScript:
window.open("http://www.tnbc.eu/")
Without any arguments.</msg>
<status status="PASS" starttime="20220729 11:41:18.703" endtime="20220729 11:41:18.707"/>
</kw>
<status status="PASS" starttime="20220729 11:41:18.702" endtime="20220729 11:41:18.707"/>
</iter>
<iter>
<var name="${website}">http://www.tftribune.com/</var>
<kw name="Log To Console" library="BuiltIn">
<arg>${website}</arg>
<doc>Logs the given message to the console.</doc>
<status status="PASS" starttime="20220729 11:41:18.707" endtime="20220729 11:41:18.707"/>
</kw>
<kw name="Execute Javascript" library="SeleniumLibrary">
<arg>window.open("${website}")</arg>
<doc>Executes the given JavaScript code with possible arguments.</doc>
<msg timestamp="20220729 11:41:18.707" level="INFO">Executing JavaScript:
window.open("http://www.tftribune.com/")
Without any arguments.</msg>
<status status="PASS" starttime="20220729 11:41:18.707" endtime="20220729 11:41:18.712"/>
</kw>
<status status="PASS" starttime="20220729 11:41:18.707" endtime="20220729 11:41:18.712"/>
</iter>
<iter>
<var name="${website}">http://www.sebastiansclub.com/</var>
<kw name="Log To Console" library="BuiltIn">
<arg>${website}</arg>
<doc>Logs the given message to the console.</doc>
<status status="PASS" starttime="20220729 11:41:18.712" endtime="20220729 11:41:18.712"/>
</kw>
<kw name="Execute Javascript" library="SeleniumLibrary">
<arg>window.open("${website}")</arg>
<doc>Executes the given JavaScript code with possible arguments.</doc>
<msg timestamp="20220729 11:41:18.712" level="INFO">Executing JavaScript:
window.open("http://www.sebastiansclub.com/")
Without any arguments.</msg>
<status status="PASS" starttime="20220729 11:41:18.712" endtime="20220729 11:41:18.717"/>
</kw>
<status status="PASS" starttime="20220729 11:41:18.712" endtime="20220729 11:41:18.717"/>
</iter>
<iter>
<var name="${website}">http://www.martinperssongolf.com/</var>
<kw name="Log To Console" library="BuiltIn">
<arg>${website}</arg>
<doc>Logs the given message to the console.</doc>
<status status="PASS" starttime="20220729 11:41:18.718" endtime="20220729 11:41:18.718"/>
</kw>
<kw name="Execute Javascript" library="SeleniumLibrary">
<arg>window.open("${website}")</arg>
<doc>Executes the given JavaScript code with possible arguments.</doc>
<msg timestamp="20220729 11:41:18.718" level="INFO">Executing JavaScript:
window.open("http://www.martinperssongolf.com/")
Without any arguments.</msg>
<status status="PASS" starttime="20220729 11:41:18.718" endtime="20220729 11:41:18.724"/>
</kw>
<status status="PASS" starttime="20220729 11:41:18.718" endtime="20220729 11:41:18.724"/>
</iter>
<iter>
<var name="${website}">http://www.flixsociety.com/</var>
<kw name="Log To Console" library="BuiltIn">
<arg>${website}</arg>
<doc>Logs the given message to the console.</doc>
<status status="PASS" starttime="20220729 11:41:18.724" endtime="20220729 11:41:18.725"/>
</kw>
<kw name="Execute Javascript" library="SeleniumLibrary">
<arg>window.open("${website}")</arg>
<doc>Executes the given JavaScript code with possible arguments.</doc>
<msg timestamp="20220729 11:41:18.725" level="INFO">Executing JavaScript:
window.open("http://www.flixsociety.com/")
Without any arguments.</msg>
<status status="PASS" starttime="20220729 11:41:18.725" endtime="20220729 11:41:18.729"/>
</kw>
<status status="PASS" starttime="20220729 11:41:18.724" endtime="20220729 11:41:18.729"/>
</iter>
<iter>
<var name="${website}">http://www.internetfamilyfun.com/</var>
<kw name="Log To Console" library="BuiltIn">
<arg>${website}</arg>
<doc>Logs the given message to the console.</doc>
<status status="PASS" starttime="20220729 11:41:18.730" endtime="20220729 11:41:18.730"/>
</kw>
<kw name="Execute Javascript" library="SeleniumLibrary">
<arg>window.open("${website}")</arg>
<doc>Executes the given JavaScript code with possible arguments.</doc>
<msg timestamp="20220729 11:41:18.730" level="INFO">Executing JavaScript:
window.open("http://www.internetfamilyfun.com/")
Without any arguments.</msg>
<status status="PASS" starttime="20220729 11:41:18.730" endtime="20220729 11:41:18.735"/>
</kw>
<status status="PASS" starttime="20220729 11:41:18.729" endtime="20220729 11:41:18.735"/>
</iter>
<iter>
<var name="${website}">http://www.kobi-israel.com/</var>
<kw name="Log To Console" library="BuiltIn">
<arg>${website}</arg>
<doc>Logs the given message to the console.</doc>
<status status="PASS" starttime="20220729 11:41:18.735" endtime="20220729 11:41:18.735"/>
</kw>
<kw name="Execute Javascript" library="SeleniumLibrary">
<arg>window.open("${website}")</arg>
<doc>Executes the given JavaScript code with possible arguments.</doc>
<msg timestamp="20220729 11:41:18.735" level="INFO">Executing JavaScript:
window.open("http://www.kobi-israel.com/")
Without any arguments.</msg>
<status status="PASS" starttime="20220729 11:41:18.735" endtime="20220729 11:41:18.739"/>
</kw>
<status status="PASS" starttime="20220729 11:41:18.735" endtime="20220729 11:41:18.740"/>
</iter>
<iter>
<var name="${website}">http://www.zug.com/</var>
<kw name="Log To Console" library="BuiltIn">
<arg>${website}</arg>
<doc>Logs the given message to the console.</doc>
<status status="PASS" starttime="20220729 11:41:18.740" endtime="20220729 11:41:18.740"/>
</kw>
<kw name="Execute Javascript" library="SeleniumLibrary">
<arg>window.open("${website}")</arg>
<doc>Executes the given JavaScript code with possible arguments.</doc>
<msg timestamp="20220729 11:41:18.740" level="INFO">Executing JavaScript:
window.open("http://www.zug.com/")
Without any arguments.</msg>
<status status="PASS" starttime="20220729 11:41:18.740" endtime="20220729 11:41:18.745"/>
</kw>
<status status="PASS" starttime="20220729 11:41:18.740" endtime="20220729 11:41:18.745"/>
</iter>
<iter>
<var name="${website}">http://www.ravenrockcandy.org/</var>
<kw name="Log To Console" library="BuiltIn">
<arg>${website}</arg>
<doc>Logs the given message to the console.</doc>
<status status="PASS" starttime="20220729 11:41:18.745" endtime="20220729 11:41:18.746"/>
</kw>
<kw name="Execute Javascript" library="SeleniumLibrary">
<arg>window.open("${website}")</arg>
<doc>Executes the given JavaScript code with possible arguments.</doc>
<msg timestamp="20220729 11:41:18.746" level="INFO">Executing JavaScript:
window.open("http://www.ravenrockcandy.org/")
Without any arguments.</msg>
<status status="PASS" starttime="20220729 11:41:18.746" endtime="20220729 11:41:18.750"/>
</kw>
<status status="PASS" starttime="20220729 11:41:18.745" endtime="20220729 11:41:18.750"/>
</iter>
<iter>
<var name="${website}">http://genweb.ostg.com/google/?channel=sourceforge_new&amp;maxads=6&amp;site=sf&amp;keywords=extract%20URL</var>
<kw name="Log To Console" library="BuiltIn">
<arg>${website}</arg>
<doc>Logs the given message to the console.</doc>
<status status="PASS" starttime="20220729 11:41:18.750" endtime="20220729 11:41:18.750"/>
</kw>
<kw name="Execute Javascript" library="SeleniumLibrary">
<arg>window.open("${website}")</arg>
<doc>Executes the given JavaScript code with possible arguments.</doc>
<msg timestamp="20220729 11:41:18.751" level="INFO">Executing JavaScript:
window.open("http://genweb.ostg.com/google/?channel=sourceforge_new&amp;maxads=6&amp;site=sf&amp;keywords=extract%20URL")
Without any arguments.</msg>
<status status="PASS" starttime="20220729 11:41:18.751" endtime="20220729 11:41:18.756"/>
</kw>
<status status="PASS" starttime="20220729 11:41:18.750" endtime="20220729 11:41:18.756"/>
</iter>
<iter>
<var name="${website}">http://www.canadagaming.com/</var>
<kw name="Log To Console" library="BuiltIn">
<arg>${website}</arg>
<doc>Logs the given message to the console.</doc>
<status status="PASS" starttime="20220729 11:41:18.756" endtime="20220729 11:41:18.756"/>
</kw>
<kw name="Execute Javascript" library="SeleniumLibrary">
<arg>window.open("${website}")</arg>
<doc>Executes the given JavaScript code with possible arguments.</doc>
<msg timestamp="20220729 11:41:18.757" level="INFO">Executing JavaScript:
window.open("http://www.canadagaming.com/")
Without any arguments.</msg>
<status status="PASS" starttime="20220729 11:41:18.756" endtime="20220729 11:41:18.761"/>
</kw>
<status status="PASS" starttime="20220729 11:41:18.756" endtime="20220729 11:41:18.761"/>
</iter>
<iter>
<var name="${website}">http://www.snasna.de/</var>
<kw name="Log To Console" library="BuiltIn">
<arg>${website}</arg>
<doc>Logs the given message to the console.</doc>
<status status="PASS" starttime="20220729 11:41:18.762" endtime="20220729 11:41:18.762"/>
</kw>
<kw name="Execute Javascript" library="SeleniumLibrary">
<arg>window.open("${website}")</arg>
<doc>Executes the given JavaScript code with possible arguments.</doc>
<msg timestamp="20220729 11:41:18.762" level="INFO">Executing JavaScript:
window.open("http://www.snasna.de/")
Without any arguments.</msg>
<status status="PASS" starttime="20220729 11:41:18.762" endtime="20220729 11:41:18.767"/>
</kw>
<status status="PASS" starttime="20220729 11:41:18.761" endtime="20220729 11:41:18.767"/>
</iter>
<iter>
<var name="${website}">http://www.forumotion.com/</var>
<kw name="Log To Console" library="BuiltIn">
<arg>${website}</arg>
<doc>Logs the given message to the console.</doc>
<status status="PASS" starttime="20220729 11:41:18.767" endtime="20220729 11:41:18.767"/>
</kw>
<kw name="Execute Javascript" library="SeleniumLibrary">
<arg>window.open("${website}")</arg>
<doc>Executes the given JavaScript code with possible arguments.</doc>
<msg timestamp="20220729 11:41:18.768" level="INFO">Executing JavaScript:
window.open("http://www.forumotion.com/")
Without any arguments.</msg>
<status status="PASS" starttime="20220729 11:41:18.767" endtime="20220729 11:41:18.772"/>
</kw>
<status status="PASS" starttime="20220729 11:41:18.767" endtime="20220729 11:41:18.772"/>
</iter>
<iter>
<var name="${website}">http://www.attractalover.com/</var>
<kw name="Log To Console" library="BuiltIn">
<arg>${website}</arg>
<doc>Logs the given message to the console.</doc>
<status status="PASS" starttime="20220729 11:41:18.772" endtime="20220729 11:41:18.773"/>
</kw>
<kw name="Execute Javascript" library="SeleniumLibrary">
<arg>window.open("${website}")</arg>
<doc>Executes the given JavaScript code with possible arguments.</doc>
<msg timestamp="20220729 11:41:18.773" level="INFO">Executing JavaScript:
window.open("http://www.attractalover.com/")
Without any arguments.</msg>
<status status="PASS" starttime="20220729 11:41:18.773" endtime="20220729 11:41:18.778"/>
</kw>
<status status="PASS" starttime="20220729 11:41:18.772" endtime="20220729 11:41:18.779"/>
</iter>
<iter>
<var name="${website}">http://www.football.com/</var>
<kw name="Log To Console" library="BuiltIn">
<arg>${website}</arg>
<doc>Logs the given message to the console.</doc>
<status status="PASS" starttime="20220729 11:41:18.779" endtime="20220729 11:41:18.779"/>
</kw>
<kw name="Execute Javascript" library="SeleniumLibrary">
<arg>window.open("${website}")</arg>
<doc>Executes the given JavaScript code with possible arguments.</doc>
<msg timestamp="20220729 11:41:18.779" level="INFO">Executing JavaScript:
window.open("http://www.football.com/")
Without any arguments.</msg>
<status status="PASS" starttime="20220729 11:41:18.779" endtime="20220729 11:41:18.784"/>
</kw>
<status status="PASS" starttime="20220729 11:41:18.779" endtime="20220729 11:41:18.784"/>
</iter>
<iter>
<var name="${website}">http://www.freeonlinegameworld.com/</var>
<kw name="Log To Console" library="BuiltIn">
<arg>${website}</arg>
<doc>Logs the given message to the console.</doc>
<status status="PASS" starttime="20220729 11:41:18.784" endtime="20220729 11:41:18.785"/>
</kw>
<kw name="Execute Javascript" library="SeleniumLibrary">
<arg>window.open("${website}")</arg>
<doc>Executes the given JavaScript code with possible arguments.</doc>
<msg timestamp="20220729 11:41:18.785" level="INFO">Executing JavaScript:
window.open("http://www.freeonlinegameworld.com/")
Without any arguments.</msg>
<status status="PASS" starttime="20220729 11:41:18.785" endtime="20220729 11:41:18.790"/>
</kw>
<status status="PASS" starttime="20220729 11:41:18.784" endtime="20220729 11:41:18.790"/>
</iter>
<iter>
<var name="${website}">http://www.vagaytion.com/</var>
<kw name="Log To Console" library="BuiltIn">
<arg>${website}</arg>
<doc>Logs the given message to the console.</doc>
<status status="PASS" starttime="20220729 11:41:18.790" endtime="20220729 11:41:18.790"/>
</kw>
<kw name="Execute Javascript" library="SeleniumLibrary">
<arg>window.open("${website}")</arg>
<doc>Executes the given JavaScript code with possible arguments.</doc>
<msg timestamp="20220729 11:41:18.791" level="INFO">Executing JavaScript:
window.open("http://www.vagaytion.com/")
Without any arguments.</msg>
<status status="PASS" starttime="20220729 11:41:18.790" endtime="20220729 11:41:18.795"/>
</kw>
<status status="PASS" starttime="20220729 11:41:18.790" endtime="20220729 11:41:18.795"/>
</iter>
<iter>
<var name="${website}">http://www.philburt.com/</var>
<kw name="Log To Console" library="BuiltIn">
<arg>${website}</arg>
<doc>Logs the given message to the console.</doc>
<status status="PASS" starttime="20220729 11:41:18.795" endtime="20220729 11:41:18.796"/>
</kw>
<kw name="Execute Javascript" library="SeleniumLibrary">
<arg>window.open("${website}")</arg>
<doc>Executes the given JavaScript code with possible arguments.</doc>
<msg timestamp="20220729 11:41:18.796" level="INFO">Executing JavaScript:
window.open("http://www.philburt.com/")
Without any arguments.</msg>
<status status="PASS" starttime="20220729 11:41:18.796" endtime="20220729 11:41:18.801"/>
</kw>
<status status="PASS" starttime="20220729 11:41:18.795" endtime="20220729 11:41:18.801"/>
</iter>
<iter>
<var name="${website}">http://www.cartoonnetwork.com/</var>
<kw name="Log To Console" library="BuiltIn">
<arg>${website}</arg>
<doc>Logs the given message to the console.</doc>
<status status="PASS" starttime="20220729 11:41:18.801" endtime="20220729 11:41:18.802"/>
</kw>
<kw name="Execute Javascript" library="SeleniumLibrary">
<arg>window.open("${website}")</arg>
<doc>Executes the given JavaScript code with possible arguments.</doc>
<msg timestamp="20220729 11:41:18.802" level="INFO">Executing JavaScript:
window.open("http://www.cartoonnetwork.com/")
Without any arguments.</msg>
<status status="PASS" starttime="20220729 11:41:18.802" endtime="20220729 11:41:18.806"/>
</kw>
<status status="PASS" starttime="20220729 11:41:18.801" endtime="20220729 11:41:18.806"/>
</iter>
<iter>
<var name="${website}">http://www.funnypictures.com/</var>
<kw name="Log To Console" library="BuiltIn">
<arg>${website}</arg>
<doc>Logs the given message to the console.</doc>
<status status="PASS" starttime="20220729 11:41:18.806" endtime="20220729 11:41:18.807"/>
</kw>
<kw name="Execute Javascript" library="SeleniumLibrary">
<arg>window.open("${website}")</arg>
<doc>Executes the given JavaScript code with possible arguments.</doc>
<msg timestamp="20220729 11:41:18.807" level="INFO">Executing JavaScript:
window.open("http://www.funnypictures.com/")
Without any arguments.</msg>
<status status="PASS" starttime="20220729 11:41:18.807" endtime="20220729 11:41:18.812"/>
</kw>
<status status="PASS" starttime="20220729 11:41:18.806" endtime="20220729 11:41:18.813"/>
</iter>
<iter>
<var name="${website}">http://www.yougottaplayit.com/</var>
<kw name="Log To Console" library="BuiltIn">
<arg>${website}</arg>
<doc>Logs the given message to the console.</doc>
<status status="PASS" starttime="20220729 11:41:18.813" endtime="20220729 11:41:18.813"/>
</kw>
<kw name="Execute Javascript" library="SeleniumLibrary">
<arg>window.open("${website}")</arg>
<doc>Executes the given JavaScript code with possible arguments.</doc>
<msg timestamp="20220729 11:41:18.813" level="INFO">Executing JavaScript:
window.open("http://www.yougottaplayit.com/")
Without any arguments.</msg>
<status status="PASS" starttime="20220729 11:41:18.813" endtime="20220729 11:41:18.817"/>
</kw>
<status status="PASS" starttime="20220729 11:41:18.813" endtime="20220729 11:41:18.818"/>
</iter>
<iter>
<var name="${website}">http://www.exit.org/</var>
<kw name="Log To Console" library="BuiltIn">
<arg>${website}</arg>
<doc>Logs the given message to the console.</doc>
<status status="PASS" starttime="20220729 11:41:18.818" endtime="20220729 11:41:18.818"/>
</kw>
<kw name="Execute Javascript" library="SeleniumLibrary">
<arg>window.open("${website}")</arg>
<doc>Executes the given JavaScript code with possible arguments.</doc>
<msg timestamp="20220729 11:41:18.818" level="INFO">Executing JavaScript:
window.open("http://www.exit.org/")
Without any arguments.</msg>
<status status="PASS" starttime="20220729 11:41:18.818" endtime="20220729 11:41:18.824"/>
</kw>
<status status="PASS" starttime="20220729 11:41:18.818" endtime="20220729 11:41:18.825"/>
</iter>
<iter>
<var name="${website}">http://www.philippine-penpal-tour.com/intro6.html</var>
<kw name="Log To Console" library="BuiltIn">
<arg>${website}</arg>
<doc>Logs the given message to the console.</doc>
<status status="PASS" starttime="20220729 11:41:18.825" endtime="20220729 11:41:18.825"/>
</kw>
<kw name="Execute Javascript" library="SeleniumLibrary">
<arg>window.open("${website}")</arg>
<doc>Executes the given JavaScript code with possible arguments.</doc>
<msg timestamp="20220729 11:41:18.825" level="INFO">Executing JavaScript:
window.open("http://www.philippine-penpal-tour.com/intro6.html")
Without any arguments.</msg>
<status status="PASS" starttime="20220729 11:41:18.825" endtime="20220729 11:41:18.830"/>
</kw>
<status status="PASS" starttime="20220729 11:41:18.825" endtime="20220729 11:41:18.831"/>
</iter>
<iter>
<var name="${website}">http://www.loveofartusa.com/</var>
<kw name="Log To Console" library="BuiltIn">
<arg>${website}</arg>
<doc>Logs the given message to the console.</doc>
<status status="PASS" starttime="20220729 11:41:18.831" endtime="20220729 11:41:18.831"/>
</kw>
<kw name="Execute Javascript" library="SeleniumLibrary">
<arg>window.open("${website}")</arg>
<doc>Executes the given JavaScript code with possible arguments.</doc>
<msg timestamp="20220729 11:41:18.831" level="INFO">Executing JavaScript:
window.open("http://www.loveofartusa.com/")
Without any arguments.</msg>
<status status="PASS" starttime="20220729 11:41:18.831" endtime="20220729 11:41:18.836"/>
</kw>
<status status="PASS" starttime="20220729 11:41:18.831" endtime="20220729 11:41:18.836"/>
</iter>
<iter>
<var name="${website}">http://www.moonlizard.com/</var>
<kw name="Log To Console" library="BuiltIn">
<arg>${website}</arg>
<doc>Logs the given message to the console.</doc>
<status status="PASS" starttime="20220729 11:41:18.836" endtime="20220729 11:41:18.837"/>
</kw>
<kw name="Execute Javascript" library="SeleniumLibrary">
<arg>window.open("${website}")</arg>
<doc>Executes the given JavaScript code with possible arguments.</doc>
<msg timestamp="20220729 11:41:18.837" level="INFO">Executing JavaScript:
window.open("http://www.moonlizard.com/")
Without any arguments.</msg>
<status status="PASS" starttime="20220729 11:41:18.837" endtime="20220729 11:41:18.841"/>
</kw>
<status status="PASS" starttime="20220729 11:41:18.836" endtime="20220729 11:41:18.841"/>
</iter>
<iter>
<var name="${website}">http://www.echosrevenge.com/</var>
<kw name="Log To Console" library="BuiltIn">
<arg>${website}</arg>
<doc>Logs the given message to the console.</doc>
<status status="PASS" starttime="20220729 11:41:18.841" endtime="20220729 11:41:18.841"/>
</kw>
<kw name="Execute Javascript" library="SeleniumLibrary">
<arg>window.open("${website}")</arg>
<doc>Executes the given JavaScript code with possible arguments.</doc>
<msg timestamp="20220729 11:41:18.842" level="INFO">Executing JavaScript:
window.open("http://www.echosrevenge.com/")
Without any arguments.</msg>
<status status="PASS" starttime="20220729 11:41:18.841" endtime="20220729 11:41:18.846"/>
</kw>
<status status="PASS" starttime="20220729 11:41:18.841" endtime="20220729 11:41:18.846"/>
</iter>
<iter>
<var name="${website}">http://runner.splunk.com/adjs.php?n=992129491&amp;what=zone:1&amp;source=ostg-lb&amp;exclude=,&amp;referer=http%3A//sourceforge.net/search/</var>
<kw name="Log To Console" library="BuiltIn">
<arg>${website}</arg>
<doc>Logs the given message to the console.</doc>
<status status="PASS" starttime="20220729 11:41:18.846" endtime="20220729 11:41:18.846"/>
</kw>
<kw name="Execute Javascript" library="SeleniumLibrary">
<arg>window.open("${website}")</arg>
<doc>Executes the given JavaScript code with possible arguments.</doc>
<msg timestamp="20220729 11:41:18.847" level="INFO">Executing JavaScript:
window.open("http://runner.splunk.com/adjs.php?n=992129491&amp;what=zone:1&amp;source=ostg-lb&amp;exclude=,&amp;referer=http%3A//sourceforge.net/search/")
Without any arguments.</msg>
<status status="PASS" starttime="20220729 11:41:18.846" endtime="20220729 11:41:18.853"/>
</kw>
<status status="PASS" starttime="20220729 11:41:18.846" endtime="20220729 11:41:18.853"/>
</iter>
<iter>
<var name="${website}">http://www.buy-wii-online.com/</var>
<kw name="Log To Console" library="BuiltIn">
<arg>${website}</arg>
<doc>Logs the given message to the console.</doc>
<status status="PASS" starttime="20220729 11:41:18.853" endtime="20220729 11:41:18.853"/>
</kw>
<kw name="Execute Javascript" library="SeleniumLibrary">
<arg>window.open("${website}")</arg>
<doc>Executes the given JavaScript code with possible arguments.</doc>
<msg timestamp="20220729 11:41:18.853" level="INFO">Executing JavaScript:
window.open("http://www.buy-wii-online.com/")
Without any arguments.</msg>
<status status="PASS" starttime="20220729 11:41:18.853" endtime="20220729 11:41:18.859"/>
</kw>
<status status="PASS" starttime="20220729 11:41:18.853" endtime="20220729 11:41:18.859"/>
</iter>
<iter>
<var name="${website}">http://www.sexypants.com/</var>
<kw name="Log To Console" library="BuiltIn">
<arg>${website}</arg>
<doc>Logs the given message to the console.</doc>
<status status="PASS" starttime="20220729 11:41:18.859" endtime="20220729 11:41:18.860"/>
</kw>
<kw name="Execute Javascript" library="SeleniumLibrary">
<arg>window.open("${website}")</arg>
<doc>Executes the given JavaScript code with possible arguments.</doc>
<msg timestamp="20220729 11:41:18.860" level="INFO">Executing JavaScript:
window.open("http://www.sexypants.com/")
Without any arguments.</msg>
<status status="PASS" starttime="20220729 11:41:18.860" endtime="20220729 11:41:18.866"/>
</kw>
<status status="PASS" starttime="20220729 11:41:18.859" endtime="20220729 11:41:18.866"/>
</iter>
<iter>
<var name="${website}">http://www.stupidexe.com/</var>
<kw name="Log To Console" library="BuiltIn">
<arg>${website}</arg>
<doc>Logs the given message to the console.</doc>
<status status="PASS" starttime="20220729 11:41:18.866" endtime="20220729 11:41:18.866"/>
</kw>
<kw name="Execute Javascript" library="SeleniumLibrary">
<arg>window.open("${website}")</arg>
<doc>Executes the given JavaScript code with possible arguments.</doc>
<msg timestamp="20220729 11:41:18.866" level="INFO">Executing JavaScript:
window.open("http://www.stupidexe.com/")
Without any arguments.</msg>
<status status="PASS" starttime="20220729 11:41:18.866" endtime="20220729 11:41:18.871"/>
</kw>
<status status="PASS" starttime="20220729 11:41:18.866" endtime="20220729 11:41:18.871"/>
</iter>
<iter>
<var name="${website}">http://www.mouserunner.com/</var>
<kw name="Log To Console" library="BuiltIn">
<arg>${website}</arg>
<doc>Logs the given message to the console.</doc>
<status status="PASS" starttime="20220729 11:41:18.871" endtime="20220729 11:41:18.871"/>
</kw>
<kw name="Execute Javascript" library="SeleniumLibrary">
<arg>window.open("${website}")</arg>
<doc>Executes the given JavaScript code with possible arguments.</doc>
<msg timestamp="20220729 11:41:18.872" level="INFO">Executing JavaScript:
window.open("http://www.mouserunner.com/")
Without any arguments.</msg>
<status status="PASS" starttime="20220729 11:41:18.871" endtime="20220729 11:41:18.876"/>
</kw>
<status status="PASS" starttime="20220729 11:41:18.871" endtime="20220729 11:41:18.876"/>
</iter>
<iter>
<var name="${website}">http://www.yongmoon.com/</var>
<kw name="Log To Console" library="BuiltIn">
<arg>${website}</arg>
<doc>Logs the given message to the console.</doc>
<status status="PASS" starttime="20220729 11:41:18.876" endtime="20220729 11:41:18.876"/>
</kw>
<kw name="Execute Javascript" library="SeleniumLibrary">
<arg>window.open("${website}")</arg>
<doc>Executes the given JavaScript code with possible arguments.</doc>
<msg timestamp="20220729 11:41:18.877" level="INFO">Executing JavaScript:
window.open("http://www.yongmoon.com/")
Without any arguments.</msg>
<status status="PASS" starttime="20220729 11:41:18.877" endtime="20220729 11:41:18.881"/>
</kw>
<status status="PASS" starttime="20220729 11:41:18.876" endtime="20220729 11:41:18.881"/>
</iter>
<iter>
<var name="${website}">http://www.warezaholic.com/</var>
<kw name="Log To Console" library="BuiltIn">
<arg>${website}</arg>
<doc>Logs the given message to the console.</doc>
<status status="PASS" starttime="20220729 11:41:18.881" endtime="20220729 11:41:18.881"/>
</kw>
<kw name="Execute Javascript" library="SeleniumLibrary">
<arg>window.open("${website}")</arg>
<doc>Executes the given JavaScript code with possible arguments.</doc>
<msg timestamp="20220729 11:41:18.882" level="INFO">Executing JavaScript:
window.open("http://www.warezaholic.com/")
Without any arguments.</msg>
<status status="PASS" starttime="20220729 11:41:18.881" endtime="20220729 11:41:18.885"/>
</kw>
<status status="PASS" starttime="20220729 11:41:18.881" endtime="20220729 11:41:18.885"/>
</iter>
<iter>
<var name="${website}">http://www.zdaily.com/</var>
<kw name="Log To Console" library="BuiltIn">
<arg>${website}</arg>
<doc>Logs the given message to the console.</doc>
<status status="PASS" starttime="20220729 11:41:18.886" endtime="20220729 11:41:18.886"/>
</kw>
<kw name="Execute Javascript" library="SeleniumLibrary">
<arg>window.open("${website}")</arg>
<doc>Executes the given JavaScript code with possible arguments.</doc>
<msg timestamp="20220729 11:41:18.886" level="INFO">Executing JavaScript:
window.open("http://www.zdaily.com/")
Without any arguments.</msg>
<status status="PASS" starttime="20220729 11:41:18.886" endtime="20220729 11:41:18.892"/>
</kw>
<status status="PASS" starttime="20220729 11:41:18.886" endtime="20220729 11:41:18.892"/>
</iter>
<iter>
<var name="${website}">http://www.rogered.com/</var>
<kw name="Log To Console" library="BuiltIn">
<arg>${website}</arg>
<doc>Logs the given message to the console.</doc>
<status status="PASS" starttime="20220729 11:41:18.892" endtime="20220729 11:41:18.892"/>
</kw>
<kw name="Execute Javascript" library="SeleniumLibrary">
<arg>window.open("${website}")</arg>
<doc>Executes the given JavaScript code with possible arguments.</doc>
<msg timestamp="20220729 11:41:18.893" level="INFO">Executing JavaScript:
window.open("http://www.rogered.com/")
Without any arguments.</msg>
<status status="PASS" starttime="20220729 11:41:18.892" endtime="20220729 11:41:18.898"/>
</kw>
<status status="PASS" starttime="20220729 11:41:18.892" endtime="20220729 11:41:18.898"/>
</iter>
<iter>
<var name="${website}">http://www.sitandspinmagazine.com/</var>
<kw name="Log To Console" library="BuiltIn">
<arg>${website}</arg>
<doc>Logs the given message to the console.</doc>
<status status="PASS" starttime="20220729 11:41:18.898" endtime="20220729 11:41:18.898"/>
</kw>
<kw name="Execute Javascript" library="SeleniumLibrary">
<arg>window.open("${website}")</arg>
<doc>Executes the given JavaScript code with possible arguments.</doc>
<msg timestamp="20220729 11:41:18.899" level="INFO">Executing JavaScript:
window.open("http://www.sitandspinmagazine.com/")
Without any arguments.</msg>
<status status="PASS" starttime="20220729 11:41:18.898" endtime="20220729 11:41:18.905"/>
</kw>
<status status="PASS" starttime="20220729 11:41:18.898" endtime="20220729 11:41:18.905"/>
</iter>
<iter>
<var name="${website}">http://www.fiestalocaweb.tk/</var>
<kw name="Log To Console" library="BuiltIn">
<arg>${website}</arg>
<doc>Logs the given message to the console.</doc>
<status status="PASS" starttime="20220729 11:41:18.905" endtime="20220729 11:41:18.905"/>
</kw>
<kw name="Execute Javascript" library="SeleniumLibrary">
<arg>window.open("${website}")</arg>
<doc>Executes the given JavaScript code with possible arguments.</doc>
<msg timestamp="20220729 11:41:18.905" level="INFO">Executing JavaScript:
window.open("http://www.fiestalocaweb.tk/")
Without any arguments.</msg>
<status status="PASS" starttime="20220729 11:41:18.905" endtime="20220729 11:41:18.910"/>
</kw>
<status status="PASS" starttime="20220729 11:41:18.905" endtime="20220729 11:41:18.910"/>
</iter>
<iter>
<var name="${website}">http://www.crapspit.org/</var>
<kw name="Log To Console" library="BuiltIn">
<arg>${website}</arg>
<doc>Logs the given message to the console.</doc>
<status status="PASS" starttime="20220729 11:41:18.910" endtime="20220729 11:41:18.910"/>
</kw>
<kw name="Execute Javascript" library="SeleniumLibrary">
<arg>window.open("${website}")</arg>
<doc>Executes the given JavaScript code with possible arguments.</doc>
<msg timestamp="20220729 11:41:18.911" level="INFO">Executing JavaScript:
window.open("http://www.crapspit.org/")
Without any arguments.</msg>
<status status="PASS" starttime="20220729 11:41:18.910" endtime="20220729 11:41:18.915"/>
</kw>
<status status="PASS" starttime="20220729 11:41:18.910" endtime="20220729 11:41:18.915"/>
</iter>
<iter>
<var name="${website}">http://mana-of-paint.onediscussion.net/</var>
<kw name="Log To Console" library="BuiltIn">
<arg>${website}</arg>
<doc>Logs the given message to the console.</doc>
<status status="PASS" starttime="20220729 11:41:18.916" endtime="20220729 11:41:18.916"/>
</kw>
<kw name="Execute Javascript" library="SeleniumLibrary">
<arg>window.open("${website}")</arg>
<doc>Executes the given JavaScript code with possible arguments.</doc>
<msg timestamp="20220729 11:41:18.916" level="INFO">Executing JavaScript:
window.open("http://mana-of-paint.onediscussion.net/")
Without any arguments.</msg>
<status status="PASS" starttime="20220729 11:41:18.916" endtime="20220729 11:41:18.922"/>
</kw>
<status status="PASS" starttime="20220729 11:41:18.915" endtime="20220729 11:41:18.922"/>
</iter>
<iter>
<var name="${website}">http://www.battlefoundry.net/</var>
<kw name="Log To Console" library="BuiltIn">
<arg>${website}</arg>
<doc>Logs the given message to the console.</doc>
<status status="PASS" starttime="20220729 11:41:18.922" endtime="20220729 11:41:18.923"/>
</kw>
<kw name="Execute Javascript" library="SeleniumLibrary">
<arg>window.open("${website}")</arg>
<doc>Executes the given JavaScript code with possible arguments.</doc>
<msg timestamp="20220729 11:41:18.923" level="INFO">Executing JavaScript:
window.open("http://www.battlefoundry.net/")
Without any arguments.</msg>
<status status="PASS" starttime="20220729 11:41:18.923" endtime="20220729 11:41:18.928"/>
</kw>
<status status="PASS" starttime="20220729 11:41:18.922" endtime="20220729 11:41:18.928"/>
</iter>
<iter>
<var name="${website}">http://www.gamingindustrydirectory.com/</var>
<kw name="Log To Console" library="BuiltIn">
<arg>${website}</arg>
<doc>Logs the given message to the console.</doc>
<status status="PASS" starttime="20220729 11:41:18.928" endtime="20220729 11:41:18.929"/>
</kw>
<kw name="Execute Javascript" library="SeleniumLibrary">
<arg>window.open("${website}")</arg>
<doc>Executes the given JavaScript code with possible arguments.</doc>
<msg timestamp="20220729 11:41:18.929" level="INFO">Executing JavaScript:
window.open("http://www.gamingindustrydirectory.com/")
Without any arguments.</msg>
<status status="PASS" starttime="20220729 11:41:18.929" endtime="20220729 11:41:18.935"/>
</kw>
<status status="PASS" starttime="20220729 11:41:18.928" endtime="20220729 11:41:18.935"/>
</iter>
<iter>
<var name="${website}">http://www.barry.fireflyinternet.co.uk/</var>
<kw name="Log To Console" library="BuiltIn">
<arg>${website}</arg>
<doc>Logs the given message to the console.</doc>
<status status="PASS" starttime="20220729 11:41:18.935" endtime="20220729 11:41:18.935"/>
</kw>
<kw name="Execute Javascript" library="SeleniumLibrary">
<arg>window.open("${website}")</arg>
<doc>Executes the given JavaScript code with possible arguments.</doc>
<msg timestamp="20220729 11:41:18.935" level="INFO">Executing JavaScript:
window.open("http://www.barry.fireflyinternet.co.uk/")
Without any arguments.</msg>
<status status="PASS" starttime="20220729 11:41:18.935" endtime="20220729 11:41:18.939"/>
</kw>
<status status="PASS" starttime="20220729 11:41:18.935" endtime="20220729 11:41:18.939"/>
</iter>
<status status="PASS" starttime="20220729 11:41:18.341" endtime="20220729 11:41:18.939"/>
</for>
<kw name="Evaluate" library="BuiltIn">
<var>${counter}</var>
<arg>${counter}+1</arg>
<doc>Evaluates the given expression in Python and returns the result.</doc>
<msg timestamp="20220729 11:41:18.940" level="INFO">${counter} = 1</msg>
<status status="PASS" starttime="20220729 11:41:18.939" endtime="20220729 11:41:18.940"/>
</kw>
<kw name="Log To Console" library="BuiltIn">
<arg>${counter}</arg>
<doc>Logs the given message to the console.</doc>
<status status="PASS" starttime="20220729 11:41:18.940" endtime="20220729 11:41:18.940"/>
</kw>
<kw name="Log To Console" library="BuiltIn">
<arg>${from},${to},${user}</arg>
<doc>Logs the given message to the console.</doc>
<status status="PASS" starttime="20220729 11:41:18.940" endtime="20220729 11:41:18.940"/>
</kw>
<kw name="Sleep" library="BuiltIn">
<arg>10</arg>
<doc>Pauses the test executed for the given time.</doc>
<msg timestamp="20220729 11:41:28.942" level="INFO">Slept 10 seconds</msg>
<status status="PASS" starttime="20220729 11:41:18.940" endtime="20220729 11:41:28.943"/>
</kw>
<kw name="Close Browser" library="SeleniumLibrary">
<doc>Closes the current browser.</doc>
<status status="PASS" starttime="20220729 11:41:28.944" endtime="20220729 11:41:29.013"/>
</kw>
<status status="PASS" starttime="20220729 11:40:53.898" endtime="20220729 11:41:29.013"/>
</kw>
<kw name="Log To Console" library="BuiltIn">
<arg>1</arg>
<doc>Logs the given message to the console.</doc>
<status status="PASS" starttime="20220729 11:41:29.013" endtime="20220729 11:41:29.014"/>
</kw>
<status status="PASS" starttime="20220729 11:40:53.898" endtime="20220729 11:41:29.014"/>
</iter>
<status status="PASS" starttime="20220729 11:40:53.898" endtime="20220729 11:41:29.014"/>
</for>
<status status="PASS" starttime="20220729 11:40:53.896" endtime="20220729 11:41:29.014"/>
</test>
<status status="PASS" starttime="20220729 11:40:52.592" endtime="20220729 11:41:29.019"/>
</suite>
<status status="PASS" starttime="20220729 11:40:52.579" endtime="20220729 11:41:29.020"/>
</suite>
<statistics>
<total>
<stat pass="1" fail="0" skip="0">All Tests</stat>
</total>
<tag>
</tag>
<suite>
<stat pass="1" fail="0" skip="0" id="s1" name="Dynamic">Dynamic</stat>
<stat pass="1" fail="0" skip="0" id="s1-s1" name="Traffic09">Dynamic.Traffic09</stat>
</suite>
</statistics>
<errors>
</errors>
</robot>
