<?xml version="1.0" encoding="UTF-8"?>
<robot generator="Rebot 5.0.1 (Python 3.10.5 on darwin)" generated="20220729 11:41:32.476" rpa="false" schemaversion="3">
<suite id="s1" name="Dynamic" source="/Users/tusharys/Desktop/pabottest/dynamic">
<suite id="s1-s1" name="Traffic00" source="/Users/tusharys/Desktop/pabottest/dynamic/traffic00.robot">
<test id="s1-s1-t1" name="Open browser with proxy" line="19">
<for flavor="IN">
<var>${user}</var>
<value>@{users}[90:91]</value>
<iter>
<var name="${user}">['ww34@nithin.com', 'Admin@123']</var>
<kw name="Open browser with proxy with user" library="run">
<arg>${user}</arg>
<arg>${websites}[9464:9568]</arg>
<kw name="Evaluate" library="BuiltIn">
<var>${caps}</var>
<arg>sys.modules['selenium.webdriver'].DesiredCapabilities.CHROME</arg>
<arg>sys, selenium.webdriver</arg>
<doc>Evaluates the given expression in Python and returns the result.</doc>
<msg timestamp="20220729 11:40:53.900" level="INFO">${caps} = {'browserName': 'chrome'}</msg>
<status status="PASS" starttime="20220729 11:40:53.900" endtime="20220729 11:40:53.900"/>
</kw>
<kw name="Create Dictionary" library="BuiltIn">
<var>${proxy}</var>
<arg>proxyType=MANUAL</arg>
<arg>sslProxy=${ip_port}</arg>
<arg>httpProxy=${ip_port}</arg>
<doc>Creates and returns a dictionary based on the given ``items``.</doc>
<msg timestamp="20220729 11:40:53.901" level="INFO">${proxy} = {'proxyType': 'MANUAL', 'sslProxy': '10.66.103.62:50000', 'httpProxy': '10.66.103.62:50000'}</msg>
<status status="PASS" starttime="20220729 11:40:53.900" endtime="20220729 11:40:53.901"/>
</kw>
<kw name="Set To Dictionary" library="Collections">
<arg>${caps}</arg>
<arg>proxy=${proxy}</arg>
<doc>Adds the given ``key_value_pairs`` and ``items`` to the ``dictionary``.</doc>
<status status="PASS" starttime="20220729 11:40:53.901" endtime="20220729 11:40:53.901"/>
</kw>
<kw name="Open Browser" library="SeleniumLibrary">
<arg>https://ip.zscaler.com</arg>
<arg>browser=headlessChrome</arg>
<arg>desired_capabilities=${caps}</arg>
<arg>options=add_argument("--ignore-certificate-errors")</arg>
<doc>Opens a new browser instance to the optional ``url``.</doc>
<msg timestamp="20220729 11:40:53.901" level="INFO">Opening browser 'headlessChrome' to base url 'https://ip.zscaler.com'.</msg>
<status status="PASS" starttime="20220729 11:40:53.901" endtime="20220729 11:40:59.513"/>
</kw>
<kw name="Maximize Browser Window" library="SeleniumLibrary">
<doc>Maximizes current browser window.</doc>
<status status="PASS" starttime="20220729 11:40:59.514" endtime="20220729 11:40:59.618"/>
</kw>
<kw name="Input Text" library="SeleniumLibrary">
<arg>xpath://*[@id="username_input"]</arg>
<arg>${user}[0]</arg>
<doc>Types the given ``text`` into the text field identified by ``locator``.</doc>
<msg timestamp="20220729 11:40:59.619" level="INFO">Typing text 'ww34@nithin.com' into text field 'xpath://*[@id="username_input"]'.</msg>
<status status="PASS" starttime="20220729 11:40:59.618" endtime="20220729 11:40:59.687"/>
</kw>
<kw name="Click Element" library="SeleniumLibrary">
<arg>xpath:/html/body/div/div/div/form/table[2]/tbody/tr/td/table[1]/tbody/tr[5]/td/table/tbody/tr/td[1]/input</arg>
<doc>Click the element identified by ``locator``.</doc>
<msg timestamp="20220729 11:40:59.687" level="INFO">Clicking element 'xpath:/html/body/div/div/div/form/table[2]/tbody/tr/td/table[1]/tbody/tr[5]/td/table/tbody/tr/td[1]/input'.</msg>
<status status="PASS" starttime="20220729 11:40:59.687" endtime="20220729 11:41:02.183"/>
</kw>
<kw name="Input Text" library="SeleniumLibrary">
<arg>xpath:/html/body/div/div/form/table[2]/tbody/tr/td/table[1]/tbody/tr[2]/td/table/tbody/tr[1]/td/div[2]/table[2]/tbody/tr/td/div/input</arg>
<arg>${user}[1]</arg>
<doc>Types the given ``text`` into the text field identified by ``locator``.</doc>
<msg timestamp="20220729 11:41:02.184" level="INFO">Typing text 'Admin@123' into text field 'xpath:/html/body/div/div/form/table[2]/tbody/tr/td/table[1]/tbody/tr[2]/td/table/tbody/tr[1]/td/div[2]/table[2]/tbody/tr/td/div/input'.</msg>
<status status="PASS" starttime="20220729 11:41:02.184" endtime="20220729 11:41:02.218"/>
</kw>
<kw name="Click Element" library="SeleniumLibrary">
<arg>xpath:/html/body/div/div/form/table[2]/tbody/tr/td/table[1]/tbody/tr[3]/td/input</arg>
<doc>Click the element identified by ``locator``.</doc>
<msg timestamp="20220729 11:41:02.218" level="INFO">Clicking element 'xpath:/html/body/div/div/form/table[2]/tbody/tr/td/table[1]/tbody/tr[3]/td/input'.</msg>
<status status="PASS" starttime="20220729 11:41:02.218" endtime="20220729 11:41:11.071"/>
</kw>
<kw name="Sleep" library="BuiltIn">
<arg>2</arg>
<doc>Pauses the test executed for the given time.</doc>
<msg timestamp="20220729 11:41:13.072" level="INFO">Slept 2 seconds</msg>
<status status="PASS" starttime="20220729 11:41:11.071" endtime="20220729 11:41:13.072"/>
</kw>
<kw name="Evaluate" library="BuiltIn">
<var>${from}</var>
<arg>${counter}*${per_user}</arg>
<doc>Evaluates the given expression in Python and returns the result.</doc>
<msg timestamp="20220729 11:41:13.073" level="INFO">${from} = 0</msg>
<status status="PASS" starttime="20220729 11:41:13.072" endtime="20220729 11:41:13.073"/>
</kw>
<kw name="Evaluate" library="BuiltIn">
<var>${to}</var>
<arg>${counter}*${per_user}+${per_user}</arg>
<doc>Evaluates the given expression in Python and returns the result.</doc>
<msg timestamp="20220729 11:41:13.073" level="INFO">${to} = 102</msg>
<status status="PASS" starttime="20220729 11:41:13.073" endtime="20220729 11:41:13.073"/>
</kw>
<for flavor="IN">
<var>${website}</var>
<value>@{websites}</value>
<iter>
<var name="${website}">http://www.reelauction.com/</var>
<kw name="Log To Console" library="BuiltIn">
<arg>${website}</arg>
<doc>Logs the given message to the console.</doc>
<status status="PASS" starttime="20220729 11:41:13.074" endtime="20220729 11:41:13.074"/>
</kw>
<kw name="Execute Javascript" library="SeleniumLibrary">
<arg>window.open("${website}")</arg>
<doc>Executes the given JavaScript code with possible arguments.</doc>
<msg timestamp="20220729 11:41:13.074" level="INFO">Executing JavaScript:
window.open("http://www.reelauction.com/")
Without any arguments.</msg>
<status status="PASS" starttime="20220729 11:41:13.074" endtime="20220729 11:41:13.079"/>
</kw>
<status status="PASS" starttime="20220729 11:41:13.074" endtime="20220729 11:41:13.079"/>
</iter>
<iter>
<var name="${website}">http://www.rskusuma.com/</var>
<kw name="Log To Console" library="BuiltIn">
<arg>${website}</arg>
<doc>Logs the given message to the console.</doc>
<status status="PASS" starttime="20220729 11:41:13.079" endtime="20220729 11:41:13.079"/>
</kw>
<kw name="Execute Javascript" library="SeleniumLibrary">
<arg>window.open("${website}")</arg>
<doc>Executes the given JavaScript code with possible arguments.</doc>
<msg timestamp="20220729 11:41:13.080" level="INFO">Executing JavaScript:
window.open("http://www.rskusuma.com/")
Without any arguments.</msg>
<status status="PASS" starttime="20220729 11:41:13.080" endtime="20220729 11:41:13.084"/>
</kw>
<status status="PASS" starttime="20220729 11:41:13.079" endtime="20220729 11:41:13.084"/>
</iter>
<iter>
<var name="${website}">http://www.boli-net.com/</var>
<kw name="Log To Console" library="BuiltIn">
<arg>${website}</arg>
<doc>Logs the given message to the console.</doc>
<status status="PASS" starttime="20220729 11:41:13.084" endtime="20220729 11:41:13.084"/>
</kw>
<kw name="Execute Javascript" library="SeleniumLibrary">
<arg>window.open("${website}")</arg>
<doc>Executes the given JavaScript code with possible arguments.</doc>
<msg timestamp="20220729 11:41:13.085" level="INFO">Executing JavaScript:
window.open("http://www.boli-net.com/")
Without any arguments.</msg>
<status status="PASS" starttime="20220729 11:41:13.085" endtime="20220729 11:41:13.090"/>
</kw>
<status status="PASS" starttime="20220729 11:41:13.084" endtime="20220729 11:41:13.090"/>
</iter>
<iter>
<var name="${website}">http://www.fun-facts.com/</var>
<kw name="Log To Console" library="BuiltIn">
<arg>${website}</arg>
<doc>Logs the given message to the console.</doc>
<status status="PASS" starttime="20220729 11:41:13.090" endtime="20220729 11:41:13.090"/>
</kw>
<kw name="Execute Javascript" library="SeleniumLibrary">
<arg>window.open("${website}")</arg>
<doc>Executes the given JavaScript code with possible arguments.</doc>
<msg timestamp="20220729 11:41:13.091" level="INFO">Executing JavaScript:
window.open("http://www.fun-facts.com/")
Without any arguments.</msg>
<status status="PASS" starttime="20220729 11:41:13.091" endtime="20220729 11:41:13.095"/>
</kw>
<status status="PASS" starttime="20220729 11:41:13.090" endtime="20220729 11:41:13.095"/>
</iter>
<iter>
<var name="${website}">http://www.xsunderground.com/</var>
<kw name="Log To Console" library="BuiltIn">
<arg>${website}</arg>
<doc>Logs the given message to the console.</doc>
<status status="PASS" starttime="20220729 11:41:13.095" endtime="20220729 11:41:13.095"/>
</kw>
<kw name="Execute Javascript" library="SeleniumLibrary">
<arg>window.open("${website}")</arg>
<doc>Executes the given JavaScript code with possible arguments.</doc>
<msg timestamp="20220729 11:41:13.096" level="INFO">Executing JavaScript:
window.open("http://www.xsunderground.com/")
Without any arguments.</msg>
<status status="PASS" starttime="20220729 11:41:13.095" endtime="20220729 11:41:13.100"/>
</kw>
<status status="PASS" starttime="20220729 11:41:13.095" endtime="20220729 11:41:13.100"/>
</iter>
<iter>
<var name="${website}">http://clubcats.net/</var>
<kw name="Log To Console" library="BuiltIn">
<arg>${website}</arg>
<doc>Logs the given message to the console.</doc>
<status status="PASS" starttime="20220729 11:41:13.100" endtime="20220729 11:41:13.100"/>
</kw>
<kw name="Execute Javascript" library="SeleniumLibrary">
<arg>window.open("${website}")</arg>
<doc>Executes the given JavaScript code with possible arguments.</doc>
<msg timestamp="20220729 11:41:13.101" level="INFO">Executing JavaScript:
window.open("http://clubcats.net/")
Without any arguments.</msg>
<status status="PASS" starttime="20220729 11:41:13.100" endtime="20220729 11:41:13.105"/>
</kw>
<status status="PASS" starttime="20220729 11:41:13.100" endtime="20220729 11:41:13.106"/>
</iter>
<iter>
<var name="${website}">http://www.marylandgrrlscafe.com/</var>
<kw name="Log To Console" library="BuiltIn">
<arg>${website}</arg>
<doc>Logs the given message to the console.</doc>
<status status="PASS" starttime="20220729 11:41:13.106" endtime="20220729 11:41:13.106"/>
</kw>
<kw name="Execute Javascript" library="SeleniumLibrary">
<arg>window.open("${website}")</arg>
<doc>Executes the given JavaScript code with possible arguments.</doc>
<msg timestamp="20220729 11:41:13.106" level="INFO">Executing JavaScript:
window.open("http://www.marylandgrrlscafe.com/")
Without any arguments.</msg>
<status status="PASS" starttime="20220729 11:41:13.106" endtime="20220729 11:41:13.111"/>
</kw>
<status status="PASS" starttime="20220729 11:41:13.106" endtime="20220729 11:41:13.111"/>
</iter>
<iter>
<var name="${website}">http://www.jijbent.nl/</var>
<kw name="Log To Console" library="BuiltIn">
<arg>${website}</arg>
<doc>Logs the given message to the console.</doc>
<status status="PASS" starttime="20220729 11:41:13.112" endtime="20220729 11:41:13.112"/>
</kw>
<kw name="Execute Javascript" library="SeleniumLibrary">
<arg>window.open("${website}")</arg>
<doc>Executes the given JavaScript code with possible arguments.</doc>
<msg timestamp="20220729 11:41:13.112" level="INFO">Executing JavaScript:
window.open("http://www.jijbent.nl/")
Without any arguments.</msg>
<status status="PASS" starttime="20220729 11:41:13.112" endtime="20220729 11:41:13.117"/>
</kw>
<status status="PASS" starttime="20220729 11:41:13.111" endtime="20220729 11:41:13.117"/>
</iter>
<iter>
<var name="${website}">http://www.counterurth.com/gor/contest.htm</var>
<kw name="Log To Console" library="BuiltIn">
<arg>${website}</arg>
<doc>Logs the given message to the console.</doc>
<status status="PASS" starttime="20220729 11:41:13.117" endtime="20220729 11:41:13.117"/>
</kw>
<kw name="Execute Javascript" library="SeleniumLibrary">
<arg>window.open("${website}")</arg>
<doc>Executes the given JavaScript code with possible arguments.</doc>
<msg timestamp="20220729 11:41:13.117" level="INFO">Executing JavaScript:
window.open("http://www.counterurth.com/gor/contest.htm")
Without any arguments.</msg>
<status status="PASS" starttime="20220729 11:41:13.117" endtime="20220729 11:41:13.122"/>
</kw>
<status status="PASS" starttime="20220729 11:41:13.117" endtime="20220729 11:41:13.122"/>
</iter>
<iter>
<var name="${website}">http://www.homyz.com/</var>
<kw name="Log To Console" library="BuiltIn">
<arg>${website}</arg>
<doc>Logs the given message to the console.</doc>
<status status="PASS" starttime="20220729 11:41:13.122" endtime="20220729 11:41:13.122"/>
</kw>
<kw name="Execute Javascript" library="SeleniumLibrary">
<arg>window.open("${website}")</arg>
<doc>Executes the given JavaScript code with possible arguments.</doc>
<msg timestamp="20220729 11:41:13.123" level="INFO">Executing JavaScript:
window.open("http://www.homyz.com/")
Without any arguments.</msg>
<status status="PASS" starttime="20220729 11:41:13.122" endtime="20220729 11:41:13.128"/>
</kw>
<status status="PASS" starttime="20220729 11:41:13.122" endtime="20220729 11:41:13.128"/>
</iter>
<iter>
<var name="${website}">http://www.adultwork.org/</var>
<kw name="Log To Console" library="BuiltIn">
<arg>${website}</arg>
<doc>Logs the given message to the console.</doc>
<status status="PASS" starttime="20220729 11:41:13.128" endtime="20220729 11:41:13.128"/>
</kw>
<kw name="Execute Javascript" library="SeleniumLibrary">
<arg>window.open("${website}")</arg>
<doc>Executes the given JavaScript code with possible arguments.</doc>
<msg timestamp="20220729 11:41:13.129" level="INFO">Executing JavaScript:
window.open("http://www.adultwork.org/")
Without any arguments.</msg>
<status status="PASS" starttime="20220729 11:41:13.128" endtime="20220729 11:41:13.133"/>
</kw>
<status status="PASS" starttime="20220729 11:41:13.128" endtime="20220729 11:41:13.133"/>
</iter>
<iter>
<var name="${website}">http://www.lemboo.com/uk/</var>
<kw name="Log To Console" library="BuiltIn">
<arg>${website}</arg>
<doc>Logs the given message to the console.</doc>
<status status="PASS" starttime="20220729 11:41:13.133" endtime="20220729 11:41:13.133"/>
</kw>
<kw name="Execute Javascript" library="SeleniumLibrary">
<arg>window.open("${website}")</arg>
<doc>Executes the given JavaScript code with possible arguments.</doc>
<msg timestamp="20220729 11:41:13.134" level="INFO">Executing JavaScript:
window.open("http://www.lemboo.com/uk/")
Without any arguments.</msg>
<status status="PASS" starttime="20220729 11:41:13.133" endtime="20220729 11:41:13.138"/>
</kw>
<status status="PASS" starttime="20220729 11:41:13.133" endtime="20220729 11:41:13.138"/>
</iter>
<iter>
<var name="${website}">http://www.ryanwhite.com/</var>
<kw name="Log To Console" library="BuiltIn">
<arg>${website}</arg>
<doc>Logs the given message to the console.</doc>
<status status="PASS" starttime="20220729 11:41:13.139" endtime="20220729 11:41:13.139"/>
</kw>
<kw name="Execute Javascript" library="SeleniumLibrary">
<arg>window.open("${website}")</arg>
<doc>Executes the given JavaScript code with possible arguments.</doc>
<msg timestamp="20220729 11:41:13.139" level="INFO">Executing JavaScript:
window.open("http://www.ryanwhite.com/")
Without any arguments.</msg>
<status status="PASS" starttime="20220729 11:41:13.139" endtime="20220729 11:41:13.143"/>
</kw>
<status status="PASS" starttime="20220729 11:41:13.138" endtime="20220729 11:41:13.143"/>
</iter>
<iter>
<var name="${website}">http://www.xboxplace.de/</var>
<kw name="Log To Console" library="BuiltIn">
<arg>${website}</arg>
<doc>Logs the given message to the console.</doc>
<status status="PASS" starttime="20220729 11:41:13.144" endtime="20220729 11:41:13.144"/>
</kw>
<kw name="Execute Javascript" library="SeleniumLibrary">
<arg>window.open("${website}")</arg>
<doc>Executes the given JavaScript code with possible arguments.</doc>
<msg timestamp="20220729 11:41:13.144" level="INFO">Executing JavaScript:
window.open("http://www.xboxplace.de/")
Without any arguments.</msg>
<status status="PASS" starttime="20220729 11:41:13.144" endtime="20220729 11:41:13.148"/>
</kw>
<status status="PASS" starttime="20220729 11:41:13.143" endtime="20220729 11:41:13.148"/>
</iter>
<iter>
<var name="${website}">http://www.glbtauction.com/</var>
<kw name="Log To Console" library="BuiltIn">
<arg>${website}</arg>
<doc>Logs the given message to the console.</doc>
<status status="PASS" starttime="20220729 11:41:13.149" endtime="20220729 11:41:13.149"/>
</kw>
<kw name="Execute Javascript" library="SeleniumLibrary">
<arg>window.open("${website}")</arg>
<doc>Executes the given JavaScript code with possible arguments.</doc>
<msg timestamp="20220729 11:41:13.149" level="INFO">Executing JavaScript:
window.open("http://www.glbtauction.com/")
Without any arguments.</msg>
<status status="PASS" starttime="20220729 11:41:13.149" endtime="20220729 11:41:13.154"/>
</kw>
<status status="PASS" starttime="20220729 11:41:13.149" endtime="20220729 11:41:13.154"/>
</iter>
<iter>
<var name="${website}">http://www.final4ever.com/</var>
<kw name="Log To Console" library="BuiltIn">
<arg>${website}</arg>
<doc>Logs the given message to the console.</doc>
<status status="PASS" starttime="20220729 11:41:13.154" endtime="20220729 11:41:13.154"/>
</kw>
<kw name="Execute Javascript" library="SeleniumLibrary">
<arg>window.open("${website}")</arg>
<doc>Executes the given JavaScript code with possible arguments.</doc>
<msg timestamp="20220729 11:41:13.155" level="INFO">Executing JavaScript:
window.open("http://www.final4ever.com/")
Without any arguments.</msg>
<status status="PASS" starttime="20220729 11:41:13.155" endtime="20220729 11:41:13.159"/>
</kw>
<status status="PASS" starttime="20220729 11:41:13.154" endtime="20220729 11:41:13.159"/>
</iter>
<iter>
<var name="${website}">http://www.freeslotmachinescasino.com/</var>
<kw name="Log To Console" library="BuiltIn">
<arg>${website}</arg>
<doc>Logs the given message to the console.</doc>
<status status="PASS" starttime="20220729 11:41:13.159" endtime="20220729 11:41:13.159"/>
</kw>
<kw name="Execute Javascript" library="SeleniumLibrary">
<arg>window.open("${website}")</arg>
<doc>Executes the given JavaScript code with possible arguments.</doc>
<msg timestamp="20220729 11:41:13.160" level="INFO">Executing JavaScript:
window.open("http://www.freeslotmachinescasino.com/")
Without any arguments.</msg>
<status status="PASS" starttime="20220729 11:41:13.159" endtime="20220729 11:41:13.164"/>
</kw>
<status status="PASS" starttime="20220729 11:41:13.159" endtime="20220729 11:41:13.164"/>
</iter>
<iter>
<var name="${website}">http://www.heute-im-kino.de/</var>
<kw name="Log To Console" library="BuiltIn">
<arg>${website}</arg>
<doc>Logs the given message to the console.</doc>
<status status="PASS" starttime="20220729 11:41:13.164" endtime="20220729 11:41:13.164"/>
</kw>
<kw name="Execute Javascript" library="SeleniumLibrary">
<arg>window.open("${website}")</arg>
<doc>Executes the given JavaScript code with possible arguments.</doc>
<msg timestamp="20220729 11:41:13.164" level="INFO">Executing JavaScript:
window.open("http://www.heute-im-kino.de/")
Without any arguments.</msg>
<status status="PASS" starttime="20220729 11:41:13.164" endtime="20220729 11:41:13.169"/>
</kw>
<status status="PASS" starttime="20220729 11:41:13.164" endtime="20220729 11:41:13.169"/>
</iter>
<iter>
<var name="${website}">http://www.badmofowallets.com/</var>
<kw name="Log To Console" library="BuiltIn">
<arg>${website}</arg>
<doc>Logs the given message to the console.</doc>
<status status="PASS" starttime="20220729 11:41:13.169" endtime="20220729 11:41:13.169"/>
</kw>
<kw name="Execute Javascript" library="SeleniumLibrary">
<arg>window.open("${website}")</arg>
<doc>Executes the given JavaScript code with possible arguments.</doc>
<msg timestamp="20220729 11:41:13.170" level="INFO">Executing JavaScript:
window.open("http://www.badmofowallets.com/")
Without any arguments.</msg>
<status status="PASS" starttime="20220729 11:41:13.170" endtime="20220729 11:41:13.174"/>
</kw>
<status status="PASS" starttime="20220729 11:41:13.169" endtime="20220729 11:41:13.174"/>
</iter>
<iter>
<var name="${website}">http://www.poppyaugustus.com/</var>
<kw name="Log To Console" library="BuiltIn">
<arg>${website}</arg>
<doc>Logs the given message to the console.</doc>
<status status="PASS" starttime="20220729 11:41:13.175" endtime="20220729 11:41:13.175"/>
</kw>
<kw name="Execute Javascript" library="SeleniumLibrary">
<arg>window.open("${website}")</arg>
<doc>Executes the given JavaScript code with possible arguments.</doc>
<msg timestamp="20220729 11:41:13.175" level="INFO">Executing JavaScript:
window.open("http://www.poppyaugustus.com/")
Without any arguments.</msg>
<status status="PASS" starttime="20220729 11:41:13.175" endtime="20220729 11:41:13.180"/>
</kw>
<status status="PASS" starttime="20220729 11:41:13.174" endtime="20220729 11:41:13.180"/>
</iter>
<iter>
<var name="${website}">http://www.fullblownaids.com/</var>
<kw name="Log To Console" library="BuiltIn">
<arg>${website}</arg>
<doc>Logs the given message to the console.</doc>
<status status="PASS" starttime="20220729 11:41:13.180" endtime="20220729 11:41:13.180"/>
</kw>
<kw name="Execute Javascript" library="SeleniumLibrary">
<arg>window.open("${website}")</arg>
<doc>Executes the given JavaScript code with possible arguments.</doc>
<msg timestamp="20220729 11:41:13.180" level="INFO">Executing JavaScript:
window.open("http://www.fullblownaids.com/")
Without any arguments.</msg>
<status status="PASS" starttime="20220729 11:41:13.180" endtime="20220729 11:41:13.186"/>
</kw>
<status status="PASS" starttime="20220729 11:41:13.180" endtime="20220729 11:41:13.186"/>
</iter>
<iter>
<var name="${website}">http://www.allknightaccess.com/</var>
<kw name="Log To Console" library="BuiltIn">
<arg>${website}</arg>
<doc>Logs the given message to the console.</doc>
<status status="PASS" starttime="20220729 11:41:13.186" endtime="20220729 11:41:13.186"/>
</kw>
<kw name="Execute Javascript" library="SeleniumLibrary">
<arg>window.open("${website}")</arg>
<doc>Executes the given JavaScript code with possible arguments.</doc>
<msg timestamp="20220729 11:41:13.186" level="INFO">Executing JavaScript:
window.open("http://www.allknightaccess.com/")
Without any arguments.</msg>
<status status="PASS" starttime="20220729 11:41:13.186" endtime="20220729 11:41:13.191"/>
</kw>
<status status="PASS" starttime="20220729 11:41:13.186" endtime="20220729 11:41:13.192"/>
</iter>
<iter>
<var name="${website}">http://home.indy.net/~erisande/</var>
<kw name="Log To Console" library="BuiltIn">
<arg>${website}</arg>
<doc>Logs the given message to the console.</doc>
<status status="PASS" starttime="20220729 11:41:13.192" endtime="20220729 11:41:13.192"/>
</kw>
<kw name="Execute Javascript" library="SeleniumLibrary">
<arg>window.open("${website}")</arg>
<doc>Executes the given JavaScript code with possible arguments.</doc>
<msg timestamp="20220729 11:41:13.192" level="INFO">Executing JavaScript:
window.open("http://home.indy.net/~erisande/")
Without any arguments.</msg>
<status status="PASS" starttime="20220729 11:41:13.192" endtime="20220729 11:41:13.198"/>
</kw>
<status status="PASS" starttime="20220729 11:41:13.192" endtime="20220729 11:41:13.198"/>
</iter>
<iter>
<var name="${website}">http://www.kasinostrategie.com/</var>
<kw name="Log To Console" library="BuiltIn">
<arg>${website}</arg>
<doc>Logs the given message to the console.</doc>
<status status="PASS" starttime="20220729 11:41:13.198" endtime="20220729 11:41:13.198"/>
</kw>
<kw name="Execute Javascript" library="SeleniumLibrary">
<arg>window.open("${website}")</arg>
<doc>Executes the given JavaScript code with possible arguments.</doc>
<msg timestamp="20220729 11:41:13.198" level="INFO">Executing JavaScript:
window.open("http://www.kasinostrategie.com/")
Without any arguments.</msg>
<status status="PASS" starttime="20220729 11:41:13.198" endtime="20220729 11:41:13.204"/>
</kw>
<status status="PASS" starttime="20220729 11:41:13.198" endtime="20220729 11:41:13.204"/>
</iter>
<iter>
<var name="${website}">http://www.yosup.net/</var>
<kw name="Log To Console" library="BuiltIn">
<arg>${website}</arg>
<doc>Logs the given message to the console.</doc>
<status status="PASS" starttime="20220729 11:41:13.204" endtime="20220729 11:41:13.204"/>
</kw>
<kw name="Execute Javascript" library="SeleniumLibrary">
<arg>window.open("${website}")</arg>
<doc>Executes the given JavaScript code with possible arguments.</doc>
<msg timestamp="20220729 11:41:13.205" level="INFO">Executing JavaScript:
window.open("http://www.yosup.net/")
Without any arguments.</msg>
<status status="PASS" starttime="20220729 11:41:13.204" endtime="20220729 11:41:13.210"/>
</kw>
<status status="PASS" starttime="20220729 11:41:13.204" endtime="20220729 11:41:13.210"/>
</iter>
<iter>
<var name="${website}">http://www.conquestgaming.com/</var>
<kw name="Log To Console" library="BuiltIn">
<arg>${website}</arg>
<doc>Logs the given message to the console.</doc>
<status status="PASS" starttime="20220729 11:41:13.210" endtime="20220729 11:41:13.210"/>
</kw>
<kw name="Execute Javascript" library="SeleniumLibrary">
<arg>window.open("${website}")</arg>
<doc>Executes the given JavaScript code with possible arguments.</doc>
<msg timestamp="20220729 11:41:13.211" level="INFO">Executing JavaScript:
window.open("http://www.conquestgaming.com/")
Without any arguments.</msg>
<status status="PASS" starttime="20220729 11:41:13.210" endtime="20220729 11:41:13.216"/>
</kw>
<status status="PASS" starttime="20220729 11:41:13.210" endtime="20220729 11:41:13.216"/>
</iter>
<iter>
<var name="${website}">http://www.salsatap.net/</var>
<kw name="Log To Console" library="BuiltIn">
<arg>${website}</arg>
<doc>Logs the given message to the console.</doc>
<status status="PASS" starttime="20220729 11:41:13.216" endtime="20220729 11:41:13.216"/>
</kw>
<kw name="Execute Javascript" library="SeleniumLibrary">
<arg>window.open("${website}")</arg>
<doc>Executes the given JavaScript code with possible arguments.</doc>
<msg timestamp="20220729 11:41:13.217" level="INFO">Executing JavaScript:
window.open("http://www.salsatap.net/")
Without any arguments.</msg>
<status status="PASS" starttime="20220729 11:41:13.216" endtime="20220729 11:41:13.222"/>
</kw>
<status status="PASS" starttime="20220729 11:41:13.216" endtime="20220729 11:41:13.222"/>
</iter>
<iter>
<var name="${website}">http://www.cyber-stop.net/</var>
<kw name="Log To Console" library="BuiltIn">
<arg>${website}</arg>
<doc>Logs the given message to the console.</doc>
<status status="PASS" starttime="20220729 11:41:13.222" endtime="20220729 11:41:13.223"/>
</kw>
<kw name="Execute Javascript" library="SeleniumLibrary">
<arg>window.open("${website}")</arg>
<doc>Executes the given JavaScript code with possible arguments.</doc>
<msg timestamp="20220729 11:41:13.223" level="INFO">Executing JavaScript:
window.open("http://www.cyber-stop.net/")
Without any arguments.</msg>
<status status="PASS" starttime="20220729 11:41:13.223" endtime="20220729 11:41:13.228"/>
</kw>
<status status="PASS" starttime="20220729 11:41:13.222" endtime="20220729 11:41:13.228"/>
</iter>
<iter>
<var name="${website}">http://www.m-yurakucho.jp/</var>
<kw name="Log To Console" library="BuiltIn">
<arg>${website}</arg>
<doc>Logs the given message to the console.</doc>
<status status="PASS" starttime="20220729 11:41:13.228" endtime="20220729 11:41:13.228"/>
</kw>
<kw name="Execute Javascript" library="SeleniumLibrary">
<arg>window.open("${website}")</arg>
<doc>Executes the given JavaScript code with possible arguments.</doc>
<msg timestamp="20220729 11:41:13.228" level="INFO">Executing JavaScript:
window.open("http://www.m-yurakucho.jp/")
Without any arguments.</msg>
<status status="PASS" starttime="20220729 11:41:13.228" endtime="20220729 11:41:13.234"/>
</kw>
<status status="PASS" starttime="20220729 11:41:13.228" endtime="20220729 11:41:13.234"/>
</iter>
<iter>
<var name="${website}">http://www.fractalvideo.com/</var>
<kw name="Log To Console" library="BuiltIn">
<arg>${website}</arg>
<doc>Logs the given message to the console.</doc>
<status status="PASS" starttime="20220729 11:41:13.235" endtime="20220729 11:41:13.235"/>
</kw>
<kw name="Execute Javascript" library="SeleniumLibrary">
<arg>window.open("${website}")</arg>
<doc>Executes the given JavaScript code with possible arguments.</doc>
<msg timestamp="20220729 11:41:13.235" level="INFO">Executing JavaScript:
window.open("http://www.fractalvideo.com/")
Without any arguments.</msg>
<status status="PASS" starttime="20220729 11:41:13.235" endtime="20220729 11:41:13.241"/>
</kw>
<status status="PASS" starttime="20220729 11:41:13.234" endtime="20220729 11:41:13.241"/>
</iter>
<iter>
<var name="${website}">http://www.pimpslord.com/</var>
<kw name="Log To Console" library="BuiltIn">
<arg>${website}</arg>
<doc>Logs the given message to the console.</doc>
<status status="PASS" starttime="20220729 11:41:13.241" endtime="20220729 11:41:13.241"/>
</kw>
<kw name="Execute Javascript" library="SeleniumLibrary">
<arg>window.open("${website}")</arg>
<doc>Executes the given JavaScript code with possible arguments.</doc>
<msg timestamp="20220729 11:41:13.241" level="INFO">Executing JavaScript:
window.open("http://www.pimpslord.com/")
Without any arguments.</msg>
<status status="PASS" starttime="20220729 11:41:13.241" endtime="20220729 11:41:13.247"/>
</kw>
<status status="PASS" starttime="20220729 11:41:13.241" endtime="20220729 11:41:13.247"/>
</iter>
<iter>
<var name="${website}">http://www.earlmiller.com/new/?nats=MTA6Mzox,0,0,0,0</var>
<kw name="Log To Console" library="BuiltIn">
<arg>${website}</arg>
<doc>Logs the given message to the console.</doc>
<status status="PASS" starttime="20220729 11:41:13.247" endtime="20220729 11:41:13.247"/>
</kw>
<kw name="Execute Javascript" library="SeleniumLibrary">
<arg>window.open("${website}")</arg>
<doc>Executes the given JavaScript code with possible arguments.</doc>
<msg timestamp="20220729 11:41:13.248" level="INFO">Executing JavaScript:
window.open("http://www.earlmiller.com/new/?nats=MTA6Mzox,0,0,0,0")
Without any arguments.</msg>
<status status="PASS" starttime="20220729 11:41:13.247" endtime="20220729 11:41:13.253"/>
</kw>
<status status="PASS" starttime="20220729 11:41:13.247" endtime="20220729 11:41:13.253"/>
</iter>
<iter>
<var name="${website}">http://www.siorai.nl/</var>
<kw name="Log To Console" library="BuiltIn">
<arg>${website}</arg>
<doc>Logs the given message to the console.</doc>
<status status="PASS" starttime="20220729 11:41:13.253" endtime="20220729 11:41:13.253"/>
</kw>
<kw name="Execute Javascript" library="SeleniumLibrary">
<arg>window.open("${website}")</arg>
<doc>Executes the given JavaScript code with possible arguments.</doc>
<msg timestamp="20220729 11:41:13.254" level="INFO">Executing JavaScript:
window.open("http://www.siorai.nl/")
Without any arguments.</msg>
<status status="PASS" starttime="20220729 11:41:13.254" endtime="20220729 11:41:13.259"/>
</kw>
<status status="PASS" starttime="20220729 11:41:13.253" endtime="20220729 11:41:13.259"/>
</iter>
<iter>
<var name="${website}">http://www.psychonews.com/</var>
<kw name="Log To Console" library="BuiltIn">
<arg>${website}</arg>
<doc>Logs the given message to the console.</doc>
<status status="PASS" starttime="20220729 11:41:13.259" endtime="20220729 11:41:13.259"/>
</kw>
<kw name="Execute Javascript" library="SeleniumLibrary">
<arg>window.open("${website}")</arg>
<doc>Executes the given JavaScript code with possible arguments.</doc>
<msg timestamp="20220729 11:41:13.260" level="INFO">Executing JavaScript:
window.open("http://www.psychonews.com/")
Without any arguments.</msg>
<status status="PASS" starttime="20220729 11:41:13.259" endtime="20220729 11:41:13.264"/>
</kw>
<status status="PASS" starttime="20220729 11:41:13.259" endtime="20220729 11:41:13.265"/>
</iter>
<iter>
<var name="${website}">http://www.outergate.de/</var>
<kw name="Log To Console" library="BuiltIn">
<arg>${website}</arg>
<doc>Logs the given message to the console.</doc>
<status status="PASS" starttime="20220729 11:41:13.265" endtime="20220729 11:41:13.265"/>
</kw>
<kw name="Execute Javascript" library="SeleniumLibrary">
<arg>window.open("${website}")</arg>
<doc>Executes the given JavaScript code with possible arguments.</doc>
<msg timestamp="20220729 11:41:13.265" level="INFO">Executing JavaScript:
window.open("http://www.outergate.de/")
Without any arguments.</msg>
<status status="PASS" starttime="20220729 11:41:13.265" endtime="20220729 11:41:13.271"/>
</kw>
<status status="PASS" starttime="20220729 11:41:13.265" endtime="20220729 11:41:13.271"/>
</iter>
<iter>
<var name="${website}">http://www.eiga-portal.com/</var>
<kw name="Log To Console" library="BuiltIn">
<arg>${website}</arg>
<doc>Logs the given message to the console.</doc>
<status status="PASS" starttime="20220729 11:41:13.271" endtime="20220729 11:41:13.271"/>
</kw>
<kw name="Execute Javascript" library="SeleniumLibrary">
<arg>window.open("${website}")</arg>
<doc>Executes the given JavaScript code with possible arguments.</doc>
<msg timestamp="20220729 11:41:13.271" level="INFO">Executing JavaScript:
window.open("http://www.eiga-portal.com/")
Without any arguments.</msg>
<status status="PASS" starttime="20220729 11:41:13.271" endtime="20220729 11:41:13.276"/>
</kw>
<status status="PASS" starttime="20220729 11:41:13.271" endtime="20220729 11:41:13.276"/>
</iter>
<iter>
<var name="${website}">http://www.shamefree.org/</var>
<kw name="Log To Console" library="BuiltIn">
<arg>${website}</arg>
<doc>Logs the given message to the console.</doc>
<status status="PASS" starttime="20220729 11:41:13.277" endtime="20220729 11:41:13.277"/>
</kw>
<kw name="Execute Javascript" library="SeleniumLibrary">
<arg>window.open("${website}")</arg>
<doc>Executes the given JavaScript code with possible arguments.</doc>
<msg timestamp="20220729 11:41:13.277" level="INFO">Executing JavaScript:
window.open("http://www.shamefree.org/")
Without any arguments.</msg>
<status status="PASS" starttime="20220729 11:41:13.277" endtime="20220729 11:41:13.282"/>
</kw>
<status status="PASS" starttime="20220729 11:41:13.277" endtime="20220729 11:41:13.282"/>
</iter>
<iter>
<var name="${website}">http://www.ameeshia.com/</var>
<kw name="Log To Console" library="BuiltIn">
<arg>${website}</arg>
<doc>Logs the given message to the console.</doc>
<status status="PASS" starttime="20220729 11:41:13.282" endtime="20220729 11:41:13.283"/>
</kw>
<kw name="Execute Javascript" library="SeleniumLibrary">
<arg>window.open("${website}")</arg>
<doc>Executes the given JavaScript code with possible arguments.</doc>
<msg timestamp="20220729 11:41:13.283" level="INFO">Executing JavaScript:
window.open("http://www.ameeshia.com/")
Without any arguments.</msg>
<status status="PASS" starttime="20220729 11:41:13.283" endtime="20220729 11:41:13.288"/>
</kw>
<status status="PASS" starttime="20220729 11:41:13.282" endtime="20220729 11:41:13.288"/>
</iter>
<iter>
<var name="${website}">http://www.vampirebloodlines.com/</var>
<kw name="Log To Console" library="BuiltIn">
<arg>${website}</arg>
<doc>Logs the given message to the console.</doc>
<status status="PASS" starttime="20220729 11:41:13.288" endtime="20220729 11:41:13.288"/>
</kw>
<kw name="Execute Javascript" library="SeleniumLibrary">
<arg>window.open("${website}")</arg>
<doc>Executes the given JavaScript code with possible arguments.</doc>
<msg timestamp="20220729 11:41:13.289" level="INFO">Executing JavaScript:
window.open("http://www.vampirebloodlines.com/")
Without any arguments.</msg>
<status status="PASS" starttime="20220729 11:41:13.288" endtime="20220729 11:41:13.294"/>
</kw>
<status status="PASS" starttime="20220729 11:41:13.288" endtime="20220729 11:41:13.294"/>
</iter>
<iter>
<var name="${website}">http://www.hugeprize.com/</var>
<kw name="Log To Console" library="BuiltIn">
<arg>${website}</arg>
<doc>Logs the given message to the console.</doc>
<status status="PASS" starttime="20220729 11:41:13.294" endtime="20220729 11:41:13.294"/>
</kw>
<kw name="Execute Javascript" library="SeleniumLibrary">
<arg>window.open("${website}")</arg>
<doc>Executes the given JavaScript code with possible arguments.</doc>
<msg timestamp="20220729 11:41:13.294" level="INFO">Executing JavaScript:
window.open("http://www.hugeprize.com/")
Without any arguments.</msg>
<status status="PASS" starttime="20220729 11:41:13.294" endtime="20220729 11:41:13.299"/>
</kw>
<status status="PASS" starttime="20220729 11:41:13.294" endtime="20220729 11:41:13.299"/>
</iter>
<iter>
<var name="${website}">http://www.j-house.net/</var>
<kw name="Log To Console" library="BuiltIn">
<arg>${website}</arg>
<doc>Logs the given message to the console.</doc>
<status status="PASS" starttime="20220729 11:41:13.299" endtime="20220729 11:41:13.300"/>
</kw>
<kw name="Execute Javascript" library="SeleniumLibrary">
<arg>window.open("${website}")</arg>
<doc>Executes the given JavaScript code with possible arguments.</doc>
<msg timestamp="20220729 11:41:13.300" level="INFO">Executing JavaScript:
window.open("http://www.j-house.net/")
Without any arguments.</msg>
<status status="PASS" starttime="20220729 11:41:13.300" endtime="20220729 11:41:13.305"/>
</kw>
<status status="PASS" starttime="20220729 11:41:13.299" endtime="20220729 11:41:13.305"/>
</iter>
<iter>
<var name="${website}">http://www.vgradio.com/</var>
<kw name="Log To Console" library="BuiltIn">
<arg>${website}</arg>
<doc>Logs the given message to the console.</doc>
<status status="PASS" starttime="20220729 11:41:13.305" endtime="20220729 11:41:13.306"/>
</kw>
<kw name="Execute Javascript" library="SeleniumLibrary">
<arg>window.open("${website}")</arg>
<doc>Executes the given JavaScript code with possible arguments.</doc>
<msg timestamp="20220729 11:41:13.306" level="INFO">Executing JavaScript:
window.open("http://www.vgradio.com/")
Without any arguments.</msg>
<status status="PASS" starttime="20220729 11:41:13.306" endtime="20220729 11:41:13.311"/>
</kw>
<status status="PASS" starttime="20220729 11:41:13.305" endtime="20220729 11:41:13.311"/>
</iter>
<iter>
<var name="${website}">http://www.ronstuff.com/</var>
<kw name="Log To Console" library="BuiltIn">
<arg>${website}</arg>
<doc>Logs the given message to the console.</doc>
<status status="PASS" starttime="20220729 11:41:13.311" endtime="20220729 11:41:13.311"/>
</kw>
<kw name="Execute Javascript" library="SeleniumLibrary">
<arg>window.open("${website}")</arg>
<doc>Executes the given JavaScript code with possible arguments.</doc>
<msg timestamp="20220729 11:41:13.312" level="INFO">Executing JavaScript:
window.open("http://www.ronstuff.com/")
Without any arguments.</msg>
<status status="PASS" starttime="20220729 11:41:13.311" endtime="20220729 11:41:13.317"/>
</kw>
<status status="PASS" starttime="20220729 11:41:13.311" endtime="20220729 11:41:13.317"/>
</iter>
<iter>
<var name="${website}">http://www.kelsen.de/</var>
<kw name="Log To Console" library="BuiltIn">
<arg>${website}</arg>
<doc>Logs the given message to the console.</doc>
<status status="PASS" starttime="20220729 11:41:13.318" endtime="20220729 11:41:13.318"/>
</kw>
<kw name="Execute Javascript" library="SeleniumLibrary">
<arg>window.open("${website}")</arg>
<doc>Executes the given JavaScript code with possible arguments.</doc>
<msg timestamp="20220729 11:41:13.318" level="INFO">Executing JavaScript:
window.open("http://www.kelsen.de/")
Without any arguments.</msg>
<status status="PASS" starttime="20220729 11:41:13.318" endtime="20220729 11:41:13.323"/>
</kw>
<status status="PASS" starttime="20220729 11:41:13.317" endtime="20220729 11:41:13.323"/>
</iter>
<iter>
<var name="${website}">http://www.dutchsecret.com/</var>
<kw name="Log To Console" library="BuiltIn">
<arg>${website}</arg>
<doc>Logs the given message to the console.</doc>
<status status="PASS" starttime="20220729 11:41:13.323" endtime="20220729 11:41:13.323"/>
</kw>
<kw name="Execute Javascript" library="SeleniumLibrary">
<arg>window.open("${website}")</arg>
<doc>Executes the given JavaScript code with possible arguments.</doc>
<msg timestamp="20220729 11:41:13.324" level="INFO">Executing JavaScript:
window.open("http://www.dutchsecret.com/")
Without any arguments.</msg>
<status status="PASS" starttime="20220729 11:41:13.323" endtime="20220729 11:41:13.329"/>
</kw>
<status status="PASS" starttime="20220729 11:41:13.323" endtime="20220729 11:41:13.329"/>
</iter>
<iter>
<var name="${website}">http://www.komikler.com/</var>
<kw name="Log To Console" library="BuiltIn">
<arg>${website}</arg>
<doc>Logs the given message to the console.</doc>
<status status="PASS" starttime="20220729 11:41:13.329" endtime="20220729 11:41:13.329"/>
</kw>
<kw name="Execute Javascript" library="SeleniumLibrary">
<arg>window.open("${website}")</arg>
<doc>Executes the given JavaScript code with possible arguments.</doc>
<msg timestamp="20220729 11:41:13.329" level="INFO">Executing JavaScript:
window.open("http://www.komikler.com/")
Without any arguments.</msg>
<status status="PASS" starttime="20220729 11:41:13.329" endtime="20220729 11:41:13.334"/>
</kw>
<status status="PASS" starttime="20220729 11:41:13.329" endtime="20220729 11:41:13.335"/>
</iter>
<iter>
<var name="${website}">http://server2.alwayswebhosting.com/suspended.page/</var>
<kw name="Log To Console" library="BuiltIn">
<arg>${website}</arg>
<doc>Logs the given message to the console.</doc>
<status status="PASS" starttime="20220729 11:41:13.335" endtime="20220729 11:41:13.335"/>
</kw>
<kw name="Execute Javascript" library="SeleniumLibrary">
<arg>window.open("${website}")</arg>
<doc>Executes the given JavaScript code with possible arguments.</doc>
<msg timestamp="20220729 11:41:13.335" level="INFO">Executing JavaScript:
window.open("http://server2.alwayswebhosting.com/suspended.page/")
Without any arguments.</msg>
<status status="PASS" starttime="20220729 11:41:13.335" endtime="20220729 11:41:13.340"/>
</kw>
<status status="PASS" starttime="20220729 11:41:13.335" endtime="20220729 11:41:13.340"/>
</iter>
<iter>
<var name="${website}">http://gomp.net/</var>
<kw name="Log To Console" library="BuiltIn">
<arg>${website}</arg>
<doc>Logs the given message to the console.</doc>
<status status="PASS" starttime="20220729 11:41:13.341" endtime="20220729 11:41:13.341"/>
</kw>
<kw name="Execute Javascript" library="SeleniumLibrary">
<arg>window.open("${website}")</arg>
<doc>Executes the given JavaScript code with possible arguments.</doc>
<msg timestamp="20220729 11:41:13.341" level="INFO">Executing JavaScript:
window.open("http://gomp.net/")
Without any arguments.</msg>
<status status="PASS" starttime="20220729 11:41:13.341" endtime="20220729 11:41:13.346"/>
</kw>
<status status="PASS" starttime="20220729 11:41:13.340" endtime="20220729 11:41:13.346"/>
</iter>
<iter>
<var name="${website}">http://www.aastars.com/</var>
<kw name="Log To Console" library="BuiltIn">
<arg>${website}</arg>
<doc>Logs the given message to the console.</doc>
<status status="PASS" starttime="20220729 11:41:13.346" endtime="20220729 11:41:13.346"/>
</kw>
<kw name="Execute Javascript" library="SeleniumLibrary">
<arg>window.open("${website}")</arg>
<doc>Executes the given JavaScript code with possible arguments.</doc>
<msg timestamp="20220729 11:41:13.347" level="INFO">Executing JavaScript:
window.open("http://www.aastars.com/")
Without any arguments.</msg>
<status status="PASS" starttime="20220729 11:41:13.346" endtime="20220729 11:41:13.352"/>
</kw>
<status status="PASS" starttime="20220729 11:41:13.346" endtime="20220729 11:41:13.352"/>
</iter>
<iter>
<var name="${website}">http://www.sensuouschat.com/</var>
<kw name="Log To Console" library="BuiltIn">
<arg>${website}</arg>
<doc>Logs the given message to the console.</doc>
<status status="PASS" starttime="20220729 11:41:13.353" endtime="20220729 11:41:13.353"/>
</kw>
<kw name="Execute Javascript" library="SeleniumLibrary">
<arg>window.open("${website}")</arg>
<doc>Executes the given JavaScript code with possible arguments.</doc>
<msg timestamp="20220729 11:41:13.353" level="INFO">Executing JavaScript:
window.open("http://www.sensuouschat.com/")
Without any arguments.</msg>
<status status="PASS" starttime="20220729 11:41:13.353" endtime="20220729 11:41:13.359"/>
</kw>
<status status="PASS" starttime="20220729 11:41:13.352" endtime="20220729 11:41:13.359"/>
</iter>
<iter>
<var name="${website}">http://www.pc-reviews.com/</var>
<kw name="Log To Console" library="BuiltIn">
<arg>${website}</arg>
<doc>Logs the given message to the console.</doc>
<status status="PASS" starttime="20220729 11:41:13.359" endtime="20220729 11:41:13.359"/>
</kw>
<kw name="Execute Javascript" library="SeleniumLibrary">
<arg>window.open("${website}")</arg>
<doc>Executes the given JavaScript code with possible arguments.</doc>
<msg timestamp="20220729 11:41:13.360" level="INFO">Executing JavaScript:
window.open("http://www.pc-reviews.com/")
Without any arguments.</msg>
<status status="PASS" starttime="20220729 11:41:13.359" endtime="20220729 11:41:13.365"/>
</kw>
<status status="PASS" starttime="20220729 11:41:13.359" endtime="20220729 11:41:13.365"/>
</iter>
<iter>
<var name="${website}">http://errors.perfectgonzo.com/gx.php?231358</var>
<kw name="Log To Console" library="BuiltIn">
<arg>${website}</arg>
<doc>Logs the given message to the console.</doc>
<status status="PASS" starttime="20220729 11:41:13.365" endtime="20220729 11:41:13.365"/>
</kw>
<kw name="Execute Javascript" library="SeleniumLibrary">
<arg>window.open("${website}")</arg>
<doc>Executes the given JavaScript code with possible arguments.</doc>
<msg timestamp="20220729 11:41:13.366" level="INFO">Executing JavaScript:
window.open("http://errors.perfectgonzo.com/gx.php?231358")
Without any arguments.</msg>
<status status="PASS" starttime="20220729 11:41:13.365" endtime="20220729 11:41:13.372"/>
</kw>
<status status="PASS" starttime="20220729 11:41:13.365" endtime="20220729 11:41:13.372"/>
</iter>
<iter>
<var name="${website}">http://www.freegaysex.com/</var>
<kw name="Log To Console" library="BuiltIn">
<arg>${website}</arg>
<doc>Logs the given message to the console.</doc>
<status status="PASS" starttime="20220729 11:41:13.372" endtime="20220729 11:41:13.372"/>
</kw>
<kw name="Execute Javascript" library="SeleniumLibrary">
<arg>window.open("${website}")</arg>
<doc>Executes the given JavaScript code with possible arguments.</doc>
<msg timestamp="20220729 11:41:13.373" level="INFO">Executing JavaScript:
window.open("http://www.freegaysex.com/")
Without any arguments.</msg>
<status status="PASS" starttime="20220729 11:41:13.372" endtime="20220729 11:41:13.378"/>
</kw>
<status status="PASS" starttime="20220729 11:41:13.372" endtime="20220729 11:41:13.378"/>
</iter>
<iter>
<var name="${website}">http://www.37.com/</var>
<kw name="Log To Console" library="BuiltIn">
<arg>${website}</arg>
<doc>Logs the given message to the console.</doc>
<status status="PASS" starttime="20220729 11:41:13.378" endtime="20220729 11:41:13.378"/>
</kw>
<kw name="Execute Javascript" library="SeleniumLibrary">
<arg>window.open("${website}")</arg>
<doc>Executes the given JavaScript code with possible arguments.</doc>
<msg timestamp="20220729 11:41:13.379" level="INFO">Executing JavaScript:
window.open("http://www.37.com/")
Without any arguments.</msg>
<status status="PASS" starttime="20220729 11:41:13.378" endtime="20220729 11:41:13.386"/>
</kw>
<status status="PASS" starttime="20220729 11:41:13.378" endtime="20220729 11:41:13.386"/>
</iter>
<iter>
<var name="${website}">http://www.piratbyran.org/</var>
<kw name="Log To Console" library="BuiltIn">
<arg>${website}</arg>
<doc>Logs the given message to the console.</doc>
<status status="PASS" starttime="20220729 11:41:13.386" endtime="20220729 11:41:13.386"/>
</kw>
<kw name="Execute Javascript" library="SeleniumLibrary">
<arg>window.open("${website}")</arg>
<doc>Executes the given JavaScript code with possible arguments.</doc>
<msg timestamp="20220729 11:41:13.387" level="INFO">Executing JavaScript:
window.open("http://www.piratbyran.org/")
Without any arguments.</msg>
<status status="PASS" starttime="20220729 11:41:13.387" endtime="20220729 11:41:13.392"/>
</kw>
<status status="PASS" starttime="20220729 11:41:13.386" endtime="20220729 11:41:13.392"/>
</iter>
<iter>
<var name="${website}">http://www.spaceykevin.com/</var>
<kw name="Log To Console" library="BuiltIn">
<arg>${website}</arg>
<doc>Logs the given message to the console.</doc>
<status status="PASS" starttime="20220729 11:41:13.392" endtime="20220729 11:41:13.392"/>
</kw>
<kw name="Execute Javascript" library="SeleniumLibrary">
<arg>window.open("${website}")</arg>
<doc>Executes the given JavaScript code with possible arguments.</doc>
<msg timestamp="20220729 11:41:13.392" level="INFO">Executing JavaScript:
window.open("http://www.spaceykevin.com/")
Without any arguments.</msg>
<status status="PASS" starttime="20220729 11:41:13.392" endtime="20220729 11:41:13.398"/>
</kw>
<status status="PASS" starttime="20220729 11:41:13.392" endtime="20220729 11:41:13.398"/>
</iter>
<iter>
<var name="${website}">http://www.fantasiesgogo.com/</var>
<kw name="Log To Console" library="BuiltIn">
<arg>${website}</arg>
<doc>Logs the given message to the console.</doc>
<status status="PASS" starttime="20220729 11:41:13.398" endtime="20220729 11:41:13.398"/>
</kw>
<kw name="Execute Javascript" library="SeleniumLibrary">
<arg>window.open("${website}")</arg>
<doc>Executes the given JavaScript code with possible arguments.</doc>
<msg timestamp="20220729 11:41:13.399" level="INFO">Executing JavaScript:
window.open("http://www.fantasiesgogo.com/")
Without any arguments.</msg>
<status status="PASS" starttime="20220729 11:41:13.398" endtime="20220729 11:41:13.404"/>
</kw>
<status status="PASS" starttime="20220729 11:41:13.398" endtime="20220729 11:41:13.404"/>
</iter>
<iter>
<var name="${website}">http://www.freegame.pl/news.php</var>
<kw name="Log To Console" library="BuiltIn">
<arg>${website}</arg>
<doc>Logs the given message to the console.</doc>
<status status="PASS" starttime="20220729 11:41:13.405" endtime="20220729 11:41:13.405"/>
</kw>
<kw name="Execute Javascript" library="SeleniumLibrary">
<arg>window.open("${website}")</arg>
<doc>Executes the given JavaScript code with possible arguments.</doc>
<msg timestamp="20220729 11:41:13.405" level="INFO">Executing JavaScript:
window.open("http://www.freegame.pl/news.php")
Without any arguments.</msg>
<status status="PASS" starttime="20220729 11:41:13.405" endtime="20220729 11:41:13.411"/>
</kw>
<status status="PASS" starttime="20220729 11:41:13.404" endtime="20220729 11:41:13.411"/>
</iter>
<iter>
<var name="${website}">http://www.crownbingo.com/</var>
<kw name="Log To Console" library="BuiltIn">
<arg>${website}</arg>
<doc>Logs the given message to the console.</doc>
<status status="PASS" starttime="20220729 11:41:13.411" endtime="20220729 11:41:13.411"/>
</kw>
<kw name="Execute Javascript" library="SeleniumLibrary">
<arg>window.open("${website}")</arg>
<doc>Executes the given JavaScript code with possible arguments.</doc>
<msg timestamp="20220729 11:41:13.412" level="INFO">Executing JavaScript:
window.open("http://www.crownbingo.com/")
Without any arguments.</msg>
<status status="PASS" starttime="20220729 11:41:13.411" endtime="20220729 11:41:13.416"/>
</kw>
<status status="PASS" starttime="20220729 11:41:13.411" endtime="20220729 11:41:13.416"/>
</iter>
<iter>
<var name="${website}">http://www.snipeme.com/</var>
<kw name="Log To Console" library="BuiltIn">
<arg>${website}</arg>
<doc>Logs the given message to the console.</doc>
<status status="PASS" starttime="20220729 11:41:13.417" endtime="20220729 11:41:13.417"/>
</kw>
<kw name="Execute Javascript" library="SeleniumLibrary">
<arg>window.open("${website}")</arg>
<doc>Executes the given JavaScript code with possible arguments.</doc>
<msg timestamp="20220729 11:41:13.418" level="INFO">Executing JavaScript:
window.open("http://www.snipeme.com/")
Without any arguments.</msg>
<status status="PASS" starttime="20220729 11:41:13.417" endtime="20220729 11:41:13.422"/>
</kw>
<status status="PASS" starttime="20220729 11:41:13.417" endtime="20220729 11:41:13.422"/>
</iter>
<iter>
<var name="${website}">http://www.diceext.com/utility_revi/jobs.xml?cacheKiller=1207788700715</var>
<kw name="Log To Console" library="BuiltIn">
<arg>${website}</arg>
<doc>Logs the given message to the console.</doc>
<status status="PASS" starttime="20220729 11:41:13.422" endtime="20220729 11:41:13.423"/>
</kw>
<kw name="Execute Javascript" library="SeleniumLibrary">
<arg>window.open("${website}")</arg>
<doc>Executes the given JavaScript code with possible arguments.</doc>
<msg timestamp="20220729 11:41:13.423" level="INFO">Executing JavaScript:
window.open("http://www.diceext.com/utility_revi/jobs.xml?cacheKiller=1207788700715")
Without any arguments.</msg>
<status status="PASS" starttime="20220729 11:41:13.423" endtime="20220729 11:41:13.428"/>
</kw>
<status status="PASS" starttime="20220729 11:41:13.422" endtime="20220729 11:41:13.428"/>
</iter>
<iter>
<var name="${website}">http://www.eroticcinema.com/index.html</var>
<kw name="Log To Console" library="BuiltIn">
<arg>${website}</arg>
<doc>Logs the given message to the console.</doc>
<status status="PASS" starttime="20220729 11:41:13.428" endtime="20220729 11:41:13.428"/>
</kw>
<kw name="Execute Javascript" library="SeleniumLibrary">
<arg>window.open("${website}")</arg>
<doc>Executes the given JavaScript code with possible arguments.</doc>
<msg timestamp="20220729 11:41:13.429" level="INFO">Executing JavaScript:
window.open("http://www.eroticcinema.com/index.html")
Without any arguments.</msg>
<status status="PASS" starttime="20220729 11:41:13.428" endtime="20220729 11:41:13.433"/>
</kw>
<status status="PASS" starttime="20220729 11:41:13.428" endtime="20220729 11:41:13.434"/>
</iter>
<iter>
<var name="${website}">http://www.myou.net/</var>
<kw name="Log To Console" library="BuiltIn">
<arg>${website}</arg>
<doc>Logs the given message to the console.</doc>
<status status="PASS" starttime="20220729 11:41:13.434" endtime="20220729 11:41:13.434"/>
</kw>
<kw name="Execute Javascript" library="SeleniumLibrary">
<arg>window.open("${website}")</arg>
<doc>Executes the given JavaScript code with possible arguments.</doc>
<msg timestamp="20220729 11:41:13.434" level="INFO">Executing JavaScript:
window.open("http://www.myou.net/")
Without any arguments.</msg>
<status status="PASS" starttime="20220729 11:41:13.434" endtime="20220729 11:41:13.439"/>
</kw>
<status status="PASS" starttime="20220729 11:41:13.434" endtime="20220729 11:41:13.440"/>
</iter>
<iter>
<var name="${website}">http://www.russian-single-women.com/</var>
<kw name="Log To Console" library="BuiltIn">
<arg>${website}</arg>
<doc>Logs the given message to the console.</doc>
<status status="PASS" starttime="20220729 11:41:13.440" endtime="20220729 11:41:13.440"/>
</kw>
<kw name="Execute Javascript" library="SeleniumLibrary">
<arg>window.open("${website}")</arg>
<doc>Executes the given JavaScript code with possible arguments.</doc>
<msg timestamp="20220729 11:41:13.441" level="INFO">Executing JavaScript:
window.open("http://www.russian-single-women.com/")
Without any arguments.</msg>
<status status="PASS" starttime="20220729 11:41:13.440" endtime="20220729 11:41:13.446"/>
</kw>
<status status="PASS" starttime="20220729 11:41:13.440" endtime="20220729 11:41:13.446"/>
</iter>
<iter>
<var name="${website}">http://www.redninjagame.com/</var>
<kw name="Log To Console" library="BuiltIn">
<arg>${website}</arg>
<doc>Logs the given message to the console.</doc>
<status status="PASS" starttime="20220729 11:41:13.446" endtime="20220729 11:41:13.446"/>
</kw>
<kw name="Execute Javascript" library="SeleniumLibrary">
<arg>window.open("${website}")</arg>
<doc>Executes the given JavaScript code with possible arguments.</doc>
<msg timestamp="20220729 11:41:13.447" level="INFO">Executing JavaScript:
window.open("http://www.redninjagame.com/")
Without any arguments.</msg>
<status status="PASS" starttime="20220729 11:41:13.446" endtime="20220729 11:41:13.452"/>
</kw>
<status status="PASS" starttime="20220729 11:41:13.446" endtime="20220729 11:41:13.452"/>
</iter>
<iter>
<var name="${website}">http://www.indianmasala.com/</var>
<kw name="Log To Console" library="BuiltIn">
<arg>${website}</arg>
<doc>Logs the given message to the console.</doc>
<status status="PASS" starttime="20220729 11:41:13.452" endtime="20220729 11:41:13.452"/>
</kw>
<kw name="Execute Javascript" library="SeleniumLibrary">
<arg>window.open("${website}")</arg>
<doc>Executes the given JavaScript code with possible arguments.</doc>
<msg timestamp="20220729 11:41:13.452" level="INFO">Executing JavaScript:
window.open("http://www.indianmasala.com/")
Without any arguments.</msg>
<status status="PASS" starttime="20220729 11:41:13.452" endtime="20220729 11:41:13.457"/>
</kw>
<status status="PASS" starttime="20220729 11:41:13.452" endtime="20220729 11:41:13.458"/>
</iter>
<iter>
<var name="${website}">http://www.jackpotgraphs.com/</var>
<kw name="Log To Console" library="BuiltIn">
<arg>${website}</arg>
<doc>Logs the given message to the console.</doc>
<status status="PASS" starttime="20220729 11:41:13.458" endtime="20220729 11:41:13.458"/>
</kw>
<kw name="Execute Javascript" library="SeleniumLibrary">
<arg>window.open("${website}")</arg>
<doc>Executes the given JavaScript code with possible arguments.</doc>
<msg timestamp="20220729 11:41:13.458" level="INFO">Executing JavaScript:
window.open("http://www.jackpotgraphs.com/")
Without any arguments.</msg>
<status status="PASS" starttime="20220729 11:41:13.458" endtime="20220729 11:41:13.479"/>
</kw>
<status status="PASS" starttime="20220729 11:41:13.458" endtime="20220729 11:41:13.479"/>
</iter>
<iter>
<var name="${website}">http://www.ps3junction.com/</var>
<kw name="Log To Console" library="BuiltIn">
<arg>${website}</arg>
<doc>Logs the given message to the console.</doc>
<status status="PASS" starttime="20220729 11:41:13.479" endtime="20220729 11:41:13.479"/>
</kw>
<kw name="Execute Javascript" library="SeleniumLibrary">
<arg>window.open("${website}")</arg>
<doc>Executes the given JavaScript code with possible arguments.</doc>
<msg timestamp="20220729 11:41:13.480" level="INFO">Executing JavaScript:
window.open("http://www.ps3junction.com/")
Without any arguments.</msg>
<status status="PASS" starttime="20220729 11:41:13.479" endtime="20220729 11:41:13.485"/>
</kw>
<status status="PASS" starttime="20220729 11:41:13.479" endtime="20220729 11:41:13.485"/>
</iter>
<iter>
<var name="${website}">http://www.towerchat.com/</var>
<kw name="Log To Console" library="BuiltIn">
<arg>${website}</arg>
<doc>Logs the given message to the console.</doc>
<status status="PASS" starttime="20220729 11:41:13.485" endtime="20220729 11:41:13.485"/>
</kw>
<kw name="Execute Javascript" library="SeleniumLibrary">
<arg>window.open("${website}")</arg>
<doc>Executes the given JavaScript code with possible arguments.</doc>
<msg timestamp="20220729 11:41:13.486" level="INFO">Executing JavaScript:
window.open("http://www.towerchat.com/")
Without any arguments.</msg>
<status status="PASS" starttime="20220729 11:41:13.485" endtime="20220729 11:41:13.490"/>
</kw>
<status status="PASS" starttime="20220729 11:41:13.485" endtime="20220729 11:41:13.490"/>
</iter>
<iter>
<var name="${website}">http://www.bingogamingnews.com/</var>
<kw name="Log To Console" library="BuiltIn">
<arg>${website}</arg>
<doc>Logs the given message to the console.</doc>
<status status="PASS" starttime="20220729 11:41:13.491" endtime="20220729 11:41:13.491"/>
</kw>
<kw name="Execute Javascript" library="SeleniumLibrary">
<arg>window.open("${website}")</arg>
<doc>Executes the given JavaScript code with possible arguments.</doc>
<msg timestamp="20220729 11:41:13.491" level="INFO">Executing JavaScript:
window.open("http://www.bingogamingnews.com/")
Without any arguments.</msg>
<status status="PASS" starttime="20220729 11:41:13.491" endtime="20220729 11:41:13.496"/>
</kw>
<status status="PASS" starttime="20220729 11:41:13.490" endtime="20220729 11:41:13.496"/>
</iter>
<iter>
<var name="${website}">http://www.queercon.org/</var>
<kw name="Log To Console" library="BuiltIn">
<arg>${website}</arg>
<doc>Logs the given message to the console.</doc>
<status status="PASS" starttime="20220729 11:41:13.496" endtime="20220729 11:41:13.496"/>
</kw>
<kw name="Execute Javascript" library="SeleniumLibrary">
<arg>window.open("${website}")</arg>
<doc>Executes the given JavaScript code with possible arguments.</doc>
<msg timestamp="20220729 11:41:13.497" level="INFO">Executing JavaScript:
window.open("http://www.queercon.org/")
Without any arguments.</msg>
<status status="PASS" starttime="20220729 11:41:13.496" endtime="20220729 11:41:13.502"/>
</kw>
<status status="PASS" starttime="20220729 11:41:13.496" endtime="20220729 11:41:13.502"/>
</iter>
<iter>
<var name="${website}">http://www.clipgenie.com/</var>
<kw name="Log To Console" library="BuiltIn">
<arg>${website}</arg>
<doc>Logs the given message to the console.</doc>
<status status="PASS" starttime="20220729 11:41:13.502" endtime="20220729 11:41:13.502"/>
</kw>
<kw name="Execute Javascript" library="SeleniumLibrary">
<arg>window.open("${website}")</arg>
<doc>Executes the given JavaScript code with possible arguments.</doc>
<msg timestamp="20220729 11:41:13.503" level="INFO">Executing JavaScript:
window.open("http://www.clipgenie.com/")
Without any arguments.</msg>
<status status="PASS" starttime="20220729 11:41:13.502" endtime="20220729 11:41:13.508"/>
</kw>
<status status="PASS" starttime="20220729 11:41:13.502" endtime="20220729 11:41:13.508"/>
</iter>
<iter>
<var name="${website}">http://www.aerotik.de/</var>
<kw name="Log To Console" library="BuiltIn">
<arg>${website}</arg>
<doc>Logs the given message to the console.</doc>
<status status="PASS" starttime="20220729 11:41:13.508" endtime="20220729 11:41:13.508"/>
</kw>
<kw name="Execute Javascript" library="SeleniumLibrary">
<arg>window.open("${website}")</arg>
<doc>Executes the given JavaScript code with possible arguments.</doc>
<msg timestamp="20220729 11:41:13.509" level="INFO">Executing JavaScript:
window.open("http://www.aerotik.de/")
Without any arguments.</msg>
<status status="PASS" starttime="20220729 11:41:13.508" endtime="20220729 11:41:13.513"/>
</kw>
<status status="PASS" starttime="20220729 11:41:13.508" endtime="20220729 11:41:13.513"/>
</iter>
<iter>
<var name="${website}">http://www.deliverbooks.com/</var>
<kw name="Log To Console" library="BuiltIn">
<arg>${website}</arg>
<doc>Logs the given message to the console.</doc>
<status status="PASS" starttime="20220729 11:41:13.514" endtime="20220729 11:41:13.514"/>
</kw>
<kw name="Execute Javascript" library="SeleniumLibrary">
<arg>window.open("${website}")</arg>
<doc>Executes the given JavaScript code with possible arguments.</doc>
<msg timestamp="20220729 11:41:13.514" level="INFO">Executing JavaScript:
window.open("http://www.deliverbooks.com/")
Without any arguments.</msg>
<status status="PASS" starttime="20220729 11:41:13.514" endtime="20220729 11:41:13.519"/>
</kw>
<status status="PASS" starttime="20220729 11:41:13.513" endtime="20220729 11:41:13.519"/>
</iter>
<iter>
<var name="${website}">http://www.monalisapromos.com/</var>
<kw name="Log To Console" library="BuiltIn">
<arg>${website}</arg>
<doc>Logs the given message to the console.</doc>
<status status="PASS" starttime="20220729 11:41:13.519" endtime="20220729 11:41:13.520"/>
</kw>
<kw name="Execute Javascript" library="SeleniumLibrary">
<arg>window.open("${website}")</arg>
<doc>Executes the given JavaScript code with possible arguments.</doc>
<msg timestamp="20220729 11:41:13.520" level="INFO">Executing JavaScript:
window.open("http://www.monalisapromos.com/")
Without any arguments.</msg>
<status status="PASS" starttime="20220729 11:41:13.520" endtime="20220729 11:41:13.525"/>
</kw>
<status status="PASS" starttime="20220729 11:41:13.519" endtime="20220729 11:41:13.525"/>
</iter>
<iter>
<var name="${website}">http://www.malinverni.com/</var>
<kw name="Log To Console" library="BuiltIn">
<arg>${website}</arg>
<doc>Logs the given message to the console.</doc>
<status status="PASS" starttime="20220729 11:41:13.525" endtime="20220729 11:41:13.525"/>
</kw>
<kw name="Execute Javascript" library="SeleniumLibrary">
<arg>window.open("${website}")</arg>
<doc>Executes the given JavaScript code with possible arguments.</doc>
<msg timestamp="20220729 11:41:13.526" level="INFO">Executing JavaScript:
window.open("http://www.malinverni.com/")
Without any arguments.</msg>
<status status="PASS" starttime="20220729 11:41:13.525" endtime="20220729 11:41:13.531"/>
</kw>
<status status="PASS" starttime="20220729 11:41:13.525" endtime="20220729 11:41:13.531"/>
</iter>
<iter>
<var name="${website}">http://www.wfgamers.org.uk/</var>
<kw name="Log To Console" library="BuiltIn">
<arg>${website}</arg>
<doc>Logs the given message to the console.</doc>
<status status="PASS" starttime="20220729 11:41:13.531" endtime="20220729 11:41:13.531"/>
</kw>
<kw name="Execute Javascript" library="SeleniumLibrary">
<arg>window.open("${website}")</arg>
<doc>Executes the given JavaScript code with possible arguments.</doc>
<msg timestamp="20220729 11:41:13.532" level="INFO">Executing JavaScript:
window.open("http://www.wfgamers.org.uk/")
Without any arguments.</msg>
<status status="PASS" starttime="20220729 11:41:13.531" endtime="20220729 11:41:13.537"/>
</kw>
<status status="PASS" starttime="20220729 11:41:13.531" endtime="20220729 11:41:13.537"/>
</iter>
<iter>
<var name="${website}">http://www.computermaster.de/</var>
<kw name="Log To Console" library="BuiltIn">
<arg>${website}</arg>
<doc>Logs the given message to the console.</doc>
<status status="PASS" starttime="20220729 11:41:13.538" endtime="20220729 11:41:13.538"/>
</kw>
<kw name="Execute Javascript" library="SeleniumLibrary">
<arg>window.open("${website}")</arg>
<doc>Executes the given JavaScript code with possible arguments.</doc>
<msg timestamp="20220729 11:41:13.538" level="INFO">Executing JavaScript:
window.open("http://www.computermaster.de/")
Without any arguments.</msg>
<status status="PASS" starttime="20220729 11:41:13.538" endtime="20220729 11:41:13.543"/>
</kw>
<status status="PASS" starttime="20220729 11:41:13.537" endtime="20220729 11:41:13.543"/>
</iter>
<iter>
<var name="${website}">http://www.flpromotion.com/</var>
<kw name="Log To Console" library="BuiltIn">
<arg>${website}</arg>
<doc>Logs the given message to the console.</doc>
<status status="PASS" starttime="20220729 11:41:13.543" endtime="20220729 11:41:13.543"/>
</kw>
<kw name="Execute Javascript" library="SeleniumLibrary">
<arg>window.open("${website}")</arg>
<doc>Executes the given JavaScript code with possible arguments.</doc>
<msg timestamp="20220729 11:41:13.544" level="INFO">Executing JavaScript:
window.open("http://www.flpromotion.com/")
Without any arguments.</msg>
<status status="PASS" starttime="20220729 11:41:13.543" endtime="20220729 11:41:13.549"/>
</kw>
<status status="PASS" starttime="20220729 11:41:13.543" endtime="20220729 11:41:13.549"/>
</iter>
<iter>
<var name="${website}">http://www.boredmuch.com/</var>
<kw name="Log To Console" library="BuiltIn">
<arg>${website}</arg>
<doc>Logs the given message to the console.</doc>
<status status="PASS" starttime="20220729 11:41:13.549" endtime="20220729 11:41:13.549"/>
</kw>
<kw name="Execute Javascript" library="SeleniumLibrary">
<arg>window.open("${website}")</arg>
<doc>Executes the given JavaScript code with possible arguments.</doc>
<msg timestamp="20220729 11:41:13.550" level="INFO">Executing JavaScript:
window.open("http://www.boredmuch.com/")
Without any arguments.</msg>
<status status="PASS" starttime="20220729 11:41:13.549" endtime="20220729 11:41:13.555"/>
</kw>
<status status="PASS" starttime="20220729 11:41:13.549" endtime="20220729 11:41:13.555"/>
</iter>
<iter>
<var name="${website}">http://www.germy.co.uk/</var>
<kw name="Log To Console" library="BuiltIn">
<arg>${website}</arg>
<doc>Logs the given message to the console.</doc>
<status status="PASS" starttime="20220729 11:41:13.555" endtime="20220729 11:41:13.555"/>
</kw>
<kw name="Execute Javascript" library="SeleniumLibrary">
<arg>window.open("${website}")</arg>
<doc>Executes the given JavaScript code with possible arguments.</doc>
<msg timestamp="20220729 11:41:13.555" level="INFO">Executing JavaScript:
window.open("http://www.germy.co.uk/")
Without any arguments.</msg>
<status status="PASS" starttime="20220729 11:41:13.555" endtime="20220729 11:41:13.560"/>
</kw>
<status status="PASS" starttime="20220729 11:41:13.555" endtime="20220729 11:41:13.560"/>
</iter>
<iter>
<var name="${website}">http://www.whisperingwavesbelize.com/</var>
<kw name="Log To Console" library="BuiltIn">
<arg>${website}</arg>
<doc>Logs the given message to the console.</doc>
<status status="PASS" starttime="20220729 11:41:13.561" endtime="20220729 11:41:13.561"/>
</kw>
<kw name="Execute Javascript" library="SeleniumLibrary">
<arg>window.open("${website}")</arg>
<doc>Executes the given JavaScript code with possible arguments.</doc>
<msg timestamp="20220729 11:41:13.561" level="INFO">Executing JavaScript:
window.open("http://www.whisperingwavesbelize.com/")
Without any arguments.</msg>
<status status="PASS" starttime="20220729 11:41:13.561" endtime="20220729 11:41:13.566"/>
</kw>
<status status="PASS" starttime="20220729 11:41:13.560" endtime="20220729 11:41:13.566"/>
</iter>
<iter>
<var name="${website}">http://www.psp-gamesaves.com/</var>
<kw name="Log To Console" library="BuiltIn">
<arg>${website}</arg>
<doc>Logs the given message to the console.</doc>
<status status="PASS" starttime="20220729 11:41:13.566" endtime="20220729 11:41:13.567"/>
</kw>
<kw name="Execute Javascript" library="SeleniumLibrary">
<arg>window.open("${website}")</arg>
<doc>Executes the given JavaScript code with possible arguments.</doc>
<msg timestamp="20220729 11:41:13.567" level="INFO">Executing JavaScript:
window.open("http://www.psp-gamesaves.com/")
Without any arguments.</msg>
<status status="PASS" starttime="20220729 11:41:13.567" endtime="20220729 11:41:13.572"/>
</kw>
<status status="PASS" starttime="20220729 11:41:13.566" endtime="20220729 11:41:13.572"/>
</iter>
<iter>
<var name="${website}">http://www.blackjackman.com/</var>
<kw name="Log To Console" library="BuiltIn">
<arg>${website}</arg>
<doc>Logs the given message to the console.</doc>
<status status="PASS" starttime="20220729 11:41:13.572" endtime="20220729 11:41:13.572"/>
</kw>
<kw name="Execute Javascript" library="SeleniumLibrary">
<arg>window.open("${website}")</arg>
<doc>Executes the given JavaScript code with possible arguments.</doc>
<msg timestamp="20220729 11:41:13.573" level="INFO">Executing JavaScript:
window.open("http://www.blackjackman.com/")
Without any arguments.</msg>
<status status="PASS" starttime="20220729 11:41:13.572" endtime="20220729 11:41:13.577"/>
</kw>
<status status="PASS" starttime="20220729 11:41:13.572" endtime="20220729 11:41:13.577"/>
</iter>
<iter>
<var name="${website}">http://chainmailbikini.tripod.com/</var>
<kw name="Log To Console" library="BuiltIn">
<arg>${website}</arg>
<doc>Logs the given message to the console.</doc>
<status status="PASS" starttime="20220729 11:41:13.578" endtime="20220729 11:41:13.578"/>
</kw>
<kw name="Execute Javascript" library="SeleniumLibrary">
<arg>window.open("${website}")</arg>
<doc>Executes the given JavaScript code with possible arguments.</doc>
<msg timestamp="20220729 11:41:13.578" level="INFO">Executing JavaScript:
window.open("http://chainmailbikini.tripod.com/")
Without any arguments.</msg>
<status status="PASS" starttime="20220729 11:41:13.578" endtime="20220729 11:41:13.583"/>
</kw>
<status status="PASS" starttime="20220729 11:41:13.578" endtime="20220729 11:41:13.583"/>
</iter>
<iter>
<var name="${website}">http://www.suburbanamateurs.com/freeview/</var>
<kw name="Log To Console" library="BuiltIn">
<arg>${website}</arg>
<doc>Logs the given message to the console.</doc>
<status status="PASS" starttime="20220729 11:41:13.583" endtime="20220729 11:41:13.584"/>
</kw>
<kw name="Execute Javascript" library="SeleniumLibrary">
<arg>window.open("${website}")</arg>
<doc>Executes the given JavaScript code with possible arguments.</doc>
<msg timestamp="20220729 11:41:13.584" level="INFO">Executing JavaScript:
window.open("http://www.suburbanamateurs.com/freeview/")
Without any arguments.</msg>
<status status="PASS" starttime="20220729 11:41:13.584" endtime="20220729 11:41:13.589"/>
</kw>
<status status="PASS" starttime="20220729 11:41:13.583" endtime="20220729 11:41:13.589"/>
</iter>
<iter>
<var name="${website}">http://www.hot-cafe.net/</var>
<kw name="Log To Console" library="BuiltIn">
<arg>${website}</arg>
<doc>Logs the given message to the console.</doc>
<status status="PASS" starttime="20220729 11:41:13.589" endtime="20220729 11:41:13.590"/>
</kw>
<kw name="Execute Javascript" library="SeleniumLibrary">
<arg>window.open("${website}")</arg>
<doc>Executes the given JavaScript code with possible arguments.</doc>
<msg timestamp="20220729 11:41:13.590" level="INFO">Executing JavaScript:
window.open("http://www.hot-cafe.net/")
Without any arguments.</msg>
<status status="PASS" starttime="20220729 11:41:13.590" endtime="20220729 11:41:13.595"/>
</kw>
<status status="PASS" starttime="20220729 11:41:13.589" endtime="20220729 11:41:13.595"/>
</iter>
<iter>
<var name="${website}">http://www.cryptohax.com/</var>
<kw name="Log To Console" library="BuiltIn">
<arg>${website}</arg>
<doc>Logs the given message to the console.</doc>
<status status="PASS" starttime="20220729 11:41:13.595" endtime="20220729 11:41:13.595"/>
</kw>
<kw name="Execute Javascript" library="SeleniumLibrary">
<arg>window.open("${website}")</arg>
<doc>Executes the given JavaScript code with possible arguments.</doc>
<msg timestamp="20220729 11:41:13.595" level="INFO">Executing JavaScript:
window.open("http://www.cryptohax.com/")
Without any arguments.</msg>
<status status="PASS" starttime="20220729 11:41:13.595" endtime="20220729 11:41:13.600"/>
</kw>
<status status="PASS" starttime="20220729 11:41:13.595" endtime="20220729 11:41:13.600"/>
</iter>
<iter>
<var name="${website}">http://www.kazazz.com/</var>
<kw name="Log To Console" library="BuiltIn">
<arg>${website}</arg>
<doc>Logs the given message to the console.</doc>
<status status="PASS" starttime="20220729 11:41:13.601" endtime="20220729 11:41:13.601"/>
</kw>
<kw name="Execute Javascript" library="SeleniumLibrary">
<arg>window.open("${website}")</arg>
<doc>Executes the given JavaScript code with possible arguments.</doc>
<msg timestamp="20220729 11:41:13.601" level="INFO">Executing JavaScript:
window.open("http://www.kazazz.com/")
Without any arguments.</msg>
<status status="PASS" starttime="20220729 11:41:13.601" endtime="20220729 11:41:13.607"/>
</kw>
<status status="PASS" starttime="20220729 11:41:13.600" endtime="20220729 11:41:13.607"/>
</iter>
<iter>
<var name="${website}">http://www.slitentertainment.com/</var>
<kw name="Log To Console" library="BuiltIn">
<arg>${website}</arg>
<doc>Logs the given message to the console.</doc>
<status status="PASS" starttime="20220729 11:41:13.607" endtime="20220729 11:41:13.607"/>
</kw>
<kw name="Execute Javascript" library="SeleniumLibrary">
<arg>window.open("${website}")</arg>
<doc>Executes the given JavaScript code with possible arguments.</doc>
<msg timestamp="20220729 11:41:13.608" level="INFO">Executing JavaScript:
window.open("http://www.slitentertainment.com/")
Without any arguments.</msg>
<status status="PASS" starttime="20220729 11:41:13.607" endtime="20220729 11:41:13.613"/>
</kw>
<status status="PASS" starttime="20220729 11:41:13.607" endtime="20220729 11:41:13.613"/>
</iter>
<iter>
<var name="${website}">http://www.live365.com/scripts/rma.js</var>
<kw name="Log To Console" library="BuiltIn">
<arg>${website}</arg>
<doc>Logs the given message to the console.</doc>
<status status="PASS" starttime="20220729 11:41:13.613" endtime="20220729 11:41:13.613"/>
</kw>
<kw name="Execute Javascript" library="SeleniumLibrary">
<arg>window.open("${website}")</arg>
<doc>Executes the given JavaScript code with possible arguments.</doc>
<msg timestamp="20220729 11:41:13.614" level="INFO">Executing JavaScript:
window.open("http://www.live365.com/scripts/rma.js")
Without any arguments.</msg>
<status status="PASS" starttime="20220729 11:41:13.613" endtime="20220729 11:41:13.619"/>
</kw>
<status status="PASS" starttime="20220729 11:41:13.613" endtime="20220729 11:41:13.619"/>
</iter>
<iter>
<var name="${website}">http://www.nonprofitgaming.org/</var>
<kw name="Log To Console" library="BuiltIn">
<arg>${website}</arg>
<doc>Logs the given message to the console.</doc>
<status status="PASS" starttime="20220729 11:41:13.619" endtime="20220729 11:41:13.619"/>
</kw>
<kw name="Execute Javascript" library="SeleniumLibrary">
<arg>window.open("${website}")</arg>
<doc>Executes the given JavaScript code with possible arguments.</doc>
<msg timestamp="20220729 11:41:13.620" level="INFO">Executing JavaScript:
window.open("http://www.nonprofitgaming.org/")
Without any arguments.</msg>
<status status="PASS" starttime="20220729 11:41:13.620" endtime="20220729 11:41:13.625"/>
</kw>
<status status="PASS" starttime="20220729 11:41:13.619" endtime="20220729 11:41:13.625"/>
</iter>
<iter>
<var name="${website}">http://www.ellington-photo.com/</var>
<kw name="Log To Console" library="BuiltIn">
<arg>${website}</arg>
<doc>Logs the given message to the console.</doc>
<status status="PASS" starttime="20220729 11:41:13.625" endtime="20220729 11:41:13.625"/>
</kw>
<kw name="Execute Javascript" library="SeleniumLibrary">
<arg>window.open("${website}")</arg>
<doc>Executes the given JavaScript code with possible arguments.</doc>
<msg timestamp="20220729 11:41:13.625" level="INFO">Executing JavaScript:
window.open("http://www.ellington-photo.com/")
Without any arguments.</msg>
<status status="PASS" starttime="20220729 11:41:13.625" endtime="20220729 11:41:13.630"/>
</kw>
<status status="PASS" starttime="20220729 11:41:13.625" endtime="20220729 11:41:13.630"/>
</iter>
<iter>
<var name="${website}">http://www.planets9.com/</var>
<kw name="Log To Console" library="BuiltIn">
<arg>${website}</arg>
<doc>Logs the given message to the console.</doc>
<status status="PASS" starttime="20220729 11:41:13.631" endtime="20220729 11:41:13.631"/>
</kw>
<kw name="Execute Javascript" library="SeleniumLibrary">
<arg>window.open("${website}")</arg>
<doc>Executes the given JavaScript code with possible arguments.</doc>
<msg timestamp="20220729 11:41:13.631" level="INFO">Executing JavaScript:
window.open("http://www.planets9.com/")
Without any arguments.</msg>
<status status="PASS" starttime="20220729 11:41:13.631" endtime="20220729 11:41:13.636"/>
</kw>
<status status="PASS" starttime="20220729 11:41:13.631" endtime="20220729 11:41:13.636"/>
</iter>
<iter>
<var name="${website}">http://sedoparking.com/parking.php4?domain=www.discoveros.ru</var>
<kw name="Log To Console" library="BuiltIn">
<arg>${website}</arg>
<doc>Logs the given message to the console.</doc>
<status status="PASS" starttime="20220729 11:41:13.637" endtime="20220729 11:41:13.637"/>
</kw>
<kw name="Execute Javascript" library="SeleniumLibrary">
<arg>window.open("${website}")</arg>
<doc>Executes the given JavaScript code with possible arguments.</doc>
<msg timestamp="20220729 11:41:13.637" level="INFO">Executing JavaScript:
window.open("http://sedoparking.com/parking.php4?domain=www.discoveros.ru")
[...]
<kw name="Log To Console" library="BuiltIn">
<arg>${website}</arg>
<doc>Logs the given message to the console.</doc>
<status status="PASS" starttime="20220729 11:41:18.818" endtime="20220729 11:41:18.818"/>
</kw>
<kw name="Execute Javascript" library="SeleniumLibrary">
<arg>window.open("${website}")</arg>
<doc>Executes the given JavaScript code with possible arguments.</doc>
<msg timestamp="20220729 11:41:18.818" level="INFO">Executing JavaScript:
window.open("http://www.exit.org/")
Without any arguments.</msg>
<status status="PASS" starttime="20220729 11:41:18.818" endtime="20220729 11:41:18.824"/>
</kw>
<status status="PASS" starttime="20220729 11:41:18.818" endtime="20220729 11:41:18.825"/>
</iter>
<iter>
<var name="${website}">http://www.philippine-penpal-tour.com/intro6.html</var>
<kw name="Log To Console" library="BuiltIn">
<arg>${website}</arg>
<doc>Logs the given message to the console.</doc>
<status status="PASS" starttime="20220729 11:41:18.825" endtime="20220729 11:41:18.825"/>
</kw>
<kw name="Execute Javascript" library="SeleniumLibrary">
<arg>window.open("${website}")</arg>
<doc>Executes the given JavaScript code with possible arguments.</doc>
<msg timestamp="20220729 11:41:18.825" level="INFO">Executing JavaScript:
window.open("http://www.philippine-penpal-tour.com/intro6.html")
Without any arguments.</msg>
<status status="PASS" starttime="20220729 11:41:18.825" endtime="20220729 11:41:18.830"/>
</kw>
<status status="PASS" starttime="20220729 11:41:18.825" endtime="20220729 11:41:18.831"/>
</iter>
<iter>
<var name="${website}">http://www.loveofartusa.com/</var>
<kw name="Log To Console" library="BuiltIn">
<arg>${website}</arg>
<doc>Logs the given message to the console.</doc>
<status status="PASS" starttime="20220729 11:41:18.831" endtime="20220729 11:41:18.831"/>
</kw>
<kw name="Execute Javascript" library="SeleniumLibrary">
<arg>window.open("${website}")</arg>
<doc>Executes the given JavaScript code with possible arguments.</doc>
<msg timestamp="20220729 11:41:18.831" level="INFO">Executing JavaScript:
window.open("http://www.loveofartusa.com/")
Without any arguments.</msg>
<status status="PASS" starttime="20220729 11:41:18.831" endtime="20220729 11:41:18.836"/>
</kw>
<status status="PASS" starttime="20220729 11:41:18.831" endtime="20220729 11:41:18.836"/>
</iter>
<iter>
<var name="${website}">http://www.moonlizard.com/</var>
<kw name="Log To Console" library="BuiltIn">
<arg>${website}</arg>
<doc>Logs the given message to the console.</doc>
<status status="PASS" starttime="20220729 11:41:18.836" endtime="20220729 11:41:18.837"/>
</kw>
<kw name="Execute Javascript" library="SeleniumLibrary">
<arg>window.open("${website}")</arg>
<doc>Executes the given JavaScript code with possible arguments.</doc>
<msg timestamp="20220729 11:41:18.837" level="INFO">Executing JavaScript:
window.open("http://www.moonlizard.com/")
Without any arguments.</msg>
<status status="PASS" starttime="20220729 11:41:18.837" endtime="20220729 11:41:18.841"/>
</kw>
<status status="PASS" starttime="20220729 11:41:18.836" endtime="20220729 11:41:18.841"/>
</iter>
<iter>
<var name="${website}">http://www.echosrevenge.com/</var>
<kw name="Log To Console" library="BuiltIn">
<arg>${website}</arg>
<doc>Logs the given message to the console.</doc>
<status status="PASS" starttime="20220729 11:41:18.841" endtime="20220729 11:41:18.841"/>
</kw>
<kw name="Execute Javascript" library="SeleniumLibrary">
<arg>window.open("${website}")</arg>
<doc>Executes the given JavaScript code with possible arguments.</doc>
<msg timestamp="20220729 11:41:18.842" level="INFO">Executing JavaScript:
window.open("http://www.echosrevenge.com/")
Without any arguments.</msg>
<status status="PASS" starttime="20220729 11:41:18.841" endtime="20220729 11:41:18.846"/>
</kw>
<status status="PASS" starttime="20220729 11:41:18.841" endtime="20220729 11:41:18.846"/>
</iter>
<iter>
<var name="${website}">http://runner.splunk.com/adjs.php?n=992129491&amp;what=zone:1&amp;source=ostg-lb&amp;exclude=,&amp;referer=http%3A//sourceforge.net/search/</var>
<kw name="Log To Console" library="BuiltIn">
<arg>${website}</arg>
<doc>Logs the given message to the console.</doc>
<status status="PASS" starttime="20220729 11:41:18.846" endtime="20220729 11:41:18.846"/>
</kw>
<kw name="Execute Javascript" library="SeleniumLibrary">
<arg>window.open("${website}")</arg>
<doc>Executes the given JavaScript code with possible arguments.</doc>
<msg timestamp="20220729 11:41:18.847" level="INFO">Executing JavaScript:
window.open("http://runner.splunk.com/adjs.php?n=992129491&amp;what=zone:1&amp;source=ostg-lb&amp;exclude=,&amp;referer=http%3A//sourceforge.net/search/")
Without any arguments.</msg>
<status status="PASS" starttime="20220729 11:41:18.846" endtime="20220729 11:41:18.853"/>
</kw>
<status status="PASS" starttime="20220729 11:41:18.846" endtime="20220729 11:41:18.853"/>
</iter>
<iter>
<var name="${website}">http://www.buy-wii-online.com/</var>
<kw name="Log To Console" library="BuiltIn">
<arg>${website}</arg>
<doc>Logs the given message to the console.</doc>
<status status="PASS" starttime="20220729 11:41:18.853" endtime="20220729 11:41:18.853"/>
</kw>
<kw name="Execute Javascript" library="SeleniumLibrary">
<arg>window.open("${website}")</arg>
<doc>Executes the given JavaScript code with possible arguments.</doc>
<msg timestamp="20220729 11:41:18.853" level="INFO">Executing JavaScript:
window.open("http://www.buy-wii-online.com/")
Without any arguments.</msg>
<status status="PASS" starttime="20220729 11:41:18.853" endtime="20220729 11:41:18.859"/>
</kw>
<status status="PASS" starttime="20220729 11:41:18.853" endtime="20220729 11:41:18.859"/>
</iter>
<iter>
<var name="${website}">http://www.sexypants.com/</var>
<kw name="Log To Console" library="BuiltIn">
<arg>${website}</arg>
<doc>Logs the given message to the console.</doc>
<status status="PASS" starttime="20220729 11:41:18.859" endtime="20220729 11:41:18.860"/>
</kw>
<kw name="Execute Javascript" library="SeleniumLibrary">
<arg>window.open("${website}")</arg>
<doc>Executes the given JavaScript code with possible arguments.</doc>
<msg timestamp="20220729 11:41:18.860" level="INFO">Executing JavaScript:
window.open("http://www.sexypants.com/")
Without any arguments.</msg>
<status status="PASS" starttime="20220729 11:41:18.860" endtime="20220729 11:41:18.866"/>
</kw>
<status status="PASS" starttime="20220729 11:41:18.859" endtime="20220729 11:41:18.866"/>
</iter>
<iter>
<var name="${website}">http://www.stupidexe.com/</var>
<kw name="Log To Console" library="BuiltIn">
<arg>${website}</arg>
<doc>Logs the given message to the console.</doc>
<status status="PASS" starttime="20220729 11:41:18.866" endtime="20220729 11:41:18.866"/>
</kw>
<kw name="Execute Javascript" library="SeleniumLibrary">
<arg>window.open("${website}")</arg>
<doc>Executes the given JavaScript code with possible arguments.</doc>
<msg timestamp="20220729 11:41:18.866" level="INFO">Executing JavaScript:
window.open("http://www.stupidexe.com/")
Without any arguments.</msg>
<status status="PASS" starttime="20220729 11:41:18.866" endtime="20220729 11:41:18.871"/>
</kw>
<status status="PASS" starttime="20220729 11:41:18.866" endtime="20220729 11:41:18.871"/>
</iter>
<iter>
<var name="${website}">http://www.mouserunner.com/</var>
<kw name="Log To Console" library="BuiltIn">
<arg>${website}</arg>
<doc>Logs the given message to the console.</doc>
<status status="PASS" starttime="20220729 11:41:18.871" endtime="20220729 11:41:18.871"/>
</kw>
<kw name="Execute Javascript" library="SeleniumLibrary">
<arg>window.open("${website}")</arg>
<doc>Executes the given JavaScript code with possible arguments.</doc>
<msg timestamp="20220729 11:41:18.872" level="INFO">Executing JavaScript:
window.open("http://www.mouserunner.com/")
Without any arguments.</msg>
<status status="PASS" starttime="20220729 11:41:18.871" endtime="20220729 11:41:18.876"/>
</kw>
<status status="PASS" starttime="20220729 11:41:18.871" endtime="20220729 11:41:18.876"/>
</iter>
<iter>
<var name="${website}">http://www.yongmoon.com/</var>
<kw name="Log To Console" library="BuiltIn">
<arg>${website}</arg>
<doc>Logs the given message to the console.</doc>
<status status="PASS" starttime="20220729 11:41:18.876" endtime="20220729 11:41:18.876"/>
</kw>
<kw name="Execute Javascript" library="SeleniumLibrary">
<arg>window.open("${website}")</arg>
<doc>Executes the given JavaScript code with possible arguments.</doc>
<msg timestamp="20220729 11:41:18.877" level="INFO">Executing JavaScript:
window.open("http://www.yongmoon.com/")
Without any arguments.</msg>
<status status="PASS" starttime="20220729 11:41:18.877" endtime="20220729 11:41:18.881"/>
</kw>
<status status="PASS" starttime="20220729 11:41:18.876" endtime="20220729 11:41:18.881"/>
</iter>
<iter>
<var name="${website}">http://www.warezaholic.com/</var>
<kw name="Log To Console" library="BuiltIn">
<arg>${website}</arg>
<doc>Logs the given message to the console.</doc>
<status status="PASS" starttime="20220729 11:41:18.881" endtime="20220729 11:41:18.881"/>
</kw>
<kw name="Execute Javascript" library="SeleniumLibrary">
<arg>window.open("${website}")</arg>
<doc>Executes the given JavaScript code with possible arguments.</doc>
<msg timestamp="20220729 11:41:18.882" level="INFO">Executing JavaScript:
window.open("http://www.warezaholic.com/")
Without any arguments.</msg>
<status status="PASS" starttime="20220729 11:41:18.881" endtime="20220729 11:41:18.885"/>
</kw>
<status status="PASS" starttime="20220729 11:41:18.881" endtime="20220729 11:41:18.885"/>
</iter>
<iter>
<var name="${website}">http://www.zdaily.com/</var>
<kw name="Log To Console" library="BuiltIn">
<arg>${website}</arg>
<doc>Logs the given message to the console.</doc>
<status status="PASS" starttime="20220729 11:41:18.886" endtime="20220729 11:41:18.886"/>
</kw>
<kw name="Execute Javascript" library="SeleniumLibrary">
<arg>window.open("${website}")</arg>
<doc>Executes the given JavaScript code with possible arguments.</doc>
<msg timestamp="20220729 11:41:18.886" level="INFO">Executing JavaScript:
window.open("http://www.zdaily.com/")
Without any arguments.</msg>
<status status="PASS" starttime="20220729 11:41:18.886" endtime="20220729 11:41:18.892"/>
</kw>
<status status="PASS" starttime="20220729 11:41:18.886" endtime="20220729 11:41:18.892"/>
</iter>
<iter>
<var name="${website}">http://www.rogered.com/</var>
<kw name="Log To Console" library="BuiltIn">
<arg>${website}</arg>
<doc>Logs the given message to the console.</doc>
<status status="PASS" starttime="20220729 11:41:18.892" endtime="20220729 11:41:18.892"/>
</kw>
<kw name="Execute Javascript" library="SeleniumLibrary">
<arg>window.open("${website}")</arg>
<doc>Executes the given JavaScript code with possible arguments.</doc>
<msg timestamp="20220729 11:41:18.893" level="INFO">Executing JavaScript:
window.open("http://www.rogered.com/")
Without any arguments.</msg>
<status status="PASS" starttime="20220729 11:41:18.892" endtime="20220729 11:41:18.898"/>
</kw>
<status status="PASS" starttime="20220729 11:41:18.892" endtime="20220729 11:41:18.898"/>
</iter>
<iter>
<var name="${website}">http://www.sitandspinmagazine.com/</var>
<kw name="Log To Console" library="BuiltIn">
<arg>${website}</arg>
<doc>Logs the given message to the console.</doc>
<status status="PASS" starttime="20220729 11:41:18.898" endtime="20220729 11:41:18.898"/>
</kw>
<kw name="Execute Javascript" library="SeleniumLibrary">
<arg>window.open("${website}")</arg>
<doc>Executes the given JavaScript code with possible arguments.</doc>
<msg timestamp="20220729 11:41:18.899" level="INFO">Executing JavaScript:
window.open("http://www.sitandspinmagazine.com/")
Without any arguments.</msg>
<status status="PASS" starttime="20220729 11:41:18.898" endtime="20220729 11:41:18.905"/>
</kw>
<status status="PASS" starttime="20220729 11:41:18.898" endtime="20220729 11:41:18.905"/>
</iter>
<iter>
<var name="${website}">http://www.fiestalocaweb.tk/</var>
<kw name="Log To Console" library="BuiltIn">
<arg>${website}</arg>
<doc>Logs the given message to the console.</doc>
<status status="PASS" starttime="20220729 11:41:18.905" endtime="20220729 11:41:18.905"/>
</kw>
<kw name="Execute Javascript" library="SeleniumLibrary">
<arg>window.open("${website}")</arg>
<doc>Executes the given JavaScript code with possible arguments.</doc>
<msg timestamp="20220729 11:41:18.905" level="INFO">Executing JavaScript:
window.open("http://www.fiestalocaweb.tk/")
Without any arguments.</msg>
<status status="PASS" starttime="20220729 11:41:18.905" endtime="20220729 11:41:18.910"/>
</kw>
<status status="PASS" starttime="20220729 11:41:18.905" endtime="20220729 11:41:18.910"/>
</iter>
<iter>
<var name="${website}">http://www.crapspit.org/</var>
<kw name="Log To Console" library="BuiltIn">
<arg>${website}</arg>
<doc>Logs the given message to the console.</doc>
<status status="PASS" starttime="20220729 11:41:18.910" endtime="20220729 11:41:18.910"/>
</kw>
<kw name="Execute Javascript" library="SeleniumLibrary">
<arg>window.open("${website}")</arg>
<doc>Executes the given JavaScript code with possible arguments.</doc>
<msg timestamp="20220729 11:41:18.911" level="INFO">Executing JavaScript:
window.open("http://www.crapspit.org/")
Without any arguments.</msg>
<status status="PASS" starttime="20220729 11:41:18.910" endtime="20220729 11:41:18.915"/>
</kw>
<status status="PASS" starttime="20220729 11:41:18.910" endtime="20220729 11:41:18.915"/>
</iter>
<iter>
<var name="${website}">http://mana-of-paint.onediscussion.net/</var>
<kw name="Log To Console" library="BuiltIn">
<arg>${website}</arg>
<doc>Logs the given message to the console.</doc>
<status status="PASS" starttime="20220729 11:41:18.916" endtime="20220729 11:41:18.916"/>
</kw>
<kw name="Execute Javascript" library="SeleniumLibrary">
<arg>window.open("${website}")</arg>
<doc>Executes the given JavaScript code with possible arguments.</doc>
<msg timestamp="20220729 11:41:18.916" level="INFO">Executing JavaScript:
window.open("http://mana-of-paint.onediscussion.net/")
Without any arguments.</msg>
<status status="PASS" starttime="20220729 11:41:18.916" endtime="20220729 11:41:18.922"/>
</kw>
<status status="PASS" starttime="20220729 11:41:18.915" endtime="20220729 11:41:18.922"/>
</iter>
<iter>
<var name="${website}">http://www.battlefoundry.net/</var>
<kw name="Log To Console" library="BuiltIn">
<arg>${website}</arg>
<doc>Logs the given message to the console.</doc>
<status status="PASS" starttime="20220729 11:41:18.922" endtime="20220729 11:41:18.923"/>
</kw>
<kw name="Execute Javascript" library="SeleniumLibrary">
<arg>window.open("${website}")</arg>
<doc>Executes the given JavaScript code with possible arguments.</doc>
<msg timestamp="20220729 11:41:18.923" level="INFO">Executing JavaScript:
window.open("http://www.battlefoundry.net/")
Without any arguments.</msg>
<status status="PASS" starttime="20220729 11:41:18.923" endtime="20220729 11:41:18.928"/>
</kw>
<status status="PASS" starttime="20220729 11:41:18.922" endtime="20220729 11:41:18.928"/>
</iter>
<iter>
<var name="${website}">http://www.gamingindustrydirectory.com/</var>
<kw name="Log To Console" library="BuiltIn">
<arg>${website}</arg>
<doc>Logs the given message to the console.</doc>
<status status="PASS" starttime="20220729 11:41:18.928" endtime="20220729 11:41:18.929"/>
</kw>
<kw name="Execute Javascript" library="SeleniumLibrary">
<arg>window.open("${website}")</arg>
<doc>Executes the given JavaScript code with possible arguments.</doc>
<msg timestamp="20220729 11:41:18.929" level="INFO">Executing JavaScript:
window.open("http://www.gamingindustrydirectory.com/")
Without any arguments.</msg>
<status status="PASS" starttime="20220729 11:41:18.929" endtime="20220729 11:41:18.935"/>
</kw>
<status status="PASS" starttime="20220729 11:41:18.928" endtime="20220729 11:41:18.935"/>
</iter>
<iter>
<var name="${website}">http://www.barry.fireflyinternet.co.uk/</var>
<kw name="Log To Console" library="BuiltIn">
<arg>${website}</arg>
<doc>Logs the given message to the console.</doc>
<status status="PASS" starttime="20220729 11:41:18.935" endtime="20220729 11:41:18.935"/>
</kw>
<kw name="Execute Javascript" library="SeleniumLibrary">
<arg>window.open("${website}")</arg>
<doc>Executes the given JavaScript code with possible arguments.</doc>
<msg timestamp="20220729 11:41:18.935" level="INFO">Executing JavaScript:
window.open("http://www.barry.fireflyinternet.co.uk/")
Without any arguments.</msg>
<status status="PASS" starttime="20220729 11:41:18.935" endtime="20220729 11:41:18.939"/>
</kw>
<status status="PASS" starttime="20220729 11:41:18.935" endtime="20220729 11:41:18.939"/>
</iter>
<status status="PASS" starttime="20220729 11:41:18.341" endtime="20220729 11:41:18.939"/>
</for>
<kw name="Evaluate" library="BuiltIn">
<var>${counter}</var>
<arg>${counter}+1</arg>
<doc>Evaluates the given expression in Python and returns the result.</doc>
<msg timestamp="20220729 11:41:18.940" level="INFO">${counter} = 1</msg>
<status status="PASS" starttime="20220729 11:41:18.939" endtime="20220729 11:41:18.940"/>
</kw>
<kw name="Log To Console" library="BuiltIn">
<arg>${counter}</arg>
<doc>Logs the given message to the console.</doc>
<status status="PASS" starttime="20220729 11:41:18.940" endtime="20220729 11:41:18.940"/>
</kw>
<kw name="Log To Console" library="BuiltIn">
<arg>${from},${to},${user}</arg>
<doc>Logs the given message to the console.</doc>
<status status="PASS" starttime="20220729 11:41:18.940" endtime="20220729 11:41:18.940"/>
</kw>
<kw name="Sleep" library="BuiltIn">
<arg>10</arg>
<doc>Pauses the test executed for the given time.</doc>
<msg timestamp="20220729 11:41:28.942" level="INFO">Slept 10 seconds</msg>
<status status="PASS" starttime="20220729 11:41:18.940" endtime="20220729 11:41:28.943"/>
</kw>
<kw name="Close Browser" library="SeleniumLibrary">
<doc>Closes the current browser.</doc>
<status status="PASS" starttime="20220729 11:41:28.944" endtime="20220729 11:41:29.013"/>
</kw>
<status status="PASS" starttime="20220729 11:40:53.898" endtime="20220729 11:41:29.013"/>
</kw>
<kw name="Log To Console" library="BuiltIn">
<arg>1</arg>
<doc>Logs the given message to the console.</doc>
<status status="PASS" starttime="20220729 11:41:29.013" endtime="20220729 11:41:29.014"/>
</kw>
<status status="PASS" starttime="20220729 11:40:53.898" endtime="20220729 11:41:29.014"/>
</iter>
<status status="PASS" starttime="20220729 11:40:53.898" endtime="20220729 11:41:29.014"/>
</for>
<status status="PASS" starttime="20220729 11:40:53.896" endtime="20220729 11:41:29.014"/>
</test>
<status status="PASS" starttime="20220729 11:40:52.592" endtime="20220729 11:41:29.019"/>
</suite>
<doc>[https://pabot.org/?ref=log|Pabot] result from 10 executions.</doc>
<status status="PASS" starttime="20220729 11:40:52.559" endtime="20220729 11:41:32.114"/>
</suite>
<statistics>
<total>
<stat pass="10" fail="0" skip="0">All Tests</stat>
</total>
<tag>
</tag>
<suite>
<stat pass="10" fail="0" skip="0" id="s1" name="Dynamic">Dynamic</stat>
<stat pass="1" fail="0" skip="0" id="s1-s1" name="Traffic00">Dynamic.Traffic00</stat>
<stat pass="1" fail="0" skip="0" id="s1-s2" name="Traffic01">Dynamic.Traffic01</stat>
<stat pass="1" fail="0" skip="0" id="s1-s3" name="Traffic02">Dynamic.Traffic02</stat>
<stat pass="1" fail="0" skip="0" id="s1-s4" name="Traffic03">Dynamic.Traffic03</stat>
<stat pass="1" fail="0" skip="0" id="s1-s5" name="Traffic04">Dynamic.Traffic04</stat>
<stat pass="1" fail="0" skip="0" id="s1-s6" name="Traffic05">Dynamic.Traffic05</stat>
<stat pass="1" fail="0" skip="0" id="s1-s7" name="Traffic06">Dynamic.Traffic06</stat>
<stat pass="1" fail="0" skip="0" id="s1-s8" name="Traffic07">Dynamic.Traffic07</stat>
<stat pass="1" fail="0" skip="0" id="s1-s9" name="Traffic08">Dynamic.Traffic08</stat>
<stat pass="1" fail="0" skip="0" id="s1-s10" name="Traffic09">Dynamic.Traffic09</stat>
</suite>
</statistics>
<errors>
</errors>
</robot>
